2002.10.29 18:57 A c:\kiswadoe\unit_11\section_B\exercise01.html <-- lrrc3 d:/kiswahili/doe/unit_11/section_B exercise01.html
2002.10.29 18:57 A c:\kiswadoe\unit_11\section_B\exercise02.html <-- lrrc3 d:/kiswahili/doe/unit_11/section_B exercise02.html
2002.10.29 18:57 A c:\kiswadoe\unit_11\section_B\lesson01.asp <-- lrrc3 d:/kiswahili/doe/unit_11/section_B lesson01.asp
2002.10.29 18:57 A c:\kiswadoe\unit_11\section_B\lesson01.asp.bak <-- lrrc3 d:/kiswahili/doe/unit_11/section_B lesson01.asp.bak
2002.10.29 18:57 A c:\kiswadoe\unit_11\section_B\lesson02.asp <-- lrrc3 d:/kiswahili/doe/unit_11/section_B lesson02.asp
2002.10.29 18:57 A c:\kiswadoe\unit_11\section_B\lesson02.asp.bak <-- lrrc3 d:/kiswahili/doe/unit_11/section_B lesson02.asp.bak
2002.10.29 19:11 A c:\kiswadoe\unit_11\section_B\lesson01.asp --> lrrc3.plc.upenn.edu d:/kiswahili/doe/unit_11/section_B lesson01.asp
2002.10.29 19:11 A c:\kiswadoe\unit_11\section_B\lesson01.asp.bak --> lrrc3.plc.upenn.edu d:/kiswahili/doe/unit_11/section_B lesson01.asp.bak
2002.10.29 19:11 A c:\kiswadoe\unit_11\section_B\lesson02.asp --> lrrc3.plc.upenn.edu d:/kiswahili/doe/unit_11/section_B lesson02.asp
2002.10.29 19:11 A c:\kiswadoe\unit_11\section_B\lesson02.asp.bak --> lrrc3.plc.upenn.edu d:/kiswahili/doe/unit_11/section_B lesson02.asp.bak
2003.02.02 12:01 B D:\doe2\unit_11\section_B\WS_FTP.LOG <-- lrrc3 d:/kiswahili/doe/unit_11/section_B WS_FTP.LOG
2003.02.02 12:16 A D:\doe2\unit_11\section_B\exercise01.html --> www.uga.edu /usr/www/africa/public_html/Kiswahili/doe/unit_11/section_B exercise01.html
2003.02.02 12:16 A D:\doe2\unit_11\section_B\exercise02.html --> www.uga.edu /usr/www/africa/public_html/Kiswahili/doe/unit_11/section_B exercise02.html
2003.02.02 12:16 A D:\doe2\unit_11\section_B\lesson01.asp --> www.uga.edu /usr/www/africa/public_html/Kiswahili/doe/unit_11/section_B lesson01.asp
2003.02.02 12:16 A D:\doe2\unit_11\section_B\lesson01.asp.bak --> www.uga.edu /usr/www/africa/public_html/Kiswahili/doe/unit_11/section_B lesson01.asp.bak
2003.02.02 12:16 A D:\doe2\unit_11\section_B\lesson01.html --> www.uga.edu /usr/www/africa/public_html/Kiswahili/doe/unit_11/section_B lesson01.html
2003.02.02 12:16 A D:\doe2\unit_11\section_B\lesson01.html.bak --> www.uga.edu /usr/www/africa/public_html/Kiswahili/doe/unit_11/section_B lesson01.html.bak
2003.02.02 12:16 A D:\doe2\unit_11\section_B\lesson02.asp --> www.uga.edu /usr/www/africa/public_html/Kiswahili/doe/unit_11/section_B lesson02.asp
2003.02.02 12:16 A D:\doe2\unit_11\section_B\lesson02.asp.bak --> www.uga.edu /usr/www/africa/public_html/Kiswahili/doe/unit_11/section_B lesson02.asp.bak
2003.02.02 12:16 A D:\doe2\unit_11\section_B\lesson02.html --> www.uga.edu /usr/www/africa/public_html/Kiswahili/doe/unit_11/section_B lesson02.html
2003.02.02 12:16 A D:\doe2\unit_11\section_B\lesson02.html.bak --> www.uga.edu /usr/www/africa/public_html/Kiswahili/doe/unit_11/section_B lesson02.html.bak
