2002.12.02 14:06 A c:\kiko\asp\unit_18\section_A\lesson01.asp <-- lrrc3 d:/kiswahili/doe/unit_18/section_A lesson01.asp
2002.12.02 14:06 A c:\kiko\asp\unit_18\section_A\lesson02.asp <-- lrrc3 d:/kiswahili/doe/unit_18/section_A lesson02.asp
2002.12.02 14:14 A c:\kiko\asp\unit_18\section_A\lesson01.asp --> lrrc3.plc.upenn.edu d:/kiswahili/doe/unit_18/section_A lesson01.asp
2002.12.02 14:14 A c:\kiko\asp\unit_18\section_A\lesson01.asp.bak --> lrrc3.plc.upenn.edu d:/kiswahili/doe/unit_18/section_A lesson01.asp.bak
2002.12.02 14:14 A c:\kiko\asp\unit_18\section_A\lesson02.asp --> lrrc3.plc.upenn.edu d:/kiswahili/doe/unit_18/section_A lesson02.asp
2002.12.02 14:14 A c:\kiko\asp\unit_18\section_A\lesson02.asp.bak --> lrrc3.plc.upenn.edu d:/kiswahili/doe/unit_18/section_A lesson02.asp.bak
2002.12.02 14:18 B c:\kiko\asp\unit_18\section_A\WS_FTP.LOG <-- lrrc3 d:/kiswahili/doe/unit_18/section_A WS_FTP.LOG
2002.12.02 14:30 A c:\kiko\asp\unit_18\section_A\lesson01.asp --> lrrc3.plc.upenn.edu d:/kiswahili/doe/unit_18/section_A lesson01.asp
2002.12.02 14:30 A c:\kiko\asp\unit_18\section_A\lesson02.asp --> lrrc3.plc.upenn.edu d:/kiswahili/doe/unit_18/section_A lesson02.asp
2003.09.12 11:35 B D:\kiswahili\doe\unit_18\section_A\exercise01.html --> lrrc3.sas.upenn.edu C:/kiswahili/doe/unit_18/section_A exercise01.html
2003.09.12 11:35 B D:\kiswahili\doe\unit_18\section_A\exercise02.html --> lrrc3.sas.upenn.edu C:/kiswahili/doe/unit_18/section_A exercise02.html
2003.09.12 11:35 B D:\kiswahili\doe\unit_18\section_A\lesson01.asp --> lrrc3.sas.upenn.edu C:/kiswahili/doe/unit_18/section_A lesson01.asp
2003.09.12 11:35 B D:\kiswahili\doe\unit_18\section_A\lesson01.asp.bak --> lrrc3.sas.upenn.edu C:/kiswahili/doe/unit_18/section_A lesson01.asp.bak
2003.09.12 11:35 B D:\kiswahili\doe\unit_18\section_A\lesson02.asp --> lrrc3.sas.upenn.edu C:/kiswahili/doe/unit_18/section_A lesson02.asp
2003.09.12 11:35 B D:\kiswahili\doe\unit_18\section_A\lesson02.asp.bak --> lrrc3.sas.upenn.edu C:/kiswahili/doe/unit_18/section_A lesson02.asp.bak
2003.09.12 11:35 B D:\kiswahili\doe\unit_18\section_A\peleke1.html --> lrrc3.sas.upenn.edu C:/kiswahili/doe/unit_18/section_A peleke1.html
2003.09.12 11:35 B D:\kiswahili\doe\unit_18\section_A\peleke2.html --> lrrc3.sas.upenn.edu C:/kiswahili/doe/unit_18/section_A peleke2.html
2003.09.20 14:59 B D:\y3kiswahili\unit_18\section_A\WS_FTP.LOG <-- lrrc3 c:/kiswahili/doe/unit_18/section_A WS_FTP.LOG
2003.09.21 00:03 B D:\y3kiswahili\unit_18\section_A\exercise01.html --> www.uga.edu /usr/www/africa/public_html/Kiswahili/doe/unit_18/section_A exercise01.html
2003.09.21 00:03 B D:\y3kiswahili\unit_18\section_A\exercise02.html --> www.uga.edu /usr/www/africa/public_html/Kiswahili/doe/unit_18/section_A exercise02.html
2003.09.21 00:03 B D:\y3kiswahili\unit_18\section_A\lesson01.asp --> www.uga.edu /usr/www/africa/public_html/Kiswahili/doe/unit_18/section_A lesson01.asp
2003.09.21 00:03 B D:\y3kiswahili\unit_18\section_A\lesson01.html --> www.uga.edu /usr/www/africa/public_html/Kiswahili/doe/unit_18/section_A lesson01.html
2003.09.21 00:03 B D:\y3kiswahili\unit_18\section_A\lesson01a.html --> www.uga.edu /usr/www/africa/public_html/Kiswahili/doe/unit_18/section_A lesson01a.html
2003.09.21 00:03 B D:\y3kiswahili\unit_18\section_A\lesson02.asp --> www.uga.edu /usr/www/africa/public_html/Kiswahili/doe/unit_18/section_A lesson02.asp
2003.09.21 00:04 B D:\y3kiswahili\unit_18\section_A\lesson02.html --> www.uga.edu /usr/www/africa/public_html/Kiswahili/doe/unit_18/section_A lesson02.html
2003.09.21 00:04 B D:\y3kiswahili\unit_18\section_A\lesson02a.html --> www.uga.edu /usr/www/africa/public_html/Kiswahili/doe/unit_18/section_A lesson02a.html
2003.09.21 00:04 B D:\y3kiswahili\unit_18\section_A\peleke1.html --> www.uga.edu /usr/www/africa/public_html/Kiswahili/doe/unit_18/section_A peleke1.html
2003.09.21 00:04 B D:\y3kiswahili\unit_18\section_A\peleke2.html --> www.uga.edu /usr/www/africa/public_html/Kiswahili/doe/unit_18/section_A peleke2.html
