2002.12.02 14:06 A c:\kiko\asp\unit_15\section_B\lesson01.asp <-- lrrc3 d:/kiswahili/doe/unit_15/section_B lesson01.asp
2002.12.02 14:06 A c:\kiko\asp\unit_15\section_B\lesson02.asp <-- lrrc3 d:/kiswahili/doe/unit_15/section_B lesson02.asp
2002.12.02 14:14 A c:\kiko\asp\unit_15\section_B\lesson01.asp --> lrrc3.plc.upenn.edu d:/kiswahili/doe/unit_15/section_B lesson01.asp
2002.12.02 14:14 A c:\kiko\asp\unit_15\section_B\lesson01.asp.bak --> lrrc3.plc.upenn.edu d:/kiswahili/doe/unit_15/section_B lesson01.asp.bak
2002.12.02 14:14 A c:\kiko\asp\unit_15\section_B\lesson02.asp --> lrrc3.plc.upenn.edu d:/kiswahili/doe/unit_15/section_B lesson02.asp
2002.12.02 14:14 A c:\kiko\asp\unit_15\section_B\lesson02.asp.bak --> lrrc3.plc.upenn.edu d:/kiswahili/doe/unit_15/section_B lesson02.asp.bak
2002.12.02 14:17 B c:\kiko\asp\unit_15\section_B\WS_FTP.LOG <-- lrrc3 d:/kiswahili/doe/unit_15/section_B WS_FTP.LOG
2002.12.02 14:30 A c:\kiko\asp\unit_15\section_B\lesson01.asp --> lrrc3.plc.upenn.edu d:/kiswahili/doe/unit_15/section_B lesson01.asp
2002.12.02 14:30 A c:\kiko\asp\unit_15\section_B\lesson02.asp --> lrrc3.plc.upenn.edu d:/kiswahili/doe/unit_15/section_B lesson02.asp
2003.09.12 11:34 B D:\kiswahili\doe\unit_15\section_B\exercise01.html --> lrrc3.sas.upenn.edu C:/kiswahili/doe/unit_15/section_B exercise01.html
2003.09.12 11:34 B D:\kiswahili\doe\unit_15\section_B\exercise02.html --> lrrc3.sas.upenn.edu C:/kiswahili/doe/unit_15/section_B exercise02.html
2003.09.12 11:34 B D:\kiswahili\doe\unit_15\section_B\lesson01.asp --> lrrc3.sas.upenn.edu C:/kiswahili/doe/unit_15/section_B lesson01.asp
2003.09.12 11:34 B D:\kiswahili\doe\unit_15\section_B\lesson01.asp.bak --> lrrc3.sas.upenn.edu C:/kiswahili/doe/unit_15/section_B lesson01.asp.bak
2003.09.12 11:34 B D:\kiswahili\doe\unit_15\section_B\lesson02.asp --> lrrc3.sas.upenn.edu C:/kiswahili/doe/unit_15/section_B lesson02.asp
2003.09.12 11:34 B D:\kiswahili\doe\unit_15\section_B\lesson02.asp.bak --> lrrc3.sas.upenn.edu C:/kiswahili/doe/unit_15/section_B lesson02.asp.bak
2003.09.12 11:34 B D:\kiswahili\doe\unit_15\section_B\peleke3.html.bak --> lrrc3.sas.upenn.edu C:/kiswahili/doe/unit_15/section_B peleke3.html.bak
2003.09.12 11:34 B D:\kiswahili\doe\unit_15\section_B\peleke4.html --> lrrc3.sas.upenn.edu C:/kiswahili/doe/unit_15/section_B peleke4.html
2003.09.20 14:57 B D:\y3kiswahili\unit_15\section_B\WS_FTP.LOG <-- lrrc3 c:/kiswahili/doe/unit_15/section_B WS_FTP.LOG
2003.09.20 16:50 B D:\y3kiswahili\unit_15\section_B\exercise01.html --> www.uga.edu /usr/www/africa/public_html/Kiswahili/doe/unit_15/section_B exercise01.html
2003.09.20 16:50 B D:\y3kiswahili\unit_15\section_B\exercise02.html --> www.uga.edu /usr/www/africa/public_html/Kiswahili/doe/unit_15/section_B exercise02.html
2003.09.20 16:50 B D:\y3kiswahili\unit_15\section_B\lesson01.asp --> www.uga.edu /usr/www/africa/public_html/Kiswahili/doe/unit_15/section_B lesson01.asp
2003.09.20 16:50 B D:\y3kiswahili\unit_15\section_B\lesson01.html --> www.uga.edu /usr/www/africa/public_html/Kiswahili/doe/unit_15/section_B lesson01.html
2003.09.20 16:50 B D:\y3kiswahili\unit_15\section_B\lesson01a.html --> www.uga.edu /usr/www/africa/public_html/Kiswahili/doe/unit_15/section_B lesson01a.html
2003.09.20 16:50 B D:\y3kiswahili\unit_15\section_B\lesson02.asp --> www.uga.edu /usr/www/africa/public_html/Kiswahili/doe/unit_15/section_B lesson02.asp
2003.09.20 16:50 B D:\y3kiswahili\unit_15\section_B\lesson02.html --> www.uga.edu /usr/www/africa/public_html/Kiswahili/doe/unit_15/section_B lesson02.html
2003.09.20 16:50 B D:\y3kiswahili\unit_15\section_B\lesson02a.html --> www.uga.edu /usr/www/africa/public_html/Kiswahili/doe/unit_15/section_B lesson02a.html
2003.09.20 16:50 B D:\y3kiswahili\unit_15\section_B\peleke3.html --> www.uga.edu /usr/www/africa/public_html/Kiswahili/doe/unit_15/section_B peleke3.html
2003.09.20 16:50 B D:\y3kiswahili\unit_15\section_B\peleke4.html --> www.uga.edu /usr/www/africa/public_html/Kiswahili/doe/unit_15/section_B peleke4.html
