2002.12.02 14:05 A c:\kiko\asp\unit_14\section_C\lesson01.asp <-- lrrc3 d:/kiswahili/doe/unit_14/section_C lesson01.asp
2002.12.02 14:05 A c:\kiko\asp\unit_14\section_C\lesson02.asp <-- lrrc3 d:/kiswahili/doe/unit_14/section_C lesson02.asp
2002.12.02 14:12 A c:\kiko\asp\unit_14\section_C\lesson01.asp --> lrrc3.plc.upenn.edu d:/kiswahili/doe/unit_14/section_C lesson01.asp
2002.12.02 14:12 A c:\kiko\asp\unit_14\section_C\lesson01.asp.bak --> lrrc3.plc.upenn.edu d:/kiswahili/doe/unit_14/section_C lesson01.asp.bak
2003.09.12 11:34 B D:\kiswahili\doe\unit_14\section_C\exercise01.html --> lrrc3.sas.upenn.edu C:/kiswahili/doe/unit_14/section_C exercise01.html
2003.09.12 11:34 B D:\kiswahili\doe\unit_14\section_C\exercise02.html --> lrrc3.sas.upenn.edu C:/kiswahili/doe/unit_14/section_C exercise02.html
2003.09.12 11:34 B D:\kiswahili\doe\unit_14\section_C\lesson01.asp --> lrrc3.sas.upenn.edu C:/kiswahili/doe/unit_14/section_C lesson01.asp
2003.09.12 11:34 B D:\kiswahili\doe\unit_14\section_C\lesson01.asp.bak --> lrrc3.sas.upenn.edu C:/kiswahili/doe/unit_14/section_C lesson01.asp.bak
2003.09.12 11:34 B D:\kiswahili\doe\unit_14\section_C\lesson02.asp --> lrrc3.sas.upenn.edu C:/kiswahili/doe/unit_14/section_C lesson02.asp
2003.09.12 11:34 B D:\kiswahili\doe\unit_14\section_C\peleke5.html --> lrrc3.sas.upenn.edu C:/kiswahili/doe/unit_14/section_C peleke5.html
2003.09.12 11:34 B D:\kiswahili\doe\unit_14\section_C\peleke6.html --> lrrc3.sas.upenn.edu C:/kiswahili/doe/unit_14/section_C peleke6.html
2003.09.20 14:56 B D:\y3kiswahili\unit_14\section_C\WS_FTP.LOG <-- lrrc3 c:/kiswahili/doe/unit_14/section_C WS_FTP.LOG
2003.09.20 15:49 B D:\y3kiswahili\unit_14\section_C\exercise01.html --> www.uga.edu /usr/www/africa/public_html/Kiswahili/doe/unit_14/section_C exercise01.html
2003.09.20 15:49 B D:\y3kiswahili\unit_14\section_C\exercise02.html --> www.uga.edu /usr/www/africa/public_html/Kiswahili/doe/unit_14/section_C exercise02.html
2003.09.20 15:49 B D:\y3kiswahili\unit_14\section_C\lesson01.asp --> www.uga.edu /usr/www/africa/public_html/Kiswahili/doe/unit_14/section_C lesson01.asp
2003.09.20 15:49 B D:\y3kiswahili\unit_14\section_C\lesson01.asp.bak --> www.uga.edu /usr/www/africa/public_html/Kiswahili/doe/unit_14/section_C lesson01.asp.bak
2003.09.20 15:49 B D:\y3kiswahili\unit_14\section_C\lesson01.html --> www.uga.edu /usr/www/africa/public_html/Kiswahili/doe/unit_14/section_C lesson01.html
2003.09.20 15:49 B D:\y3kiswahili\unit_14\section_C\lesson01a.html --> www.uga.edu /usr/www/africa/public_html/Kiswahili/doe/unit_14/section_C lesson01a.html
2003.09.20 15:49 B D:\y3kiswahili\unit_14\section_C\lesson02.asp --> www.uga.edu /usr/www/africa/public_html/Kiswahili/doe/unit_14/section_C lesson02.asp
2003.09.20 15:49 B D:\y3kiswahili\unit_14\section_C\lesson02.html --> www.uga.edu /usr/www/africa/public_html/Kiswahili/doe/unit_14/section_C lesson02.html
2003.09.20 15:49 B D:\y3kiswahili\unit_14\section_C\lesson02a.html --> www.uga.edu /usr/www/africa/public_html/Kiswahili/doe/unit_14/section_C lesson02a.html
2003.09.20 15:49 B D:\y3kiswahili\unit_14\section_C\peleke5.html --> www.uga.edu /usr/www/africa/public_html/Kiswahili/doe/unit_14/section_C peleke5.html
2003.09.20 15:49 B D:\y3kiswahili\unit_14\section_C\peleke6.html --> www.uga.edu /usr/www/africa/public_html/Kiswahili/doe/unit_14/section_C peleke6.html
