2002.10.29 18:54 A c:\kiswadoe\unit_07\section_A\exercise01.html <-- lrrc3 d:/kiswahili/doe/unit_07/section_A exercise01.html
2002.10.29 18:54 A c:\kiswadoe\unit_07\section_A\exercise02.html <-- lrrc3 d:/kiswahili/doe/unit_07/section_A exercise02.html
2002.10.29 18:54 A c:\kiswadoe\unit_07\section_A\lesson01.asp <-- lrrc3 d:/kiswahili/doe/unit_07/section_A lesson01.asp
2002.10.29 18:54 A c:\kiswadoe\unit_07\section_A\lesson01.asp.bak <-- lrrc3 d:/kiswahili/doe/unit_07/section_A lesson01.asp.bak
2002.10.29 18:54 A c:\kiswadoe\unit_07\section_A\lesson02.asp <-- lrrc3 d:/kiswahili/doe/unit_07/section_A lesson02.asp
2002.10.29 18:54 A c:\kiswadoe\unit_07\section_A\lesson02.asp.bak <-- lrrc3 d:/kiswahili/doe/unit_07/section_A lesson02.asp.bak
2003.01.03 10:37 B D:\kiswahili\doe\unit_07\section_A\exercise01.html --> www.uga.edu /usr/www/africa/public_html/Kiswahili/doe/unit_07/section_A exercise01.html
2003.01.03 10:37 B D:\kiswahili\doe\unit_07\section_A\exercise02.html --> www.uga.edu /usr/www/africa/public_html/Kiswahili/doe/unit_07/section_A exercise02.html
2003.01.03 10:37 B D:\kiswahili\doe\unit_07\section_A\lesson01.asp --> www.uga.edu /usr/www/africa/public_html/Kiswahili/doe/unit_07/section_A lesson01.asp
2003.01.03 10:37 B D:\kiswahili\doe\unit_07\section_A\lesson01.asp.bak --> www.uga.edu /usr/www/africa/public_html/Kiswahili/doe/unit_07/section_A lesson01.asp.bak
2003.01.03 10:37 B D:\kiswahili\doe\unit_07\section_A\lesson01.html --> www.uga.edu /usr/www/africa/public_html/Kiswahili/doe/unit_07/section_A lesson01.html
2003.01.03 10:37 B D:\kiswahili\doe\unit_07\section_A\lesson02.asp --> www.uga.edu /usr/www/africa/public_html/Kiswahili/doe/unit_07/section_A lesson02.asp
2003.01.03 10:37 B D:\kiswahili\doe\unit_07\section_A\lesson02.asp.bak --> www.uga.edu /usr/www/africa/public_html/Kiswahili/doe/unit_07/section_A lesson02.asp.bak
2003.01.03 10:37 B D:\kiswahili\doe\unit_07\section_A\lesson02.html --> www.uga.edu /usr/www/africa/public_html/Kiswahili/doe/unit_07/section_A lesson02.html
2003.01.03 10:37 B D:\kiswahili\doe\unit_07\section_A\WS_FTP.LOG --> www.uga.edu /usr/www/africa/public_html/Kiswahili/doe/unit_07/section_A WS_FTP.LOG
2003.01.03 10:57 A D:\kiswahili\doe\unit_07\section_A\lesson01.html --> www.uga.edu /usr/www/africa/public_html/Kiswahili/doe/unit_07/section_A lesson01.html
2003.02.04 13:10 B D:\doe2\unit_07\section_A\WS_FTP.LOG <-- lrrc3 d:/kiswahili/doe/unit_07/section_A WS_FTP.LOG
2003.02.04 13:21 B D:\doe2\unit_07\section_A\exercise01.html --> www.uga.edu /usr/www/africa/public_html/Kiswahili/doe/unit_07/section_A exercise01.html
2003.02.04 13:21 B D:\doe2\unit_07\section_A\exercise02.html --> www.uga.edu /usr/www/africa/public_html/Kiswahili/doe/unit_07/section_A exercise02.html
2003.02.04 13:21 B D:\doe2\unit_07\section_A\lesson01.asp --> www.uga.edu /usr/www/africa/public_html/Kiswahili/doe/unit_07/section_A lesson01.asp
2003.02.04 13:21 B D:\doe2\unit_07\section_A\lesson01.asp.bak --> www.uga.edu /usr/www/africa/public_html/Kiswahili/doe/unit_07/section_A lesson01.asp.bak
2003.02.04 13:21 B D:\doe2\unit_07\section_A\lesson01.html --> www.uga.edu /usr/www/africa/public_html/Kiswahili/doe/unit_07/section_A lesson01.html
2003.02.04 13:21 B D:\doe2\unit_07\section_A\lesson01.html.bak --> www.uga.edu /usr/www/africa/public_html/Kiswahili/doe/unit_07/section_A lesson01.html.bak
2003.02.04 13:21 B D:\doe2\unit_07\section_A\lesson02.asp --> www.uga.edu /usr/www/africa/public_html/Kiswahili/doe/unit_07/section_A lesson02.asp
2003.02.04 13:21 B D:\doe2\unit_07\section_A\lesson02.asp.bak --> www.uga.edu /usr/www/africa/public_html/Kiswahili/doe/unit_07/section_A lesson02.asp.bak
2003.02.04 13:21 B D:\doe2\unit_07\section_A\lesson02.html --> www.uga.edu /usr/www/africa/public_html/Kiswahili/doe/unit_07/section_A lesson02.html
2003.02.04 13:21 B D:\doe2\unit_07\section_A\lesson02.html.bak --> www.uga.edu /usr/www/africa/public_html/Kiswahili/doe/unit_07/section_A lesson02.html.bak
