2001.12.10 10:37 B D:\doe\media\av\Unit05\Movies\fish\fish#1.gif <-- lrrc3 d:/kiswahili/doe/media/av/Unit05/Movies/fish fish#1.gif
2001.12.10 10:38 B D:\doe\media\av\Unit05\Movies\fish\fish#2.gif <-- lrrc3 d:/kiswahili/doe/media/av/Unit05/Movies/fish fish#2.gif
2001.12.10 10:38 B D:\doe\media\av\Unit05\Movies\fish\fish#3.gif <-- lrrc3 d:/kiswahili/doe/media/av/Unit05/Movies/fish fish#3.gif
2001.12.10 10:38 B D:\doe\media\av\Unit05\Movies\fish\fish#4.gif <-- lrrc3 d:/kiswahili/doe/media/av/Unit05/Movies/fish fish#4.gif
2001.12.10 10:38 B D:\doe\media\av\Unit05\Movies\fish\fish.mov <-- lrrc3 d:/kiswahili/doe/media/av/Unit05/Movies/fish fish.mov
2001.12.10 10:38 B D:\doe\media\av\Unit05\Movies\fish\u05l02a-fish.mov <-- lrrc3 d:/kiswahili/doe/media/av/Unit05/Movies/fish u05l02a-fish.mov
2002.01.24 10:39 B D:\doe1\media\av\Unit05\Movies\fish\fish#1.gif --> lrrc3.plc.upenn.edu d:/kiswahili/doe1/media/av/Unit05/Movies/fish fish#1.gif
2002.01.24 10:39 B D:\doe1\media\av\Unit05\Movies\fish\fish#2.gif --> lrrc3.plc.upenn.edu d:/kiswahili/doe1/media/av/Unit05/Movies/fish fish#2.gif
2002.01.24 10:39 B D:\doe1\media\av\Unit05\Movies\fish\fish#3.gif --> lrrc3.plc.upenn.edu d:/kiswahili/doe1/media/av/Unit05/Movies/fish fish#3.gif
2002.01.24 10:39 B D:\doe1\media\av\Unit05\Movies\fish\fish#4.gif --> lrrc3.plc.upenn.edu d:/kiswahili/doe1/media/av/Unit05/Movies/fish fish#4.gif
2002.01.24 10:39 B D:\doe1\media\av\Unit05\Movies\fish\fish.mov --> lrrc3.plc.upenn.edu d:/kiswahili/doe1/media/av/Unit05/Movies/fish fish.mov
2002.01.24 10:39 B D:\doe1\media\av\Unit05\Movies\fish\Thumbs.db --> lrrc3.plc.upenn.edu d:/kiswahili/doe1/media/av/Unit05/Movies/fish Thumbs.db
2002.01.24 10:39 B D:\doe1\media\av\Unit05\Movies\fish\u05l02a-fish.mov --> lrrc3.plc.upenn.edu d:/kiswahili/doe1/media/av/Unit05/Movies/fish u05l02a-fish.mov
2002.01.24 10:39 B D:\doe1\media\av\Unit05\Movies\fish\WS_FTP.LOG --> lrrc3.plc.upenn.edu d:/kiswahili/doe1/media/av/Unit05/Movies/fish WS_FTP.LOG
2002.03.25 14:43 B d:\doe1\media\av\Unit05\Movies\fish\fish-slide.mov --> www.uga.edu /usr/www/africa/public_html/Kiswahili/doe/media/av/Unit05/Movies/fish fish-slide.mov
2002.03.25 14:43 B d:\doe1\media\av\Unit05\Movies\fish\fish.mov --> www.uga.edu /usr/www/africa/public_html/Kiswahili/doe/media/av/Unit05/Movies/fish fish.mov
2002.03.25 14:43 B d:\doe1\media\av\Unit05\Movies\fish\fish_1.gif --> www.uga.edu /usr/www/africa/public_html/Kiswahili/doe/media/av/Unit05/Movies/fish fish_1.gif
2002.03.25 14:43 B d:\doe1\media\av\Unit05\Movies\fish\fish_2.gif --> www.uga.edu /usr/www/africa/public_html/Kiswahili/doe/media/av/Unit05/Movies/fish fish_2.gif
2002.03.25 14:43 B d:\doe1\media\av\Unit05\Movies\fish\fish_3.gif --> www.uga.edu /usr/www/africa/public_html/Kiswahili/doe/media/av/Unit05/Movies/fish fish_3.gif
2002.03.25 14:43 B d:\doe1\media\av\Unit05\Movies\fish\fish_4.gif --> www.uga.edu /usr/www/africa/public_html/Kiswahili/doe/media/av/Unit05/Movies/fish fish_4.gif
2002.03.25 14:43 B d:\doe1\media\av\Unit05\Movies\fish\Thumbs.db --> www.uga.edu /usr/www/africa/public_html/Kiswahili/doe/media/av/Unit05/Movies/fish Thumbs.db
2002.03.25 14:43 B d:\doe1\media\av\Unit05\Movies\fish\u05l02a-fish.mov --> www.uga.edu /usr/www/africa/public_html/Kiswahili/doe/media/av/Unit05/Movies/fish u05l02a-fish.mov
