2002.12.02 12:02 A c:\kiko\unit_13\index.html <-- lrrc3 d:/kiswahili/doe/unit_12 index.html
2002.12.02 12:02 A c:\kiko\unit_13\index.html --> lrrc3.plc.upenn.edu d:/kiswahili/doe/unit_13 index.html
2002.12.02 12:02 A c:\kiko\unit_13\WS_FTP.LOG --> lrrc3.plc.upenn.edu d:/kiswahili/doe/unit_13 WS_FTP.LOG
2002.12.02 12:12 A c:\kiko\unit_13\index.html --> lrrc3.plc.upenn.edu d:/kiswahili/doe/unit_13 index.html
2002.12.02 12:18 A c:\kiko\unit_14\index.html --> lrrc3.plc.upenn.edu d:/kiswahili/doe/unit_14 index.html
2002.12.02 12:18 A c:\kiko\unit_14\WS_FTP.LOG --> lrrc3.plc.upenn.edu d:/kiswahili/doe/unit_14 WS_FTP.LOG
2002.12.02 12:57 A c:\kiko\unit_15\index.html --> lrrc3.plc.upenn.edu d:/kiswahili/doe/unit_15 index.html
2002.12.02 12:57 A c:\kiko\unit_15\WS_FTP.LOG --> lrrc3.plc.upenn.edu d:/kiswahili/doe/unit_15 WS_FTP.LOG
2002.12.02 13:02 A c:\kiko\unit_16\index.html --> lrrc3.plc.upenn.edu d:/kiswahili/doe/unit_16 index.html
2002.12.02 14:06 A c:\kiko\asp\unit_16\WS_FTP.LOG <-- lrrc3 d:/kiswahili/doe/unit_16 WS_FTP.LOG
2002.12.02 14:17 B c:\kiko\asp\unit_16\WS_FTP.LOG <-- lrrc3 d:/kiswahili/doe/unit_16 WS_FTP.LOG
2003.09.12 11:34 B D:\kiswahili\doe\unit_16\diagnostic.html --> lrrc3.sas.upenn.edu C:/kiswahili/doe/unit_16 diagnostic.html
2003.09.12 11:34 B D:\kiswahili\doe\unit_16\glossary.asp --> lrrc3.sas.upenn.edu C:/kiswahili/doe/unit_16 glossary.asp
2003.09.12 11:34 B D:\kiswahili\doe\unit_16\index.html --> lrrc3.sas.upenn.edu C:/kiswahili/doe/unit_16 index.html
2003.09.12 11:34 B D:\kiswahili\doe\unit_16\u16c.html --> lrrc3.sas.upenn.edu C:/kiswahili/doe/unit_16 u16c.html
2003.09.12 11:34 B D:\kiswahili\doe\unit_16\u16g.html --> lrrc3.sas.upenn.edu C:/kiswahili/doe/unit_16 u16g.html
2003.09.20 14:58 B D:\y3kiswahili\unit_16\WS_FTP.LOG <-- lrrc3 c:/kiswahili/doe/unit_16 WS_FTP.LOG
2003.09.20 17:23 B D:\y3kiswahili\unit_16\diagnostic.html --> www.uga.edu /usr/www/africa/public_html/Kiswahili/doe/unit_16 diagnostic.html
2003.09.20 17:23 B D:\y3kiswahili\unit_16\glossary.asp --> www.uga.edu /usr/www/africa/public_html/Kiswahili/doe/unit_16 glossary.asp
2003.09.20 17:23 B D:\y3kiswahili\unit_16\glossary.html --> www.uga.edu /usr/www/africa/public_html/Kiswahili/doe/unit_16 glossary.html
2003.09.20 17:23 B D:\y3kiswahili\unit_16\index.html --> www.uga.edu /usr/www/africa/public_html/Kiswahili/doe/unit_16 index.html
2003.09.20 17:23 B D:\y3kiswahili\unit_16\index.html.bak --> www.uga.edu /usr/www/africa/public_html/Kiswahili/doe/unit_16 index.html.bak
2003.09.20 17:23 B D:\y3kiswahili\unit_16\page1.jpg --> www.uga.edu /usr/www/africa/public_html/Kiswahili/doe/unit_16 page1.jpg
2003.09.20 17:23 B D:\y3kiswahili\unit_16\page2.jpg --> www.uga.edu /usr/www/africa/public_html/Kiswahili/doe/unit_16 page2.jpg
2003.09.20 17:23 B D:\y3kiswahili\unit_16\u16c.html --> www.uga.edu /usr/www/africa/public_html/Kiswahili/doe/unit_16 u16c.html
2003.09.20 17:23 B D:\y3kiswahili\unit_16\u16g.html --> www.uga.edu /usr/www/africa/public_html/Kiswahili/doe/unit_16 u16g.html
