2002.01.24 10:45 B D:\doe1\unit_05\diagnostic.html --> lrrc3.plc.upenn.edu d:/kiswahili/doe1/unit_05 diagnostic.html
2002.01.24 10:45 B D:\doe1\unit_05\diagnostic2.html --> lrrc3.plc.upenn.edu d:/kiswahili/doe1/unit_05 diagnostic2.html
2002.01.24 10:45 B D:\doe1\unit_05\fish.gif --> lrrc3.plc.upenn.edu d:/kiswahili/doe1/unit_05 fish.gif
2002.01.24 10:45 B D:\doe1\unit_05\glossary.html --> lrrc3.plc.upenn.edu d:/kiswahili/doe1/unit_05 glossary.html
2002.01.24 10:45 B D:\doe1\unit_05\index.html --> lrrc3.plc.upenn.edu d:/kiswahili/doe1/unit_05 index.html
2002.01.24 10:45 B D:\doe1\unit_05\postoffice.gif --> lrrc3.plc.upenn.edu d:/kiswahili/doe1/unit_05 postoffice.gif
2002.01.24 10:45 B D:\doe1\unit_05\unit5culture.html --> lrrc3.plc.upenn.edu d:/kiswahili/doe1/unit_05 unit5culture.html
2002.01.24 10:45 B D:\doe1\unit_05\unit5grammar.html --> lrrc3.plc.upenn.edu d:/kiswahili/doe1/unit_05 unit5grammar.html
2002.01.24 16:24 A D:\doe1\unit_05\WS_FTP.LOG --> lrrc3.plc.upenn.edu d:/kiswahili/doe1/unit_05 WS_FTP.LOG
2002.01.25 11:21 A d:\doe1\unit_05\unit5grammar.html <-- larrc c:/ unit5grammar.html
2002.01.25 11:56 A D:\doe1\unit_05\unit5grammar-old.html --> lrrc3.plc.upenn.edu d:/kiswahili/doe1/unit_05 unit5grammar-old.html
2002.01.25 11:56 A D:\doe1\unit_05\unit5grammar.html --> lrrc3.plc.upenn.edu d:/kiswahili/doe1/unit_05 unit5grammar.html
2002.01.25 11:56 A D:\doe1\unit_05\WS_FTP.LOG --> lrrc3.plc.upenn.edu d:/kiswahili/doe1/unit_05 WS_FTP.LOG
2002.02.14 11:11 A d:\doe1\unit_05\diagnostic.html --> lrrc3.plc.upenn.edu d:/kiswahili/doe1/unit_05 diagnostic.html
2002.02.14 11:11 A d:\doe1\unit_05\diagnostic.html.bak --> lrrc3.plc.upenn.edu d:/kiswahili/doe1/unit_05 diagnostic.html.bak
2002.02.14 11:11 A d:\doe1\unit_05\diagnostic2.html --> lrrc3.plc.upenn.edu d:/kiswahili/doe1/unit_05 diagnostic2.html
2002.02.14 11:11 A d:\doe1\unit_05\diagnostic2.html.bak --> lrrc3.plc.upenn.edu d:/kiswahili/doe1/unit_05 diagnostic2.html.bak
2002.02.14 11:11 A d:\doe1\unit_05\glossary.html --> lrrc3.plc.upenn.edu d:/kiswahili/doe1/unit_05 glossary.html
2002.02.14 11:11 A d:\doe1\unit_05\glossary.html.bak --> lrrc3.plc.upenn.edu d:/kiswahili/doe1/unit_05 glossary.html.bak
2002.02.14 11:11 A d:\doe1\unit_05\index.html --> lrrc3.plc.upenn.edu d:/kiswahili/doe1/unit_05 index.html
2002.02.14 11:11 A d:\doe1\unit_05\index.html.bak --> lrrc3.plc.upenn.edu d:/kiswahili/doe1/unit_05 index.html.bak
2002.02.18 14:40 A d:\doe1\unit_05\index.html --> lrrc3.plc.upenn.edu d:/kiswahili/doe1/unit_05 index.html
2002.03.25 14:37 B d:\doe1\unit_05\diagnostic.html --> www.uga.edu /usr/www/africa/public_html/Kiswahili/doe/unit_05 diagnostic.html
2002.03.25 14:37 B d:\doe1\unit_05\diagnostic.html.bak --> www.uga.edu /usr/www/africa/public_html/Kiswahili/doe/unit_05 diagnostic.html.bak
2002.03.25 14:37 B d:\doe1\unit_05\diagnostic2.html --> www.uga.edu /usr/www/africa/public_html/Kiswahili/doe/unit_05 diagnostic2.html
2002.03.25 14:37 B d:\doe1\unit_05\diagnostic2.html.bak --> www.uga.edu /usr/www/africa/public_html/Kiswahili/doe/unit_05 diagnostic2.html.bak
2002.03.25 14:37 B d:\doe1\unit_05\fish.gif --> www.uga.edu /usr/www/africa/public_html/Kiswahili/doe/unit_05 fish.gif
2002.03.25 14:37 B d:\doe1\unit_05\glossary.html --> www.uga.edu /usr/www/africa/public_html/Kiswahili/doe/unit_05 glossary.html
2002.03.25 14:37 B d:\doe1\unit_05\glossary.html.bak --> www.uga.edu /usr/www/africa/public_html/Kiswahili/doe/unit_05 glossary.html.bak
2002.03.25 14:37 B d:\doe1\unit_05\index.html --> www.uga.edu /usr/www/africa/public_html/Kiswahili/doe/unit_05 index.html
2002.03.25 14:37 B d:\doe1\unit_05\index.html.bak --> www.uga.edu /usr/www/africa/public_html/Kiswahili/doe/unit_05 index.html.bak
2002.03.25 14:37 B d:\doe1\unit_05\postoffice.gif --> www.uga.edu /usr/www/africa/public_html/Kiswahili/doe/unit_05 postoffice.gif
2002.03.25 14:37 B d:\doe1\unit_05\unit5culture.html --> www.uga.edu /usr/www/africa/public_html/Kiswahili/doe/unit_05 unit5culture.html
2002.03.25 14:37 B d:\doe1\unit_05\unit5grammar-old.html --> www.uga.edu /usr/www/africa/public_html/Kiswahili/doe/unit_05 unit5grammar-old.html
2002.03.25 14:37 B d:\doe1\unit_05\unit5grammar.html --> www.uga.edu /usr/www/africa/public_html/Kiswahili/doe/unit_05 unit5grammar.html
