2002.10.29 18:57 A c:\kiswadoe\unit_12\section_C\exercise01.html <-- lrrc3 d:/kiswahili/doe/unit_12/section_C exercise01.html
2002.10.29 18:57 A c:\kiswadoe\unit_12\section_C\exercise02.html <-- lrrc3 d:/kiswahili/doe/unit_12/section_C exercise02.html
2002.10.29 18:57 A c:\kiswadoe\unit_12\section_C\lesson01.asp <-- lrrc3 d:/kiswahili/doe/unit_12/section_C lesson01.asp
2002.10.29 18:57 A c:\kiswadoe\unit_12\section_C\lesson01.asp.bak <-- lrrc3 d:/kiswahili/doe/unit_12/section_C lesson01.asp.bak
2002.10.29 18:57 A c:\kiswadoe\unit_12\section_C\lesson02.asp <-- lrrc3 d:/kiswahili/doe/unit_12/section_C lesson02.asp
2002.10.29 18:57 A c:\kiswadoe\unit_12\section_C\lesson02.asp.bak <-- lrrc3 d:/kiswahili/doe/unit_12/section_C lesson02.asp.bak
2002.10.29 19:12 A c:\kiswadoe\unit_12\section_C\lesson01.asp --> lrrc3.plc.upenn.edu d:/kiswahili/doe/unit_12/section_C lesson01.asp
2002.10.29 19:12 A c:\kiswadoe\unit_12\section_C\lesson01.asp.bak --> lrrc3.plc.upenn.edu d:/kiswahili/doe/unit_12/section_C lesson01.asp.bak
2002.10.29 19:12 A c:\kiswadoe\unit_12\section_C\lesson02.asp --> lrrc3.plc.upenn.edu d:/kiswahili/doe/unit_12/section_C lesson02.asp
2002.10.29 19:13 A c:\kiswadoe\unit_12\section_C\lesson02.asp.bak --> lrrc3.plc.upenn.edu d:/kiswahili/doe/unit_12/section_C lesson02.asp.bak
2003.02.02 12:02 B D:\doe2\unit_12\section_C\WS_FTP.LOG <-- lrrc3 d:/kiswahili/doe/unit_12/section_C WS_FTP.LOG
2003.02.02 12:18 A D:\doe2\unit_12\section_C\exercise01.html --> www.uga.edu /usr/www/africa/public_html/Kiswahili/doe/unit_12/section_C exercise01.html
2003.02.02 12:18 A D:\doe2\unit_12\section_C\exercise02.html --> www.uga.edu /usr/www/africa/public_html/Kiswahili/doe/unit_12/section_C exercise02.html
2003.02.02 12:18 A D:\doe2\unit_12\section_C\lesson01.asp --> www.uga.edu /usr/www/africa/public_html/Kiswahili/doe/unit_12/section_C lesson01.asp
2003.02.02 12:18 A D:\doe2\unit_12\section_C\lesson01.asp.bak --> www.uga.edu /usr/www/africa/public_html/Kiswahili/doe/unit_12/section_C lesson01.asp.bak
2003.02.02 12:18 A D:\doe2\unit_12\section_C\lesson01.html --> www.uga.edu /usr/www/africa/public_html/Kiswahili/doe/unit_12/section_C lesson01.html
2003.02.02 12:18 A D:\doe2\unit_12\section_C\lesson01.html.bak --> www.uga.edu /usr/www/africa/public_html/Kiswahili/doe/unit_12/section_C lesson01.html.bak
2003.02.02 12:18 A D:\doe2\unit_12\section_C\lesson02.asp --> www.uga.edu /usr/www/africa/public_html/Kiswahili/doe/unit_12/section_C lesson02.asp
2003.02.02 12:18 A D:\doe2\unit_12\section_C\lesson02.asp.bak --> www.uga.edu /usr/www/africa/public_html/Kiswahili/doe/unit_12/section_C lesson02.asp.bak
2003.02.02 12:18 A D:\doe2\unit_12\section_C\lesson02.html --> www.uga.edu /usr/www/africa/public_html/Kiswahili/doe/unit_12/section_C lesson02.html
2003.02.02 12:18 A D:\doe2\unit_12\section_C\lesson02.html.bak --> www.uga.edu /usr/www/africa/public_html/Kiswahili/doe/unit_12/section_C lesson02.html.bak
