2002.01.24 10:44 B D:\doe1\unit_03\diagnostic.html --> lrrc3.plc.upenn.edu d:/kiswahili/doe1/unit_03 diagnostic.html
2002.01.24 10:44 B D:\doe1\unit_03\diagnostic2.html --> lrrc3.plc.upenn.edu d:/kiswahili/doe1/unit_03 diagnostic2.html
2002.01.24 10:44 B D:\doe1\unit_03\diagnostic2a.html --> lrrc3.plc.upenn.edu d:/kiswahili/doe1/unit_03 diagnostic2a.html
2002.01.24 10:44 B D:\doe1\unit_03\glossary.html --> lrrc3.plc.upenn.edu d:/kiswahili/doe1/unit_03 glossary.html
2002.01.24 10:44 B D:\doe1\unit_03\index.html --> lrrc3.plc.upenn.edu d:/kiswahili/doe1/unit_03 index.html
2002.01.24 10:44 B D:\doe1\unit_03\unit3culture.html --> lrrc3.plc.upenn.edu d:/kiswahili/doe1/unit_03 unit3culture.html
2002.01.24 10:44 B D:\doe1\unit_03\unit3grammar.html --> lrrc3.plc.upenn.edu d:/kiswahili/doe1/unit_03 unit3grammar.html
2002.01.24 16:24 A D:\doe1\unit_03\WS_FTP.LOG --> lrrc3.plc.upenn.edu d:/kiswahili/doe1/unit_03 WS_FTP.LOG
2002.02.14 11:10 A d:\doe1\unit_03\diagnostic.html --> lrrc3.plc.upenn.edu d:/kiswahili/doe1/unit_03 diagnostic.html
2002.02.14 11:10 A d:\doe1\unit_03\diagnostic.html.bak --> lrrc3.plc.upenn.edu d:/kiswahili/doe1/unit_03 diagnostic.html.bak
2002.02.14 11:10 A d:\doe1\unit_03\diagnostic2.html --> lrrc3.plc.upenn.edu d:/kiswahili/doe1/unit_03 diagnostic2.html
2002.02.14 11:10 A d:\doe1\unit_03\diagnostic2.html.bak --> lrrc3.plc.upenn.edu d:/kiswahili/doe1/unit_03 diagnostic2.html.bak
2002.02.14 11:10 A d:\doe1\unit_03\diagnostic2a.html --> lrrc3.plc.upenn.edu d:/kiswahili/doe1/unit_03 diagnostic2a.html
2002.02.14 11:10 A d:\doe1\unit_03\diagnostic2a.html.bak --> lrrc3.plc.upenn.edu d:/kiswahili/doe1/unit_03 diagnostic2a.html.bak
2002.02.14 11:10 A d:\doe1\unit_03\glossary.html --> lrrc3.plc.upenn.edu d:/kiswahili/doe1/unit_03 glossary.html
2002.02.14 11:10 A d:\doe1\unit_03\glossary.html.bak --> lrrc3.plc.upenn.edu d:/kiswahili/doe1/unit_03 glossary.html.bak
2002.02.14 11:10 A d:\doe1\unit_03\index.html --> lrrc3.plc.upenn.edu d:/kiswahili/doe1/unit_03 index.html
2002.02.14 11:10 A d:\doe1\unit_03\index.html.bak --> lrrc3.plc.upenn.edu d:/kiswahili/doe1/unit_03 index.html.bak
2002.02.18 14:38 A d:\doe1\unit_03\diagnostic2a.html --> lrrc3.plc.upenn.edu d:/kiswahili/doe1/unit_03 diagnostic2a.html
2002.03.25 14:35 B d:\doe1\unit_03\diagnostic.html --> www.uga.edu /usr/www/africa/public_html/Kiswahili/doe/unit_03 diagnostic.html
2002.03.25 14:35 B d:\doe1\unit_03\diagnostic.html.bak --> www.uga.edu /usr/www/africa/public_html/Kiswahili/doe/unit_03 diagnostic.html.bak
2002.03.25 14:35 B d:\doe1\unit_03\diagnostic2.html --> www.uga.edu /usr/www/africa/public_html/Kiswahili/doe/unit_03 diagnostic2.html
2002.03.25 14:35 B d:\doe1\unit_03\diagnostic2.html.bak --> www.uga.edu /usr/www/africa/public_html/Kiswahili/doe/unit_03 diagnostic2.html.bak
2002.03.25 14:35 B d:\doe1\unit_03\diagnostic2a.html --> www.uga.edu /usr/www/africa/public_html/Kiswahili/doe/unit_03 diagnostic2a.html
2002.03.25 14:35 B d:\doe1\unit_03\diagnostic2a.html.bak --> www.uga.edu /usr/www/africa/public_html/Kiswahili/doe/unit_03 diagnostic2a.html.bak
2002.03.25 14:35 B d:\doe1\unit_03\glossary.html --> www.uga.edu /usr/www/africa/public_html/Kiswahili/doe/unit_03 glossary.html
2002.03.25 14:35 B d:\doe1\unit_03\glossary.html.bak --> www.uga.edu /usr/www/africa/public_html/Kiswahili/doe/unit_03 glossary.html.bak
2002.03.25 14:35 B d:\doe1\unit_03\index.html --> www.uga.edu /usr/www/africa/public_html/Kiswahili/doe/unit_03 index.html
2002.03.25 14:35 B d:\doe1\unit_03\index.html.bak --> www.uga.edu /usr/www/africa/public_html/Kiswahili/doe/unit_03 index.html.bak
2002.03.25 14:35 B d:\doe1\unit_03\unit3culture.html --> www.uga.edu /usr/www/africa/public_html/Kiswahili/doe/unit_03 unit3culture.html
2002.03.25 14:35 B d:\doe1\unit_03\unit3grammar.html --> www.uga.edu /usr/www/africa/public_html/Kiswahili/doe/unit_03 unit3grammar.html
