2002.01.24 10:44 B D:\doe1\unit_04\12-3-6-9.gif --> lrrc3.plc.upenn.edu d:/kiswahili/doe1/unit_04 12-3-6-9.gif
2002.01.24 10:44 B D:\doe1\unit_04\animclock.gif --> lrrc3.plc.upenn.edu d:/kiswahili/doe1/unit_04 animclock.gif
2002.01.24 10:44 B D:\doe1\unit_04\animclock1.gif --> lrrc3.plc.upenn.edu d:/kiswahili/doe1/unit_04 animclock1.gif
2002.01.24 10:44 B D:\doe1\unit_04\cocacola.gif --> lrrc3.plc.upenn.edu d:/kiswahili/doe1/unit_04 cocacola.gif
2002.01.24 10:44 B D:\doe1\unit_04\conran.gif --> lrrc3.plc.upenn.edu d:/kiswahili/doe1/unit_04 conran.gif
2002.01.24 10:44 B D:\doe1\unit_04\diagnostic.html --> lrrc3.plc.upenn.edu d:/kiswahili/doe1/unit_04 diagnostic.html
2002.01.24 10:44 B D:\doe1\unit_04\diagnostic2.html --> lrrc3.plc.upenn.edu d:/kiswahili/doe1/unit_04 diagnostic2.html
2002.01.24 10:44 B D:\doe1\unit_04\glossary.html --> lrrc3.plc.upenn.edu d:/kiswahili/doe1/unit_04 glossary.html
2002.01.24 10:44 B D:\doe1\unit_04\index.html --> lrrc3.plc.upenn.edu d:/kiswahili/doe1/unit_04 index.html
2002.01.24 10:44 B D:\doe1\unit_04\microhour.gif --> lrrc3.plc.upenn.edu d:/kiswahili/doe1/unit_04 microhour.gif
2002.01.24 10:44 B D:\doe1\unit_04\rlwy-hour.gif --> lrrc3.plc.upenn.edu d:/kiswahili/doe1/unit_04 rlwy-hour.gif
2002.01.24 10:44 B D:\doe1\unit_04\roman.gif --> lrrc3.plc.upenn.edu d:/kiswahili/doe1/unit_04 roman.gif
2002.01.24 10:44 B D:\doe1\unit_04\school.gif --> lrrc3.plc.upenn.edu d:/kiswahili/doe1/unit_04 school.gif
2002.01.24 10:44 B D:\doe1\unit_04\Thumbs.db --> lrrc3.plc.upenn.edu d:/kiswahili/doe1/unit_04 Thumbs.db
2002.01.24 10:44 B D:\doe1\unit_04\unit4culture.html --> lrrc3.plc.upenn.edu d:/kiswahili/doe1/unit_04 unit4culture.html
2002.01.24 10:44 B D:\doe1\unit_04\unit4grammar.html --> lrrc3.plc.upenn.edu d:/kiswahili/doe1/unit_04 unit4grammar.html
2002.01.24 16:24 A D:\doe1\unit_04\WS_FTP.LOG --> lrrc3.plc.upenn.edu d:/kiswahili/doe1/unit_04 WS_FTP.LOG
2002.01.25 11:21 A d:\doe1\unit_04\unit4grammar.html <-- larrc c:/ unit4grammar.html
2002.01.25 11:56 A D:\doe1\unit_04\unit4grammar-old.html --> lrrc3.plc.upenn.edu d:/kiswahili/doe1/unit_04 unit4grammar-old.html
2002.01.25 11:56 A D:\doe1\unit_04\unit4grammar.html --> lrrc3.plc.upenn.edu d:/kiswahili/doe1/unit_04 unit4grammar.html
2002.01.25 11:56 A D:\doe1\unit_04\WS_FTP.LOG --> lrrc3.plc.upenn.edu d:/kiswahili/doe1/unit_04 WS_FTP.LOG
2002.02.14 11:11 A d:\doe1\unit_04\diagnostic.html --> lrrc3.plc.upenn.edu d:/kiswahili/doe1/unit_04 diagnostic.html
2002.02.14 11:11 A d:\doe1\unit_04\diagnostic.html.bak --> lrrc3.plc.upenn.edu d:/kiswahili/doe1/unit_04 diagnostic.html.bak
2002.02.14 11:11 A d:\doe1\unit_04\diagnostic2.html --> lrrc3.plc.upenn.edu d:/kiswahili/doe1/unit_04 diagnostic2.html
2002.02.14 11:11 A d:\doe1\unit_04\diagnostic2.html.bak --> lrrc3.plc.upenn.edu d:/kiswahili/doe1/unit_04 diagnostic2.html.bak
2002.02.14 11:11 A d:\doe1\unit_04\glossary.html --> lrrc3.plc.upenn.edu d:/kiswahili/doe1/unit_04 glossary.html
2002.02.14 11:11 A d:\doe1\unit_04\glossary.html.bak --> lrrc3.plc.upenn.edu d:/kiswahili/doe1/unit_04 glossary.html.bak
2002.02.14 11:11 A d:\doe1\unit_04\index.html --> lrrc3.plc.upenn.edu d:/kiswahili/doe1/unit_04 index.html
2002.02.14 11:11 A d:\doe1\unit_04\index.html.bak --> lrrc3.plc.upenn.edu d:/kiswahili/doe1/unit_04 index.html.bak
2002.03.25 14:37 B d:\doe1\unit_04\12-3-6-9.gif --> www.uga.edu /usr/www/africa/public_html/Kiswahili/doe/unit_04 12-3-6-9.gif
2002.03.25 14:37 B d:\doe1\unit_04\animclock.gif --> www.uga.edu /usr/www/africa/public_html/Kiswahili/doe/unit_04 animclock.gif
2002.03.25 14:37 B d:\doe1\unit_04\animclock1.gif --> www.uga.edu /usr/www/africa/public_html/Kiswahili/doe/unit_04 animclock1.gif
2002.03.25 14:37 B d:\doe1\unit_04\cocacola.gif --> www.uga.edu /usr/www/africa/public_html/Kiswahili/doe/unit_04 cocacola.gif
2002.03.25 14:37 B d:\doe1\unit_04\conran.gif --> www.uga.edu /usr/www/africa/public_html/Kiswahili/doe/unit_04 conran.gif
2002.03.25 14:37 B d:\doe1\unit_04\diagnostic.html --> www.uga.edu /usr/www/africa/public_html/Kiswahili/doe/unit_04 diagnostic.html
2002.03.25 14:37 B d:\doe1\unit_04\diagnostic.html.bak --> www.uga.edu /usr/www/africa/public_html/Kiswahili/doe/unit_04 diagnostic.html.bak
2002.03.25 14:37 B d:\doe1\unit_04\diagnostic2.html --> www.uga.edu /usr/www/africa/public_html/Kiswahili/doe/unit_04 diagnostic2.html
2002.03.25 14:37 B d:\doe1\unit_04\diagnostic2.html.bak --> www.uga.edu /usr/www/africa/public_html/Kiswahili/doe/unit_04 diagnostic2.html.bak
2002.03.25 14:37 B d:\doe1\unit_04\glossary.html --> www.uga.edu /usr/www/africa/public_html/Kiswahili/doe/unit_04 glossary.html
2002.03.25 14:37 B d:\doe1\unit_04\glossary.html.bak --> www.uga.edu /usr/www/africa/public_html/Kiswahili/doe/unit_04 glossary.html.bak
2002.03.25 14:37 B d:\doe1\unit_04\index.html --> www.uga.edu /usr/www/africa/public_html/Kiswahili/doe/unit_04 index.html
2002.03.25 14:37 B d:\doe1\unit_04\index.html.bak --> www.uga.edu /usr/www/africa/public_html/Kiswahili/doe/unit_04 index.html.bak
2002.03.25 14:37 B d:\doe1\unit_04\microhour.gif --> www.uga.edu /usr/www/africa/public_html/Kiswahili/doe/unit_04 microhour.gif
2002.03.25 14:37 B d:\doe1\unit_04\rlwy-hour.gif --> www.uga.edu /usr/www/africa/public_html/Kiswahili/doe/unit_04 rlwy-hour.gif
2002.03.25 14:37 B d:\doe1\unit_04\roman.gif --> www.uga.edu /usr/www/africa/public_html/Kiswahili/doe/unit_04 roman.gif
2002.03.25 14:37 B d:\doe1\unit_04\school.gif --> www.uga.edu /usr/www/africa/public_html/Kiswahili/doe/unit_04 school.gif
2002.03.25 14:37 B d:\doe1\unit_04\Thumbs.db --> www.uga.edu /usr/www/africa/public_html/Kiswahili/doe/unit_04 Thumbs.db
2002.03.25 14:37 B d:\doe1\unit_04\unit4culture.html --> www.uga.edu /usr/www/africa/public_html/Kiswahili/doe/unit_04 unit4culture.html
2002.03.25 14:37 B d:\doe1\unit_04\unit4grammar-old.html --> www.uga.edu /usr/www/africa/public_html/Kiswahili/doe/unit_04 unit4grammar-old.html
2002.03.25 14:37 B d:\doe1\unit_04\unit4grammar.html --> www.uga.edu /usr/www/africa/public_html/Kiswahili/doe/unit_04 unit4grammar.html
