2002.01.16 15:26 B D:\doe\media\av\Unit06\Movies\six\six.mov <-- larrc h:/doe/media/av/Unit06/Movies/six six.mov
2002.01.16 15:26 B D:\doe\media\av\Unit06\Movies\six\six01.jpg <-- larrc h:/doe/media/av/Unit06/Movies/six six01.jpg
2002.01.16 15:26 B D:\doe\media\av\Unit06\Movies\six\six02.jpg <-- larrc h:/doe/media/av/Unit06/Movies/six six02.jpg
2002.01.16 15:26 B D:\doe\media\av\Unit06\Movies\six\six03.jpg <-- larrc h:/doe/media/av/Unit06/Movies/six six03.jpg
2002.01.16 15:26 B D:\doe\media\av\Unit06\Movies\six\u06l05a.mov <-- larrc h:/doe/media/av/Unit06/Movies/six u06l05a.mov
2002.01.16 15:26 B D:\doe\media\av\Unit06\Movies\six\u06l06a.mov <-- larrc h:/doe/media/av/Unit06/Movies/six u06l06a.mov
2002.01.16 15:28 B D:\doe\media\av\Unit06\Movies\six\u06l05a.mov <-- larrc h:/doe/media/av/Unit06/Movies/six u06l05a.mov
2002.01.16 15:28 B D:\doe\media\av\Unit06\Movies\six\u06l06a.mov <-- larrc h:/doe/media/av/Unit06/Movies/six u06l06a.mov
2002.01.24 10:41 B D:\doe1\media\av\Unit06\Movies\six\six.mov --> lrrc3.plc.upenn.edu d:/kiswahili/doe1/media/av/Unit06/Movies/six six.mov
2002.01.24 10:41 B D:\doe1\media\av\Unit06\Movies\six\six01.jpg --> lrrc3.plc.upenn.edu d:/kiswahili/doe1/media/av/Unit06/Movies/six six01.jpg
2002.01.24 10:41 B D:\doe1\media\av\Unit06\Movies\six\six02.jpg --> lrrc3.plc.upenn.edu d:/kiswahili/doe1/media/av/Unit06/Movies/six six02.jpg
2002.01.24 10:41 B D:\doe1\media\av\Unit06\Movies\six\six03.jpg --> lrrc3.plc.upenn.edu d:/kiswahili/doe1/media/av/Unit06/Movies/six six03.jpg
2002.01.24 10:41 B D:\doe1\media\av\Unit06\Movies\six\u06l05a.mov --> lrrc3.plc.upenn.edu d:/kiswahili/doe1/media/av/Unit06/Movies/six u06l05a.mov
2002.01.24 10:41 B D:\doe1\media\av\Unit06\Movies\six\u06l06a.mov --> lrrc3.plc.upenn.edu d:/kiswahili/doe1/media/av/Unit06/Movies/six u06l06a.mov
2002.01.24 10:41 B D:\doe1\media\av\Unit06\Movies\six\WS_FTP.LOG --> lrrc3.plc.upenn.edu d:/kiswahili/doe1/media/av/Unit06/Movies/six WS_FTP.LOG
2002.03.25 14:47 B d:\doe1\media\av\Unit06\Movies\six\six-slide.mov --> www.uga.edu /usr/www/africa/public_html/Kiswahili/doe/media/av/Unit06/Movies/six six-slide.mov
2002.03.25 14:47 B d:\doe1\media\av\Unit06\Movies\six\six.mov --> www.uga.edu /usr/www/africa/public_html/Kiswahili/doe/media/av/Unit06/Movies/six six.mov
2002.03.25 14:47 B d:\doe1\media\av\Unit06\Movies\six\six01.jpg --> www.uga.edu /usr/www/africa/public_html/Kiswahili/doe/media/av/Unit06/Movies/six six01.jpg
2002.03.25 14:47 B d:\doe1\media\av\Unit06\Movies\six\six02.jpg --> www.uga.edu /usr/www/africa/public_html/Kiswahili/doe/media/av/Unit06/Movies/six six02.jpg
2002.03.25 14:47 B d:\doe1\media\av\Unit06\Movies\six\six03.jpg --> www.uga.edu /usr/www/africa/public_html/Kiswahili/doe/media/av/Unit06/Movies/six six03.jpg
2002.03.25 14:47 B d:\doe1\media\av\Unit06\Movies\six\u06l05a.mov --> www.uga.edu /usr/www/africa/public_html/Kiswahili/doe/media/av/Unit06/Movies/six u06l05a.mov
2002.03.25 14:47 B d:\doe1\media\av\Unit06\Movies\six\u06l06a.mov --> www.uga.edu /usr/www/africa/public_html/Kiswahili/doe/media/av/Unit06/Movies/six u06l06a.mov
