2001.11.20 01:30 B d:\doe\media\av\Unit05\Movies\fruits.mov <-- larrc c:/kiswapic/fruits fruits.mov
2001.11.20 01:34 B d:\doe\media\av\Unit05\Movies\fruits01.gif <-- larrc c:/kiswapic/fruits fruits01.gif
2001.11.20 01:34 B d:\doe\media\av\Unit05\Movies\fruits02.gif <-- larrc c:/kiswapic/fruits fruits02.gif
2001.11.20 01:34 B d:\doe\media\av\Unit05\Movies\fruits03.gif <-- larrc c:/kiswapic/fruits fruits03.gif
2001.11.20 01:34 B d:\doe\media\av\Unit05\Movies\fruits04.gif <-- larrc c:/kiswapic/fruits fruits04.gif
2001.11.20 01:34 B d:\doe\media\av\Unit05\Movies\fruits05.gif <-- larrc c:/kiswapic/fruits fruits05.gif
2001.11.20 01:34 B d:\doe\media\av\Unit05\Movies\fruits06.gif <-- larrc c:/kiswapic/fruits fruits06.gif
2001.11.20 01:34 B d:\doe\media\av\Unit05\Movies\fruits07.gif <-- larrc c:/kiswapic/fruits fruits07.gif
2001.11.20 01:34 B d:\doe\media\av\Unit05\Movies\first.wav <-- larrc c:/kiswapic/fruits first.wav
2002.01.24 10:40 B D:\doe1\media\av\Unit05\Movies\first.wav --> lrrc3.plc.upenn.edu d:/kiswahili/doe1/media/av/Unit05/Movies first.wav
2002.01.24 10:40 B D:\doe1\media\av\Unit05\Movies\fruits.mov --> lrrc3.plc.upenn.edu d:/kiswahili/doe1/media/av/Unit05/Movies fruits.mov
2002.01.24 10:40 B D:\doe1\media\av\Unit05\Movies\fruits01.gif --> lrrc3.plc.upenn.edu d:/kiswahili/doe1/media/av/Unit05/Movies fruits01.gif
2002.01.24 10:40 B D:\doe1\media\av\Unit05\Movies\fruits02.gif --> lrrc3.plc.upenn.edu d:/kiswahili/doe1/media/av/Unit05/Movies fruits02.gif
2002.01.24 10:40 B D:\doe1\media\av\Unit05\Movies\fruits03.gif --> lrrc3.plc.upenn.edu d:/kiswahili/doe1/media/av/Unit05/Movies fruits03.gif
2002.01.24 10:40 B D:\doe1\media\av\Unit05\Movies\fruits04.gif --> lrrc3.plc.upenn.edu d:/kiswahili/doe1/media/av/Unit05/Movies fruits04.gif
2002.01.24 10:40 B D:\doe1\media\av\Unit05\Movies\fruits05.gif --> lrrc3.plc.upenn.edu d:/kiswahili/doe1/media/av/Unit05/Movies fruits05.gif
2002.01.24 10:40 B D:\doe1\media\av\Unit05\Movies\fruits06.gif --> lrrc3.plc.upenn.edu d:/kiswahili/doe1/media/av/Unit05/Movies fruits06.gif
2002.01.24 10:40 B D:\doe1\media\av\Unit05\Movies\fruits07.gif --> lrrc3.plc.upenn.edu d:/kiswahili/doe1/media/av/Unit05/Movies fruits07.gif
2002.01.24 10:40 B D:\doe1\media\av\Unit05\Movies\u05l01a.mov --> lrrc3.plc.upenn.edu d:/kiswahili/doe1/media/av/Unit05/Movies u05l01a.mov
2002.01.24 10:40 B D:\doe1\media\av\Unit05\Movies\u05l01b.mov --> lrrc3.plc.upenn.edu d:/kiswahili/doe1/media/av/Unit05/Movies u05l01b.mov
2002.01.24 10:40 B D:\doe1\media\av\Unit05\Movies\u05l01c.mov --> lrrc3.plc.upenn.edu d:/kiswahili/doe1/media/av/Unit05/Movies u05l01c.mov
2002.01.24 10:40 B D:\doe1\media\av\Unit05\Movies\u05l01d.mov --> lrrc3.plc.upenn.edu d:/kiswahili/doe1/media/av/Unit05/Movies u05l01d.mov
2002.01.24 10:40 B D:\doe1\media\av\Unit05\Movies\u05l01e.mov --> lrrc3.plc.upenn.edu d:/kiswahili/doe1/media/av/Unit05/Movies u05l01e.mov
2002.01.24 10:40 B D:\doe1\media\av\Unit05\Movies\u05l01f.mov --> lrrc3.plc.upenn.edu d:/kiswahili/doe1/media/av/Unit05/Movies u05l01f.mov
2002.01.24 10:40 B D:\doe1\media\av\Unit05\Movies\u05l01g.mov --> lrrc3.plc.upenn.edu d:/kiswahili/doe1/media/av/Unit05/Movies u05l01g.mov
2002.01.24 10:40 B D:\doe1\media\av\Unit05\Movies\u05l01h.mov --> lrrc3.plc.upenn.edu d:/kiswahili/doe1/media/av/Unit05/Movies u05l01h.mov
2002.01.24 10:40 B D:\doe1\media\av\Unit05\Movies\u05l01i.mov --> lrrc3.plc.upenn.edu d:/kiswahili/doe1/media/av/Unit05/Movies u05l01i.mov
2002.01.24 10:40 B D:\doe1\media\av\Unit05\Movies\u05l01j.mov --> lrrc3.plc.upenn.edu d:/kiswahili/doe1/media/av/Unit05/Movies u05l01j.mov
2002.01.24 10:40 B D:\doe1\media\av\Unit05\Movies\u05l02a.mov --> lrrc3.plc.upenn.edu d:/kiswahili/doe1/media/av/Unit05/Movies u05l02a.mov
2002.01.24 10:40 B D:\doe1\media\av\Unit05\Movies\u05l02b.mov --> lrrc3.plc.upenn.edu d:/kiswahili/doe1/media/av/Unit05/Movies u05l02b.mov
2002.01.24 10:40 B D:\doe1\media\av\Unit05\Movies\u05l03a.mov --> lrrc3.plc.upenn.edu d:/kiswahili/doe1/media/av/Unit05/Movies u05l03a.mov
2002.01.24 10:40 B D:\doe1\media\av\Unit05\Movies\u05l03aold.mov --> lrrc3.plc.upenn.edu d:/kiswahili/doe1/media/av/Unit05/Movies u05l03aold.mov
2002.01.24 10:40 B D:\doe1\media\av\Unit05\Movies\u05l04a.mov --> lrrc3.plc.upenn.edu d:/kiswahili/doe1/media/av/Unit05/Movies u05l04a.mov
2002.01.24 10:40 B D:\doe1\media\av\Unit05\Movies\u11l02c.mov --> lrrc3.plc.upenn.edu d:/kiswahili/doe1/media/av/Unit05/Movies u11l02c.mov
2002.01.24 10:41 B D:\doe1\media\av\Unit05\Movies\u11l02d.mov --> lrrc3.plc.upenn.edu d:/kiswahili/doe1/media/av/Unit05/Movies u11l02d.mov
2002.01.24 10:41 B D:\doe1\media\av\Unit05\Movies\WS_FTP.LOG --> lrrc3.plc.upenn.edu d:/kiswahili/doe1/media/av/Unit05/Movies WS_FTP.LOG
2002.03.25 14:44 B d:\doe1\media\av\Unit05\Movies\first.wav --> www.uga.edu /usr/www/africa/public_html/Kiswahili/doe/media/av/Unit05/Movies first.wav
2002.03.25 14:44 B d:\doe1\media\av\Unit05\Movies\fruits-slide.mov --> www.uga.edu /usr/www/africa/public_html/Kiswahili/doe/media/av/Unit05/Movies fruits-slide.mov
2002.03.25 14:44 B d:\doe1\media\av\Unit05\Movies\fruits.mov --> www.uga.edu /usr/www/africa/public_html/Kiswahili/doe/media/av/Unit05/Movies fruits.mov
2002.03.25 14:44 B d:\doe1\media\av\Unit05\Movies\fruits01.gif --> www.uga.edu /usr/www/africa/public_html/Kiswahili/doe/media/av/Unit05/Movies fruits01.gif
2002.03.25 14:44 B d:\doe1\media\av\Unit05\Movies\fruits02.gif --> www.uga.edu /usr/www/africa/public_html/Kiswahili/doe/media/av/Unit05/Movies fruits02.gif
2002.03.25 14:44 B d:\doe1\media\av\Unit05\Movies\fruits03.gif --> www.uga.edu /usr/www/africa/public_html/Kiswahili/doe/media/av/Unit05/Movies fruits03.gif
2002.03.25 14:44 B d:\doe1\media\av\Unit05\Movies\fruits04.gif --> www.uga.edu /usr/www/africa/public_html/Kiswahili/doe/media/av/Unit05/Movies fruits04.gif
2002.03.25 14:44 B d:\doe1\media\av\Unit05\Movies\fruits05.gif --> www.uga.edu /usr/www/africa/public_html/Kiswahili/doe/media/av/Unit05/Movies fruits05.gif
2002.03.25 14:44 B d:\doe1\media\av\Unit05\Movies\fruits06.gif --> www.uga.edu /usr/www/africa/public_html/Kiswahili/doe/media/av/Unit05/Movies fruits06.gif
2002.03.25 14:44 B d:\doe1\media\av\Unit05\Movies\fruits07.gif --> www.uga.edu /usr/www/africa/public_html/Kiswahili/doe/media/av/Unit05/Movies fruits07.gif
2002.03.25 14:44 B d:\doe1\media\av\Unit05\Movies\u05l01a.mov --> www.uga.edu /usr/www/africa/public_html/Kiswahili/doe/media/av/Unit05/Movies u05l01a.mov
2002.03.25 14:44 B d:\doe1\media\av\Unit05\Movies\u05l01b.mov --> www.uga.edu /usr/www/africa/public_html/Kiswahili/doe/media/av/Unit05/Movies u05l01b.mov
2002.03.25 14:44 B d:\doe1\media\av\Unit05\Movies\u05l01c.mov --> www.uga.edu /usr/www/africa/public_html/Kiswahili/doe/media/av/Unit05/Movies u05l01c.mov
2002.03.25 14:44 B d:\doe1\media\av\Unit05\Movies\u05l01d.mov --> www.uga.edu /usr/www/africa/public_html/Kiswahili/doe/media/av/Unit05/Movies u05l01d.mov
2002.03.25 14:44 B d:\doe1\media\av\Unit05\Movies\u05l01e.mov --> www.uga.edu /usr/www/africa/public_html/Kiswahili/doe/media/av/Unit05/Movies u05l01e.mov
2002.03.25 14:44 B d:\doe1\media\av\Unit05\Movies\u05l01f.mov --> www.uga.edu /usr/www/africa/public_html/Kiswahili/doe/media/av/Unit05/Movies u05l01f.mov
2002.03.25 14:44 B d:\doe1\media\av\Unit05\Movies\u05l01g.mov --> www.uga.edu /usr/www/africa/public_html/Kiswahili/doe/media/av/Unit05/Movies u05l01g.mov
2002.03.25 14:45 B d:\doe1\media\av\Unit05\Movies\u05l01h.mov --> www.uga.edu /usr/www/africa/public_html/Kiswahili/doe/media/av/Unit05/Movies u05l01h.mov
2002.03.25 14:45 B d:\doe1\media\av\Unit05\Movies\u05l01i.mov --> www.uga.edu /usr/www/africa/public_html/Kiswahili/doe/media/av/Unit05/Movies u05l01i.mov
2002.03.25 14:45 B d:\doe1\media\av\Unit05\Movies\u05l01j.mov --> www.uga.edu /usr/www/africa/public_html/Kiswahili/doe/media/av/Unit05/Movies u05l01j.mov
2002.03.25 14:45 B d:\doe1\media\av\Unit05\Movies\u05l02a.mov --> www.uga.edu /usr/www/africa/public_html/Kiswahili/doe/media/av/Unit05/Movies u05l02a.mov
2002.03.25 14:45 B d:\doe1\media\av\Unit05\Movies\u05l02b.mov --> www.uga.edu /usr/www/africa/public_html/Kiswahili/doe/media/av/Unit05/Movies u05l02b.mov
2002.03.25 14:45 B d:\doe1\media\av\Unit05\Movies\u05l03a.mov --> www.uga.edu /usr/www/africa/public_html/Kiswahili/doe/media/av/Unit05/Movies u05l03a.mov
2002.03.25 14:45 B d:\doe1\media\av\Unit05\Movies\u05l03aold.mov --> www.uga.edu /usr/www/africa/public_html/Kiswahili/doe/media/av/Unit05/Movies u05l03aold.mov
2002.03.25 14:45 B d:\doe1\media\av\Unit05\Movies\u05l04a.mov --> www.uga.edu /usr/www/africa/public_html/Kiswahili/doe/media/av/Unit05/Movies u05l04a.mov
2002.03.25 14:45 B d:\doe1\media\av\Unit05\Movies\u11l02c.mov --> www.uga.edu /usr/www/africa/public_html/Kiswahili/doe/media/av/Unit05/Movies u11l02c.mov
2002.03.25 14:45 B d:\doe1\media\av\Unit05\Movies\u11l02d.mov --> www.uga.edu /usr/www/africa/public_html/Kiswahili/doe/media/av/Unit05/Movies u11l02d.mov
