2002.12.02 12:02 A c:\kiko\unit_13\index.html <-- lrrc3 d:/kiswahili/doe/unit_12 index.html
2002.12.02 12:02 A c:\kiko\unit_13\index.html --> lrrc3.plc.upenn.edu d:/kiswahili/doe/unit_13 index.html
2002.12.02 12:02 A c:\kiko\unit_13\WS_FTP.LOG --> lrrc3.plc.upenn.edu d:/kiswahili/doe/unit_13 WS_FTP.LOG
2002.12.02 12:12 A c:\kiko\unit_13\index.html --> lrrc3.plc.upenn.edu d:/kiswahili/doe/unit_13 index.html
2002.12.02 12:18 A c:\kiko\unit_14\index.html --> lrrc3.plc.upenn.edu d:/kiswahili/doe/unit_14 index.html
2002.12.02 12:18 A c:\kiko\unit_14\WS_FTP.LOG --> lrrc3.plc.upenn.edu d:/kiswahili/doe/unit_14 WS_FTP.LOG
2002.12.02 12:57 A c:\kiko\unit_15\index.html --> lrrc3.plc.upenn.edu d:/kiswahili/doe/unit_15 index.html
2002.12.02 14:06 A c:\kiko\asp\unit_15\WS_FTP.LOG <-- lrrc3 d:/kiswahili/doe/unit_15 WS_FTP.LOG
2002.12.02 14:17 B c:\kiko\asp\unit_15\WS_FTP.LOG <-- lrrc3 d:/kiswahili/doe/unit_15 WS_FTP.LOG
2003.09.12 11:34 B D:\kiswahili\doe\unit_15\diagnostic.html --> lrrc3.sas.upenn.edu C:/kiswahili/doe/unit_15 diagnostic.html
2003.09.12 11:34 B D:\kiswahili\doe\unit_15\glossary.asp --> lrrc3.sas.upenn.edu C:/kiswahili/doe/unit_15 glossary.asp
2003.09.12 11:34 B D:\kiswahili\doe\unit_15\index.html --> lrrc3.sas.upenn.edu C:/kiswahili/doe/unit_15 index.html
2003.09.12 11:34 B D:\kiswahili\doe\unit_15\u15c.html --> lrrc3.sas.upenn.edu C:/kiswahili/doe/unit_15 u15c.html
2003.09.12 11:34 B D:\kiswahili\doe\unit_15\u15g.html --> lrrc3.sas.upenn.edu C:/kiswahili/doe/unit_15 u15g.html
2003.09.20 14:57 B D:\y3kiswahili\unit_15\WS_FTP.LOG <-- lrrc3 c:/kiswahili/doe/unit_15 WS_FTP.LOG
2003.09.20 16:50 B D:\y3kiswahili\unit_15\diagnostic.html --> www.uga.edu /usr/www/africa/public_html/Kiswahili/doe/unit_15 diagnostic.html
2003.09.20 16:50 B D:\y3kiswahili\unit_15\glossary.asp --> www.uga.edu /usr/www/africa/public_html/Kiswahili/doe/unit_15 glossary.asp
2003.09.20 16:50 B D:\y3kiswahili\unit_15\glossary.html --> www.uga.edu /usr/www/africa/public_html/Kiswahili/doe/unit_15 glossary.html
2003.09.20 16:50 B D:\y3kiswahili\unit_15\index.html --> www.uga.edu /usr/www/africa/public_html/Kiswahili/doe/unit_15 index.html
2003.09.20 16:50 B D:\y3kiswahili\unit_15\index.html.bak --> www.uga.edu /usr/www/africa/public_html/Kiswahili/doe/unit_15 index.html.bak
2003.09.20 16:50 B D:\y3kiswahili\unit_15\page1.jpg --> www.uga.edu /usr/www/africa/public_html/Kiswahili/doe/unit_15 page1.jpg
2003.09.20 16:51 B D:\y3kiswahili\unit_15\page2.jpg --> www.uga.edu /usr/www/africa/public_html/Kiswahili/doe/unit_15 page2.jpg
2003.09.20 16:51 B D:\y3kiswahili\unit_15\u15c.html --> www.uga.edu /usr/www/africa/public_html/Kiswahili/doe/unit_15 u15c.html
2003.09.20 16:51 B D:\y3kiswahili\unit_15\u15g.html --> www.uga.edu /usr/www/africa/public_html/Kiswahili/doe/unit_15 u15g.html
