2002.01.24 10:44 B D:\doe1\unit_03\section_A\culturalNote01.html --> lrrc3.plc.upenn.edu d:/kiswahili/doe1/unit_03/section_A culturalNote01.html
2002.01.24 10:44 B D:\doe1\unit_03\section_A\exercise01.html --> lrrc3.plc.upenn.edu d:/kiswahili/doe1/unit_03/section_A exercise01.html
2002.01.24 10:44 B D:\doe1\unit_03\section_A\exercise02.html --> lrrc3.plc.upenn.edu d:/kiswahili/doe1/unit_03/section_A exercise02.html
2002.01.24 10:44 B D:\doe1\unit_03\section_A\grammarNote01.html --> lrrc3.plc.upenn.edu d:/kiswahili/doe1/unit_03/section_A grammarNote01.html
2002.01.24 10:44 B D:\doe1\unit_03\section_A\grammarNote02.html --> lrrc3.plc.upenn.edu d:/kiswahili/doe1/unit_03/section_A grammarNote02.html
2002.01.24 10:44 B D:\doe1\unit_03\section_A\lesson01.html --> lrrc3.plc.upenn.edu d:/kiswahili/doe1/unit_03/section_A lesson01.html
2002.01.24 10:44 B D:\doe1\unit_03\section_A\lesson02.html --> lrrc3.plc.upenn.edu d:/kiswahili/doe1/unit_03/section_A lesson02.html
2002.01.24 16:24 A D:\doe1\unit_03\section_A\lesson01.html --> lrrc3.plc.upenn.edu d:/kiswahili/doe1/unit_03/section_A lesson01.html
2002.01.24 16:24 A D:\doe1\unit_03\section_A\lesson02.html --> lrrc3.plc.upenn.edu d:/kiswahili/doe1/unit_03/section_A lesson02.html
2002.01.24 16:24 A D:\doe1\unit_03\section_A\WS_FTP.LOG --> lrrc3.plc.upenn.edu d:/kiswahili/doe1/unit_03/section_A WS_FTP.LOG
2002.02.14 11:10 A d:\doe1\unit_03\section_A\exercise01.html --> lrrc3.plc.upenn.edu d:/kiswahili/doe1/unit_03/section_A exercise01.html
2002.02.14 11:10 A d:\doe1\unit_03\section_A\exercise01.html.bak --> lrrc3.plc.upenn.edu d:/kiswahili/doe1/unit_03/section_A exercise01.html.bak
2002.02.14 11:10 A d:\doe1\unit_03\section_A\exercise02.html --> lrrc3.plc.upenn.edu d:/kiswahili/doe1/unit_03/section_A exercise02.html
2002.02.14 11:10 A d:\doe1\unit_03\section_A\exercise02.html.bak --> lrrc3.plc.upenn.edu d:/kiswahili/doe1/unit_03/section_A exercise02.html.bak
2002.02.14 11:10 A d:\doe1\unit_03\section_A\lesson01.html --> lrrc3.plc.upenn.edu d:/kiswahili/doe1/unit_03/section_A lesson01.html
2002.02.14 11:10 A d:\doe1\unit_03\section_A\lesson01.html.bak --> lrrc3.plc.upenn.edu d:/kiswahili/doe1/unit_03/section_A lesson01.html.bak
2002.02.14 11:10 A d:\doe1\unit_03\section_A\lesson02.html --> lrrc3.plc.upenn.edu d:/kiswahili/doe1/unit_03/section_A lesson02.html
2002.02.14 11:10 A d:\doe1\unit_03\section_A\lesson02.html.bak --> lrrc3.plc.upenn.edu d:/kiswahili/doe1/unit_03/section_A lesson02.html.bak
2002.03.25 14:35 B d:\doe1\unit_03\section_A\culturalNote01.html --> www.uga.edu /usr/www/africa/public_html/Kiswahili/doe/unit_03/section_A culturalNote01.html
2002.03.25 14:35 B d:\doe1\unit_03\section_A\exercise01.html --> www.uga.edu /usr/www/africa/public_html/Kiswahili/doe/unit_03/section_A exercise01.html
2002.03.25 14:35 B d:\doe1\unit_03\section_A\exercise01.html.bak --> www.uga.edu /usr/www/africa/public_html/Kiswahili/doe/unit_03/section_A exercise01.html.bak
2002.03.25 14:35 B d:\doe1\unit_03\section_A\exercise02.html --> www.uga.edu /usr/www/africa/public_html/Kiswahili/doe/unit_03/section_A exercise02.html
2002.03.25 14:35 B d:\doe1\unit_03\section_A\exercise02.html.bak --> www.uga.edu /usr/www/africa/public_html/Kiswahili/doe/unit_03/section_A exercise02.html.bak
2002.03.25 14:35 B d:\doe1\unit_03\section_A\grammarNote01.html --> www.uga.edu /usr/www/africa/public_html/Kiswahili/doe/unit_03/section_A grammarNote01.html
2002.03.25 14:35 B d:\doe1\unit_03\section_A\grammarNote02.html --> www.uga.edu /usr/www/africa/public_html/Kiswahili/doe/unit_03/section_A grammarNote02.html
2002.03.25 14:35 B d:\doe1\unit_03\section_A\lesson01.html --> www.uga.edu /usr/www/africa/public_html/Kiswahili/doe/unit_03/section_A lesson01.html
2002.03.25 14:35 B d:\doe1\unit_03\section_A\lesson01.html.bak --> www.uga.edu /usr/www/africa/public_html/Kiswahili/doe/unit_03/section_A lesson01.html.bak
2002.03.25 14:35 B d:\doe1\unit_03\section_A\lesson02.html --> www.uga.edu /usr/www/africa/public_html/Kiswahili/doe/unit_03/section_A lesson02.html
2002.03.25 14:35 B d:\doe1\unit_03\section_A\lesson02.html.bak --> www.uga.edu /usr/www/africa/public_html/Kiswahili/doe/unit_03/section_A lesson02.html.bak
