2005.03.06 12:04 B C:\Documents and Settings\Vasu\Desktop\yoruba_sound_files_new\Unit 6\UNIT_6_LESSON_6\seeti alapa kekere.wav --> www.africa.uga.edu /usr/www/africa/public_html/Yoruba/unit_06 seeti alapa kekere.wav
2005.03.06 12:05 B C:\Documents and Settings\Vasu\Desktop\yoruba_sound_files_new\Unit 6\UNIT_6_LESSON_6\agbeko.wav --> www.africa.uga.edu /usr/www/africa/public_html/Yoruba/unit_06/UNIT_6_LESSON_6 agbeko.wav
2005.03.06 12:05 B C:\Documents and Settings\Vasu\Desktop\yoruba_sound_files_new\Unit 6\UNIT_6_LESSON_6\agbojo.wav --> www.africa.uga.edu /usr/www/africa/public_html/Yoruba/unit_06/UNIT_6_LESSON_6 agbojo.wav
2005.03.06 12:05 B C:\Documents and Settings\Vasu\Desktop\yoruba_sound_files_new\Unit 6\UNIT_6_LESSON_6\agboorun.wav --> www.africa.uga.edu /usr/www/africa/public_html/Yoruba/unit_06/UNIT_6_LESSON_6 agboorun.wav
2005.03.06 12:05 B C:\Documents and Settings\Vasu\Desktop\yoruba_sound_files_new\Unit 6\UNIT_6_LESSON_6\ago owo.wav --> www.africa.uga.edu /usr/www/africa/public_html/Yoruba/unit_06/UNIT_6_LESSON_6 ago owo.wav
2005.03.06 12:06 B C:\Documents and Settings\Vasu\Desktop\yoruba_sound_files_new\Unit 6\UNIT_6_LESSON_6\ago.wav --> www.africa.uga.edu /usr/www/africa/public_html/Yoruba/unit_06/UNIT_6_LESSON_6 ago.wav
2005.03.06 12:06 B C:\Documents and Settings\Vasu\Desktop\yoruba_sound_files_new\Unit 6\UNIT_6_LESSON_6\apo_iwe.wav --> www.africa.uga.edu /usr/www/africa/public_html/Yoruba/unit_06/UNIT_6_LESSON_6 apo_iwe.wav
2005.03.06 12:06 B C:\Documents and Settings\Vasu\Desktop\yoruba_sound_files_new\Unit 6\UNIT_6_LESSON_6\aso.wav --> www.africa.uga.edu /usr/www/africa/public_html/Yoruba/unit_06/UNIT_6_LESSON_6 aso.wav
2005.03.06 12:06 B C:\Documents and Settings\Vasu\Desktop\yoruba_sound_files_new\Unit 6\UNIT_6_LESSON_6\aso_idaraya.wav --> www.africa.uga.edu /usr/www/africa/public_html/Yoruba/unit_06/UNIT_6_LESSON_6 aso_idaraya.wav
2005.03.06 12:06 B C:\Documents and Settings\Vasu\Desktop\yoruba_sound_files_new\Unit 6\UNIT_6_LESSON_6\aso_ile_iwe.wav --> www.africa.uga.edu /usr/www/africa/public_html/Yoruba/unit_06/UNIT_6_LESSON_6 aso_ile_iwe.wav
2005.03.06 12:06 B C:\Documents and Settings\Vasu\Desktop\yoruba_sound_files_new\Unit 6\UNIT_6_LESSON_6\aso_ise.wav --> www.africa.uga.edu /usr/www/africa/public_html/Yoruba/unit_06/UNIT_6_LESSON_6 aso_ise.wav
2005.03.06 12:06 B C:\Documents and Settings\Vasu\Desktop\yoruba_sound_files_new\Unit 6\UNIT_6_LESSON_6\aso_ojo.wav --> www.africa.uga.edu /usr/www/africa/public_html/Yoruba/unit_06/UNIT_6_LESSON_6 aso_ojo.wav
2005.03.06 12:06 B C:\Documents and Settings\Vasu\Desktop\yoruba_sound_files_new\Unit 6\UNIT_6_LESSON_6\aso_oorun.wav --> www.africa.uga.edu /usr/www/africa/public_html/Yoruba/unit_06/UNIT_6_LESSON_6 aso_oorun.wav
2005.03.06 12:06 B C:\Documents and Settings\Vasu\Desktop\yoruba_sound_files_new\Unit 6\UNIT_6_LESSON_6\awotele.wav --> www.africa.uga.edu /usr/www/africa/public_html/Yoruba/unit_06/UNIT_6_LESSON_6 awotele.wav
2005.03.06 12:06 B C:\Documents and Settings\Vasu\Desktop\yoruba_sound_files_new\Unit 6\UNIT_6_LESSON_6\baagi ifalowo.wav --> www.africa.uga.edu /usr/www/africa/public_html/Yoruba/unit_06/UNIT_6_LESSON_6 baagi ifalowo.wav
2005.03.06 12:06 B C:\Documents and Settings\Vasu\Desktop\yoruba_sound_files_new\Unit 6\UNIT_6_LESSON_6\bata3.wav --> www.africa.uga.edu /usr/www/africa/public_html/Yoruba/unit_06/UNIT_6_LESSON_6 bata3.wav
2005.03.06 12:06 B C:\Documents and Settings\Vasu\Desktop\yoruba_sound_files_new\Unit 6\UNIT_6_LESSON_6\beliiti.wav --> www.africa.uga.edu /usr/www/africa/public_html/Yoruba/unit_06/UNIT_6_LESSON_6 beliiti.wav
2005.03.06 12:06 B C:\Documents and Settings\Vasu\Desktop\yoruba_sound_files_new\Unit 6\UNIT_6_LESSON_6\beresiya.wav --> www.africa.uga.edu /usr/www/africa/public_html/Yoruba/unit_06/UNIT_6_LESSON_6 beresiya.wav
2005.03.06 12:06 B C:\Documents and Settings\Vasu\Desktop\yoruba_sound_files_new\Unit 6\UNIT_6_LESSON_6\bulaosi.wav --> www.africa.uga.edu /usr/www/africa/public_html/Yoruba/unit_06/UNIT_6_LESSON_6 bulaosi.wav
2005.03.06 12:07 B C:\Documents and Settings\Vasu\Desktop\yoruba_sound_files_new\Unit 6\UNIT_6_LESSON_6\egba owo.wav --> www.africa.uga.edu /usr/www/africa/public_html/Yoruba/unit_06/UNIT_6_LESSON_6 egba owo.wav
2005.03.06 12:07 B C:\Documents and Settings\Vasu\Desktop\yoruba_sound_files_new\Unit 6\UNIT_6_LESSON_6\egba2.wav --> www.africa.uga.edu /usr/www/africa/public_html/Yoruba/unit_06/UNIT_6_LESSON_6 egba2.wav
2005.03.06 12:07 B C:\Documents and Settings\Vasu\Desktop\yoruba_sound_files_new\Unit 6\UNIT_6_LESSON_6\egba_ese.wav --> www.africa.uga.edu /usr/www/africa/public_html/Yoruba/unit_06/UNIT_6_LESSON_6 egba_ese.wav
2005.03.06 12:07 B C:\Documents and Settings\Vasu\Desktop\yoruba_sound_files_new\Unit 6\UNIT_6_LESSON_6\egba_orun2.wav --> www.africa.uga.edu /usr/www/africa/public_html/Yoruba/unit_06/UNIT_6_LESSON_6 egba_orun2.wav
2005.03.06 12:07 B C:\Documents and Settings\Vasu\Desktop\yoruba_sound_files_new\Unit 6\UNIT_6_LESSON_6\ewu ojo.wav --> www.africa.uga.edu /usr/www/africa/public_html/Yoruba/unit_06/UNIT_6_LESSON_6 ewu ojo.wav
2005.03.06 12:07 B C:\Documents and Settings\Vasu\Desktop\yoruba_sound_files_new\Unit 6\UNIT_6_LESSON_6\ewu.wav --> www.africa.uga.edu /usr/www/africa/public_html/Yoruba/unit_06/UNIT_6_LESSON_6 ewu.wav
2005.03.06 12:07 B C:\Documents and Settings\Vasu\Desktop\yoruba_sound_files_new\Unit 6\UNIT_6_LESSON_6\ewu_ile_iwe.wav --> www.africa.uga.edu /usr/www/africa/public_html/Yoruba/unit_06/UNIT_6_LESSON_6 ewu_ile_iwe.wav
2005.03.06 12:07 B C:\Documents and Settings\Vasu\Desktop\yoruba_sound_files_new\Unit 6\UNIT_6_LESSON_6\ewu_ise.wav --> www.africa.uga.edu /usr/www/africa/public_html/Yoruba/unit_06/UNIT_6_LESSON_6 ewu_ise.wav
2005.03.06 12:07 B C:\Documents and Settings\Vasu\Desktop\yoruba_sound_files_new\Unit 6\UNIT_6_LESSON_6\Fila.wav --> www.africa.uga.edu /usr/www/africa/public_html/Yoruba/unit_06/UNIT_6_LESSON_6 Fila.wav
2005.03.06 12:07 B C:\Documents and Settings\Vasu\Desktop\yoruba_sound_files_new\Unit 6\UNIT_6_LESSON_6\ibose.wav --> www.africa.uga.edu /usr/www/africa/public_html/Yoruba/unit_06/UNIT_6_LESSON_6 ibose.wav
2005.03.06 12:07 B C:\Documents and Settings\Vasu\Desktop\yoruba_sound_files_new\Unit 6\UNIT_6_LESSON_6\ibowo.wav --> www.africa.uga.edu /usr/www/africa/public_html/Yoruba/unit_06/UNIT_6_LESSON_6 ibowo.wav
2005.03.06 12:07 B C:\Documents and Settings\Vasu\Desktop\yoruba_sound_files_new\Unit 6\UNIT_6_LESSON_6\igo_oju.wav --> www.africa.uga.edu /usr/www/africa/public_html/Yoruba/unit_06/UNIT_6_LESSON_6 igo_oju.wav
2005.03.06 12:07 B C:\Documents and Settings\Vasu\Desktop\yoruba_sound_files_new\Unit 6\UNIT_6_LESSON_6\itoju.wav --> www.africa.uga.edu /usr/www/africa/public_html/Yoruba/unit_06/UNIT_6_LESSON_6 itoju.wav
2005.03.06 12:07 B C:\Documents and Settings\Vasu\Desktop\yoruba_sound_files_new\Unit 6\UNIT_6_LESSON_6\itote.wav --> www.africa.uga.edu /usr/www/africa/public_html/Yoruba/unit_06/UNIT_6_LESSON_6 itote.wav
2005.03.06 12:07 B C:\Documents and Settings\Vasu\Desktop\yoruba_sound_files_new\Unit 6\UNIT_6_LESSON_6\jakeeti.wav --> www.africa.uga.edu /usr/www/africa/public_html/Yoruba/unit_06/UNIT_6_LESSON_6 jakeeti.wav
2005.03.06 12:08 B C:\Documents and Settings\Vasu\Desktop\yoruba_sound_files_new\Unit 6\UNIT_6_LESSON_6\jigi_oju.wav --> www.africa.uga.edu /usr/www/africa/public_html/Yoruba/unit_06/UNIT_6_LESSON_6 jigi_oju.wav
2005.03.06 12:08 B C:\Documents and Settings\Vasu\Desktop\yoruba_sound_files_new\Unit 6\UNIT_6_LESSON_6\kaba.wav --> www.africa.uga.edu /usr/www/africa/public_html/Yoruba/unit_06/UNIT_6_LESSON_6 kaba.wav
2005.03.06 12:08 B C:\Documents and Settings\Vasu\Desktop\yoruba_sound_files_new\Unit 6\UNIT_6_LESSON_6\komu.wav --> www.africa.uga.edu /usr/www/africa/public_html/Yoruba/unit_06/UNIT_6_LESSON_6 komu.wav
2005.03.06 12:08 B C:\Documents and Settings\Vasu\Desktop\yoruba_sound_files_new\Unit 6\UNIT_6_LESSON_6\kootu.wav --> www.africa.uga.edu /usr/www/africa/public_html/Yoruba/unit_06/UNIT_6_LESSON_6 kootu.wav
2005.03.06 12:08 B C:\Documents and Settings\Vasu\Desktop\yoruba_sound_files_new\Unit 6\UNIT_6_LESSON_6\koseeti.wav --> www.africa.uga.edu /usr/www/africa/public_html/Yoruba/unit_06/UNIT_6_LESSON_6 koseeti.wav
2005.03.06 12:08 B C:\Documents and Settings\Vasu\Desktop\yoruba_sound_files_new\Unit 6\UNIT_6_LESSON_6\lofinda.wav --> www.africa.uga.edu /usr/www/africa/public_html/Yoruba/unit_06/UNIT_6_LESSON_6 lofinda.wav
2005.03.06 12:08 B C:\Documents and Settings\Vasu\Desktop\yoruba_sound_files_new\Unit 6\UNIT_6_LESSON_6\oruka.wav --> www.africa.uga.edu /usr/www/africa/public_html/Yoruba/unit_06/UNIT_6_LESSON_6 oruka.wav
2005.03.06 12:08 B C:\Documents and Settings\Vasu\Desktop\yoruba_sound_files_new\Unit 6\UNIT_6_LESSON_6\oruka_ese.wav --> www.africa.uga.edu /usr/www/africa/public_html/Yoruba/unit_06/UNIT_6_LESSON_6 oruka_ese.wav
2005.03.06 12:08 B C:\Documents and Settings\Vasu\Desktop\yoruba_sound_files_new\Unit 6\UNIT_6_LESSON_6\oruka_idodo.wav --> www.africa.uga.edu /usr/www/africa/public_html/Yoruba/unit_06/UNIT_6_LESSON_6 oruka_idodo.wav
2005.03.06 12:08 B C:\Documents and Settings\Vasu\Desktop\yoruba_sound_files_new\Unit 6\UNIT_6_LESSON_6\pata.wav --> www.africa.uga.edu /usr/www/africa/public_html/Yoruba/unit_06/UNIT_6_LESSON_6 pata.wav
2005.03.06 12:08 B C:\Documents and Settings\Vasu\Desktop\yoruba_sound_files_new\Unit 6\UNIT_6_LESSON_6\poosi.wav --> www.africa.uga.edu /usr/www/africa/public_html/Yoruba/unit_06/UNIT_6_LESSON_6 poosi.wav
2005.03.06 12:08 B C:\Documents and Settings\Vasu\Desktop\yoruba_sound_files_new\Unit 6\UNIT_6_LESSON_6\seeni.wav --> www.africa.uga.edu /usr/www/africa/public_html/Yoruba/unit_06/UNIT_6_LESSON_6 seeni.wav
2005.03.06 12:08 B C:\Documents and Settings\Vasu\Desktop\yoruba_sound_files_new\Unit 6\UNIT_6_LESSON_6\seeti.wav --> www.africa.uga.edu /usr/www/africa/public_html/Yoruba/unit_06/UNIT_6_LESSON_6 seeti.wav
2005.03.06 12:08 B C:\Documents and Settings\Vasu\Desktop\yoruba_sound_files_new\Unit 6\UNIT_6_LESSON_6\seeti_alapa_gigun.wav --> www.africa.uga.edu /usr/www/africa/public_html/Yoruba/unit_06/UNIT_6_LESSON_6 seeti_alapa_gigun.wav
2005.03.06 12:08 B C:\Documents and Settings\Vasu\Desktop\yoruba_sound_files_new\Unit 6\UNIT_6_LESSON_6\seeti_alapa_kekere.wav --> www.africa.uga.edu /usr/www/africa/public_html/Yoruba/unit_06/UNIT_6_LESSON_6 seeti_alapa_kekere.wav
2005.03.06 12:09 B C:\Documents and Settings\Vasu\Desktop\yoruba_sound_files_new\Unit 6\UNIT_6_LESSON_6\sikafu.wav --> www.africa.uga.edu /usr/www/africa/public_html/Yoruba/unit_06/UNIT_6_LESSON_6 sikafu.wav
2005.03.06 12:09 B C:\Documents and Settings\Vasu\Desktop\yoruba_sound_files_new\Unit 6\UNIT_6_LESSON_6\sikeeti.wav --> www.africa.uga.edu /usr/www/africa/public_html/Yoruba/unit_06/UNIT_6_LESSON_6 sikeeti.wav
2005.03.06 12:09 B C:\Documents and Settings\Vasu\Desktop\yoruba_sound_files_new\Unit 6\UNIT_6_LESSON_6\simi.wav --> www.africa.uga.edu /usr/www/africa/public_html/Yoruba/unit_06/UNIT_6_LESSON_6 simi.wav
2005.03.06 12:09 B C:\Documents and Settings\Vasu\Desktop\yoruba_sound_files_new\Unit 6\UNIT_6_LESSON_6\singileeti.wav --> www.africa.uga.edu /usr/www/africa/public_html/Yoruba/unit_06/UNIT_6_LESSON_6 singileeti.wav
2005.03.06 12:09 B C:\Documents and Settings\Vasu\Desktop\yoruba_sound_files_new\Unit 6\UNIT_6_LESSON_6\Sokoto2.wav --> www.africa.uga.edu /usr/www/africa/public_html/Yoruba/unit_06/UNIT_6_LESSON_6 Sokoto2.wav
2005.03.06 12:09 B C:\Documents and Settings\Vasu\Desktop\yoruba_sound_files_new\Unit 6\UNIT_6_LESSON_6\sokoto_gigun.wav --> www.africa.uga.edu /usr/www/africa/public_html/Yoruba/unit_06/UNIT_6_LESSON_6 sokoto_gigun.wav
2005.03.06 12:09 B C:\Documents and Settings\Vasu\Desktop\yoruba_sound_files_new\Unit 6\UNIT_6_LESSON_6\sokoto_kekere.wav --> www.africa.uga.edu /usr/www/africa/public_html/Yoruba/unit_06/UNIT_6_LESSON_6 sokoto_kekere.wav
2005.03.06 12:09 B C:\Documents and Settings\Vasu\Desktop\yoruba_sound_files_new\Unit 6\UNIT_6_LESSON_6\suutu.wav --> www.africa.uga.edu /usr/www/africa/public_html/Yoruba/unit_06/UNIT_6_LESSON_6 suutu.wav
2005.03.06 12:09 B C:\Documents and Settings\Vasu\Desktop\yoruba_sound_files_new\Unit 6\UNIT_6_LESSON_6\suweta.wav --> www.africa.uga.edu /usr/www/africa/public_html/Yoruba/unit_06/UNIT_6_LESSON_6 suweta.wav
2005.03.06 12:09 B C:\Documents and Settings\Vasu\Desktop\yoruba_sound_files_new\Unit 6\UNIT_6_LESSON_6\tai.wav --> www.africa.uga.edu /usr/www/africa/public_html/Yoruba/unit_06/UNIT_6_LESSON_6 tai.wav
2005.03.06 12:09 B C:\Documents and Settings\Vasu\Desktop\yoruba_sound_files_new\Unit 6\UNIT_6_LESSON_6\taweeli.wav --> www.africa.uga.edu /usr/www/africa/public_html/Yoruba/unit_06/UNIT_6_LESSON_6 taweeli.wav
2005.03.06 12:09 B C:\Documents and Settings\Vasu\Desktop\yoruba_sound_files_new\Unit 6\UNIT_6_LESSON_6\woleeti.wav --> www.africa.uga.edu /usr/www/africa/public_html/Yoruba/unit_06/UNIT_6_LESSON_6 woleeti.wav
