2001.12.10 10:37 B D:\doe\media\av\Unit05\Movies\five\five.mov <-- lrrc3 d:/kiswahili/doe/media/av/Unit05/Movies/five five.mov
2001.12.10 10:37 B D:\doe\media\av\Unit05\Movies\five\five01.jpg <-- lrrc3 d:/kiswahili/doe/media/av/Unit05/Movies/five five01.jpg
2001.12.10 10:37 B D:\doe\media\av\Unit05\Movies\five\five02.jpg <-- lrrc3 d:/kiswahili/doe/media/av/Unit05/Movies/five five02.jpg
2001.12.10 10:37 B D:\doe\media\av\Unit05\Movies\five\five03.jpg <-- lrrc3 d:/kiswahili/doe/media/av/Unit05/Movies/five five03.jpg
2001.12.10 10:37 B D:\doe\media\av\Unit05\Movies\five\five04.jpg <-- lrrc3 d:/kiswahili/doe/media/av/Unit05/Movies/five five04.jpg
2001.12.10 10:37 B D:\doe\media\av\Unit05\Movies\five\five05.jpg <-- lrrc3 d:/kiswahili/doe/media/av/Unit05/Movies/five five05.jpg
2001.12.10 10:37 B D:\doe\media\av\Unit05\Movies\five\five06.jpg <-- lrrc3 d:/kiswahili/doe/media/av/Unit05/Movies/five five06.jpg
2001.12.10 10:37 B D:\doe\media\av\Unit05\Movies\five\five07.jpg <-- lrrc3 d:/kiswahili/doe/media/av/Unit05/Movies/five five07.jpg
2001.12.10 10:37 B D:\doe\media\av\Unit05\Movies\five\five08.jpg <-- lrrc3 d:/kiswahili/doe/media/av/Unit05/Movies/five five08.jpg
2001.12.10 10:37 B D:\doe\media\av\Unit05\Movies\five\five09.jpg <-- lrrc3 d:/kiswahili/doe/media/av/Unit05/Movies/five five09.jpg
2001.12.10 10:37 B D:\doe\media\av\Unit05\Movies\five\five10.jpg <-- lrrc3 d:/kiswahili/doe/media/av/Unit05/Movies/five five10.jpg
2001.12.10 10:37 B D:\doe\media\av\Unit05\Movies\five\five11.jpg <-- lrrc3 d:/kiswahili/doe/media/av/Unit05/Movies/five five11.jpg
2001.12.10 10:37 B D:\doe\media\av\Unit05\Movies\five\five12.jpg <-- lrrc3 d:/kiswahili/doe/media/av/Unit05/Movies/five five12.jpg
2001.12.10 10:37 B D:\doe\media\av\Unit05\Movies\five\five13.jpg <-- lrrc3 d:/kiswahili/doe/media/av/Unit05/Movies/five five13.jpg
2001.12.10 10:37 B D:\doe\media\av\Unit05\Movies\five\five14.jpg <-- lrrc3 d:/kiswahili/doe/media/av/Unit05/Movies/five five14.jpg
2001.12.10 10:37 B D:\doe\media\av\Unit05\Movies\five\five15.jpg <-- lrrc3 d:/kiswahili/doe/media/av/Unit05/Movies/five five15.jpg
2001.12.10 10:37 B D:\doe\media\av\Unit05\Movies\five\five16.jpg <-- lrrc3 d:/kiswahili/doe/media/av/Unit05/Movies/five five16.jpg
2001.12.10 10:37 B D:\doe\media\av\Unit05\Movies\five\u06l05a.mov <-- lrrc3 d:/kiswahili/doe/media/av/Unit05/Movies/five u06l05a.mov
2002.01.24 10:41 B D:\doe1\media\av\Unit06\Movies\five\five.mov --> lrrc3.plc.upenn.edu d:/kiswahili/doe1/media/av/Unit06/Movies/five five.mov
2002.01.24 10:41 B D:\doe1\media\av\Unit06\Movies\five\five01.jpg --> lrrc3.plc.upenn.edu d:/kiswahili/doe1/media/av/Unit06/Movies/five five01.jpg
2002.01.24 10:41 B D:\doe1\media\av\Unit06\Movies\five\five02.jpg --> lrrc3.plc.upenn.edu d:/kiswahili/doe1/media/av/Unit06/Movies/five five02.jpg
2002.01.24 10:41 B D:\doe1\media\av\Unit06\Movies\five\five03.jpg --> lrrc3.plc.upenn.edu d:/kiswahili/doe1/media/av/Unit06/Movies/five five03.jpg
2002.01.24 10:41 B D:\doe1\media\av\Unit06\Movies\five\five04.jpg --> lrrc3.plc.upenn.edu d:/kiswahili/doe1/media/av/Unit06/Movies/five five04.jpg
2002.01.24 10:41 B D:\doe1\media\av\Unit06\Movies\five\five05.jpg --> lrrc3.plc.upenn.edu d:/kiswahili/doe1/media/av/Unit06/Movies/five five05.jpg
2002.01.24 10:41 B D:\doe1\media\av\Unit06\Movies\five\five06.jpg --> lrrc3.plc.upenn.edu d:/kiswahili/doe1/media/av/Unit06/Movies/five five06.jpg
2002.01.24 10:41 B D:\doe1\media\av\Unit06\Movies\five\five07.jpg --> lrrc3.plc.upenn.edu d:/kiswahili/doe1/media/av/Unit06/Movies/five five07.jpg
2002.01.24 10:41 B D:\doe1\media\av\Unit06\Movies\five\five08.jpg --> lrrc3.plc.upenn.edu d:/kiswahili/doe1/media/av/Unit06/Movies/five five08.jpg
2002.01.24 10:41 B D:\doe1\media\av\Unit06\Movies\five\five09.jpg --> lrrc3.plc.upenn.edu d:/kiswahili/doe1/media/av/Unit06/Movies/five five09.jpg
2002.01.24 10:41 B D:\doe1\media\av\Unit06\Movies\five\five10.jpg --> lrrc3.plc.upenn.edu d:/kiswahili/doe1/media/av/Unit06/Movies/five five10.jpg
2002.01.24 10:41 B D:\doe1\media\av\Unit06\Movies\five\five11.jpg --> lrrc3.plc.upenn.edu d:/kiswahili/doe1/media/av/Unit06/Movies/five five11.jpg
2002.01.24 10:41 B D:\doe1\media\av\Unit06\Movies\five\five12.jpg --> lrrc3.plc.upenn.edu d:/kiswahili/doe1/media/av/Unit06/Movies/five five12.jpg
2002.01.24 10:41 B D:\doe1\media\av\Unit06\Movies\five\five13.jpg --> lrrc3.plc.upenn.edu d:/kiswahili/doe1/media/av/Unit06/Movies/five five13.jpg
2002.01.24 10:41 B D:\doe1\media\av\Unit06\Movies\five\five14.jpg --> lrrc3.plc.upenn.edu d:/kiswahili/doe1/media/av/Unit06/Movies/five five14.jpg
2002.01.24 10:41 B D:\doe1\media\av\Unit06\Movies\five\five15.jpg --> lrrc3.plc.upenn.edu d:/kiswahili/doe1/media/av/Unit06/Movies/five five15.jpg
2002.01.24 10:41 B D:\doe1\media\av\Unit06\Movies\five\five16.jpg --> lrrc3.plc.upenn.edu d:/kiswahili/doe1/media/av/Unit06/Movies/five five16.jpg
2002.01.24 10:41 B D:\doe1\media\av\Unit06\Movies\five\Thumbs.db --> lrrc3.plc.upenn.edu d:/kiswahili/doe1/media/av/Unit06/Movies/five Thumbs.db
2002.01.24 10:41 B D:\doe1\media\av\Unit06\Movies\five\u06l05a.mov --> lrrc3.plc.upenn.edu d:/kiswahili/doe1/media/av/Unit06/Movies/five u06l05a.mov
2002.01.24 10:41 B D:\doe1\media\av\Unit06\Movies\five\WS_FTP.LOG --> lrrc3.plc.upenn.edu d:/kiswahili/doe1/media/av/Unit06/Movies/five WS_FTP.LOG
2002.03.25 14:46 B d:\doe1\media\av\Unit06\Movies\five\five-slide.mov --> www.uga.edu /usr/www/africa/public_html/Kiswahili/doe/media/av/Unit06/Movies/five five-slide.mov
2002.03.25 14:46 B d:\doe1\media\av\Unit06\Movies\five\five.mov --> www.uga.edu /usr/www/africa/public_html/Kiswahili/doe/media/av/Unit06/Movies/five five.mov
2002.03.25 14:46 B d:\doe1\media\av\Unit06\Movies\five\five01.jpg --> www.uga.edu /usr/www/africa/public_html/Kiswahili/doe/media/av/Unit06/Movies/five five01.jpg
2002.03.25 14:46 B d:\doe1\media\av\Unit06\Movies\five\five02.jpg --> www.uga.edu /usr/www/africa/public_html/Kiswahili/doe/media/av/Unit06/Movies/five five02.jpg
2002.03.25 14:46 B d:\doe1\media\av\Unit06\Movies\five\five03.jpg --> www.uga.edu /usr/www/africa/public_html/Kiswahili/doe/media/av/Unit06/Movies/five five03.jpg
2002.03.25 14:46 B d:\doe1\media\av\Unit06\Movies\five\five04.jpg --> www.uga.edu /usr/www/africa/public_html/Kiswahili/doe/media/av/Unit06/Movies/five five04.jpg
2002.03.25 14:46 B d:\doe1\media\av\Unit06\Movies\five\five05.jpg --> www.uga.edu /usr/www/africa/public_html/Kiswahili/doe/media/av/Unit06/Movies/five five05.jpg
2002.03.25 14:46 B d:\doe1\media\av\Unit06\Movies\five\five06.jpg --> www.uga.edu /usr/www/africa/public_html/Kiswahili/doe/media/av/Unit06/Movies/five five06.jpg
2002.03.25 14:46 B d:\doe1\media\av\Unit06\Movies\five\five07.jpg --> www.uga.edu /usr/www/africa/public_html/Kiswahili/doe/media/av/Unit06/Movies/five five07.jpg
2002.03.25 14:46 B d:\doe1\media\av\Unit06\Movies\five\five08.jpg --> www.uga.edu /usr/www/africa/public_html/Kiswahili/doe/media/av/Unit06/Movies/five five08.jpg
2002.03.25 14:46 B d:\doe1\media\av\Unit06\Movies\five\five09.jpg --> www.uga.edu /usr/www/africa/public_html/Kiswahili/doe/media/av/Unit06/Movies/five five09.jpg
2002.03.25 14:46 B d:\doe1\media\av\Unit06\Movies\five\five10.jpg --> www.uga.edu /usr/www/africa/public_html/Kiswahili/doe/media/av/Unit06/Movies/five five10.jpg
2002.03.25 14:46 B d:\doe1\media\av\Unit06\Movies\five\five11.jpg --> www.uga.edu /usr/www/africa/public_html/Kiswahili/doe/media/av/Unit06/Movies/five five11.jpg
2002.03.25 14:46 B d:\doe1\media\av\Unit06\Movies\five\five12.jpg --> www.uga.edu /usr/www/africa/public_html/Kiswahili/doe/media/av/Unit06/Movies/five five12.jpg
2002.03.25 14:46 B d:\doe1\media\av\Unit06\Movies\five\five13.jpg --> www.uga.edu /usr/www/africa/public_html/Kiswahili/doe/media/av/Unit06/Movies/five five13.jpg
2002.03.25 14:46 B d:\doe1\media\av\Unit06\Movies\five\five14.jpg --> www.uga.edu /usr/www/africa/public_html/Kiswahili/doe/media/av/Unit06/Movies/five five14.jpg
2002.03.25 14:46 B d:\doe1\media\av\Unit06\Movies\five\five15.jpg --> www.uga.edu /usr/www/africa/public_html/Kiswahili/doe/media/av/Unit06/Movies/five five15.jpg
2002.03.25 14:46 B d:\doe1\media\av\Unit06\Movies\five\five16.jpg --> www.uga.edu /usr/www/africa/public_html/Kiswahili/doe/media/av/Unit06/Movies/five five16.jpg
2002.03.25 14:46 B d:\doe1\media\av\Unit06\Movies\five\Thumbs.db --> www.uga.edu /usr/www/africa/public_html/Kiswahili/doe/media/av/Unit06/Movies/five Thumbs.db
2002.03.25 14:47 B d:\doe1\media\av\Unit06\Movies\five\u06l05a.mov --> www.uga.edu /usr/www/africa/public_html/Kiswahili/doe/media/av/Unit06/Movies/five u06l05a.mov
