2002.01.24 10:39 B D:\doe1\media\av\Unit05\Audio\u05l01a.mov --> lrrc3.plc.upenn.edu d:/kiswahili/doe1/media/av/Unit05/Audio u05l01a.mov
2002.01.24 10:39 B D:\doe1\media\av\Unit05\Audio\u05l01b.mov --> lrrc3.plc.upenn.edu d:/kiswahili/doe1/media/av/Unit05/Audio u05l01b.mov
2002.01.24 10:39 B D:\doe1\media\av\Unit05\Audio\u05l01c.mov --> lrrc3.plc.upenn.edu d:/kiswahili/doe1/media/av/Unit05/Audio u05l01c.mov
2002.01.24 10:39 B D:\doe1\media\av\Unit05\Audio\u05l01d.mov --> lrrc3.plc.upenn.edu d:/kiswahili/doe1/media/av/Unit05/Audio u05l01d.mov
2002.01.24 10:39 B D:\doe1\media\av\Unit05\Audio\u05l01e.mov --> lrrc3.plc.upenn.edu d:/kiswahili/doe1/media/av/Unit05/Audio u05l01e.mov
2002.01.24 10:39 B D:\doe1\media\av\Unit05\Audio\u05l01f.mov --> lrrc3.plc.upenn.edu d:/kiswahili/doe1/media/av/Unit05/Audio u05l01f.mov
2002.01.24 10:39 B D:\doe1\media\av\Unit05\Audio\u05l01g.mov --> lrrc3.plc.upenn.edu d:/kiswahili/doe1/media/av/Unit05/Audio u05l01g.mov
2002.01.24 10:39 B D:\doe1\media\av\Unit05\Audio\u05l01h.mov --> lrrc3.plc.upenn.edu d:/kiswahili/doe1/media/av/Unit05/Audio u05l01h.mov
2002.01.24 10:39 B D:\doe1\media\av\Unit05\Audio\u05l01i.mov --> lrrc3.plc.upenn.edu d:/kiswahili/doe1/media/av/Unit05/Audio u05l01i.mov
2002.01.24 10:39 B D:\doe1\media\av\Unit05\Audio\u05l01j.mov --> lrrc3.plc.upenn.edu d:/kiswahili/doe1/media/av/Unit05/Audio u05l01j.mov
2002.03.25 14:43 B d:\doe1\media\av\Unit05\Audio\u05l01a.mov --> www.uga.edu /usr/www/africa/public_html/Kiswahili/doe/media/av/Unit05/Audio u05l01a.mov
2002.03.25 14:43 B d:\doe1\media\av\Unit05\Audio\u05l01b.mov --> www.uga.edu /usr/www/africa/public_html/Kiswahili/doe/media/av/Unit05/Audio u05l01b.mov
2002.03.25 14:43 B d:\doe1\media\av\Unit05\Audio\u05l01c.mov --> www.uga.edu /usr/www/africa/public_html/Kiswahili/doe/media/av/Unit05/Audio u05l01c.mov
2002.03.25 14:43 B d:\doe1\media\av\Unit05\Audio\u05l01d.mov --> www.uga.edu /usr/www/africa/public_html/Kiswahili/doe/media/av/Unit05/Audio u05l01d.mov
2002.03.25 14:43 B d:\doe1\media\av\Unit05\Audio\u05l01e.mov --> www.uga.edu /usr/www/africa/public_html/Kiswahili/doe/media/av/Unit05/Audio u05l01e.mov
2002.03.25 14:43 B d:\doe1\media\av\Unit05\Audio\u05l01f.mov --> www.uga.edu /usr/www/africa/public_html/Kiswahili/doe/media/av/Unit05/Audio u05l01f.mov
2002.03.25 14:43 B d:\doe1\media\av\Unit05\Audio\u05l01g.mov --> www.uga.edu /usr/www/africa/public_html/Kiswahili/doe/media/av/Unit05/Audio u05l01g.mov
2002.03.25 14:43 B d:\doe1\media\av\Unit05\Audio\u05l01h.mov --> www.uga.edu /usr/www/africa/public_html/Kiswahili/doe/media/av/Unit05/Audio u05l01h.mov
2002.03.25 14:43 B d:\doe1\media\av\Unit05\Audio\u05l01i.mov --> www.uga.edu /usr/www/africa/public_html/Kiswahili/doe/media/av/Unit05/Audio u05l01i.mov
2002.03.25 14:43 B d:\doe1\media\av\Unit05\Audio\u05l01j.mov --> www.uga.edu /usr/www/africa/public_html/Kiswahili/doe/media/av/Unit05/Audio u05l01j.mov
