2001.12.24 13:19 B D:\doe\media\av\sounds\jambo.ra <-- ccat /rafiles/larrc jambo.ra
2001.12.24 13:21 B D:\doe\media\av\sounds\number.ra <-- ccat /rafiles/larrc number.ra
2001.12.24 13:23 B D:\doe\media\av\sounds\kiswa1.ra <-- mmetsnt /lrrc kiswa1.ra
2001.12.24 13:25 B D:\doe\media\av\sounds\kiswa7.ra <-- mmetsnt /lrrc kiswa7.ra
2001.12.24 13:25 B D:\doe\media\av\sounds\kiswa2.ra <-- mmetsnt /lrrc kiswa2.ra
2001.12.24 14:29 B D:\doe\media\av\sounds\kiswa4.ra <-- mmetsnt /lrrc kiswa4.ra
2002.01.24 10:34 B D:\doe1\media\av\sounds\a-alama.html --> lrrc3.plc.upenn.edu d:/kiswahili/doe1/media/av/sounds a-alama.html
2002.01.24 10:34 B D:\doe1\media\av\sounds\a-alama.wav --> lrrc3.plc.upenn.edu d:/kiswahili/doe1/media/av/sounds a-alama.wav
2002.01.24 10:34 B D:\doe1\media\av\sounds\a-aziya.wav --> lrrc3.plc.upenn.edu d:/kiswahili/doe1/media/av/sounds a-aziya.wav
2002.01.24 10:34 B D:\doe1\media\av\sounds\a.wav --> lrrc3.plc.upenn.edu d:/kiswahili/doe1/media/av/sounds a.wav
2002.01.24 10:34 B D:\doe1\media\av\sounds\ba-baba.wav --> lrrc3.plc.upenn.edu d:/kiswahili/doe1/media/av/sounds ba-baba.wav
2002.01.24 10:34 B D:\doe1\media\av\sounds\bo-bona.wav --> lrrc3.plc.upenn.edu d:/kiswahili/doe1/media/av/sounds bo-bona.wav
2002.01.24 10:34 B D:\doe1\media\av\sounds\bu-buzi.wav --> lrrc3.plc.upenn.edu d:/kiswahili/doe1/media/av/sounds bu-buzi.wav
2002.01.24 10:34 B D:\doe1\media\av\sounds\cha-chai.wav --> lrrc3.plc.upenn.edu d:/kiswahili/doe1/media/av/sounds cha-chai.wav
2002.01.24 10:34 B D:\doe1\media\av\sounds\da-dada.wav --> lrrc3.plc.upenn.edu d:/kiswahili/doe1/media/av/sounds da-dada.wav
2002.01.24 10:34 B D:\doe1\media\av\sounds\da-dahabu.wav --> lrrc3.plc.upenn.edu d:/kiswahili/doe1/media/av/sounds da-dahabu.wav
2002.01.24 10:34 B D:\doe1\media\av\sounds\da-dari.wav --> lrrc3.plc.upenn.edu d:/kiswahili/doe1/media/av/sounds da-dari.wav
2002.01.24 10:34 B D:\doe1\media\av\sounds\de-dege.wav --> lrrc3.plc.upenn.edu d:/kiswahili/doe1/media/av/sounds de-dege.wav
2002.01.24 10:34 B D:\doe1\media\av\sounds\e-eleza.wav --> lrrc3.plc.upenn.edu d:/kiswahili/doe1/media/av/sounds e-eleza.wav
2002.01.24 10:34 B D:\doe1\media\av\sounds\fi-fika.wav --> lrrc3.plc.upenn.edu d:/kiswahili/doe1/media/av/sounds fi-fika.wav
2002.01.24 10:34 B D:\doe1\media\av\sounds\go-goma.wav --> lrrc3.plc.upenn.edu d:/kiswahili/doe1/media/av/sounds go-goma.wav
2002.01.24 10:34 B D:\doe1\media\av\sounds\ha-habari.wav --> lrrc3.plc.upenn.edu d:/kiswahili/doe1/media/av/sounds ha-habari.wav
2002.01.24 10:34 B D:\doe1\media\av\sounds\i-ili.wav --> lrrc3.plc.upenn.edu d:/kiswahili/doe1/media/av/sounds i-ili.wav
2002.01.24 10:34 B D:\doe1\media\av\sounds\jambo.ra --> lrrc3.plc.upenn.edu d:/kiswahili/doe1/media/av/sounds jambo.ra
2002.01.24 10:34 B D:\doe1\media\av\sounds\ka-kaka.wav --> lrrc3.plc.upenn.edu d:/kiswahili/doe1/media/av/sounds ka-kaka.wav
2002.01.24 10:34 B D:\doe1\media\av\sounds\kisu-kizuri.wav --> lrrc3.plc.upenn.edu d:/kiswahili/doe1/media/av/sounds kisu-kizuri.wav
2002.01.24 10:34 B D:\doe1\media\av\sounds\kiswa1.ra --> lrrc3.plc.upenn.edu d:/kiswahili/doe1/media/av/sounds kiswa1.ra
2002.01.24 10:34 B D:\doe1\media\av\sounds\kiswa2.ra --> lrrc3.plc.upenn.edu d:/kiswahili/doe1/media/av/sounds kiswa2.ra
2002.01.24 10:34 B D:\doe1\media\av\sounds\kiswa4.ra --> lrrc3.plc.upenn.edu d:/kiswahili/doe1/media/av/sounds kiswa4.ra
2002.01.24 10:34 B D:\doe1\media\av\sounds\kiswa7.ra --> lrrc3.plc.upenn.edu d:/kiswahili/doe1/media/av/sounds kiswa7.ra
2002.01.24 10:34 B D:\doe1\media\av\sounds\kucheza-kuzuri.wav --> lrrc3.plc.upenn.edu d:/kiswahili/doe1/media/av/sounds kucheza-kuzuri.wav
2002.01.24 10:34 B D:\doe1\media\av\sounds\kuta-nzuri.wav --> lrrc3.plc.upenn.edu d:/kiswahili/doe1/media/av/sounds kuta-nzuri.wav
2002.01.24 10:34 B D:\doe1\media\av\sounds\la-lala.wav --> lrrc3.plc.upenn.edu d:/kiswahili/doe1/media/av/sounds la-lala.wav
2002.01.24 10:34 B D:\doe1\media\av\sounds\ma-mama.wav --> lrrc3.plc.upenn.edu d:/kiswahili/doe1/media/av/sounds ma-mama.wav
2002.01.24 10:34 B D:\doe1\media\av\sounds\matuda-mazuri.wav --> lrrc3.plc.upenn.edu d:/kiswahili/doe1/media/av/sounds matuda-mazuri.wav
2002.01.24 10:34 B D:\doe1\media\av\sounds\mbwa.wav --> lrrc3.plc.upenn.edu d:/kiswahili/doe1/media/av/sounds mbwa.wav
2002.01.24 10:34 B D:\doe1\media\av\sounds\mchwa.wav --> lrrc3.plc.upenn.edu d:/kiswahili/doe1/media/av/sounds mchwa.wav
2002.01.24 10:34 B D:\doe1\media\av\sounds\miti-mizuri.wav --> lrrc3.plc.upenn.edu d:/kiswahili/doe1/media/av/sounds miti-mizuri.wav
2002.01.24 10:34 B D:\doe1\media\av\sounds\mmeya.wav --> lrrc3.plc.upenn.edu d:/kiswahili/doe1/media/av/sounds mmeya.wav
2002.01.24 10:34 B D:\doe1\media\av\sounds\mnene.wav --> lrrc3.plc.upenn.edu d:/kiswahili/doe1/media/av/sounds mnene.wav
2002.01.24 10:34 B D:\doe1\media\av\sounds\mnjama.wav --> lrrc3.plc.upenn.edu d:/kiswahili/doe1/media/av/sounds mnjama.wav
2002.01.24 10:34 B D:\doe1\media\av\sounds\mo-molimu.wav --> lrrc3.plc.upenn.edu d:/kiswahili/doe1/media/av/sounds mo-molimu.wav
2002.01.24 10:34 B D:\doe1\media\av\sounds\mrefu.wav --> lrrc3.plc.upenn.edu d:/kiswahili/doe1/media/av/sounds mrefu.wav
2002.01.24 10:34 B D:\doe1\media\av\sounds\mti-mzuri.wav --> lrrc3.plc.upenn.edu d:/kiswahili/doe1/media/av/sounds mti-mzuri.wav
2002.01.24 10:34 B D:\doe1\media\av\sounds\mtoto-alicheza.wav --> lrrc3.plc.upenn.edu d:/kiswahili/doe1/media/av/sounds mtoto-alicheza.wav
2002.01.24 10:34 B D:\doe1\media\av\sounds\mtoto-anacheza.wav --> lrrc3.plc.upenn.edu d:/kiswahili/doe1/media/av/sounds mtoto-anacheza.wav
2002.01.24 10:34 B D:\doe1\media\av\sounds\mtoto-atacheza.wav --> lrrc3.plc.upenn.edu d:/kiswahili/doe1/media/av/sounds mtoto-atacheza.wav
2002.01.24 10:34 B D:\doe1\media\av\sounds\mtoto-mzuri.wav --> lrrc3.plc.upenn.edu d:/kiswahili/doe1/media/av/sounds mtoto-mzuri.wav
2002.01.24 10:34 B D:\doe1\media\av\sounds\mtoto.wav --> lrrc3.plc.upenn.edu d:/kiswahili/doe1/media/av/sounds mtoto.wav
2002.01.24 10:34 B D:\doe1\media\av\sounds\muchana.wav --> lrrc3.plc.upenn.edu d:/kiswahili/doe1/media/av/sounds muchana.wav
2002.01.24 10:34 B D:\doe1\media\av\sounds\mududu.wav --> lrrc3.plc.upenn.edu d:/kiswahili/doe1/media/av/sounds mududu.wav
2002.01.24 10:34 B D:\doe1\media\av\sounds\mufalme.wav --> lrrc3.plc.upenn.edu d:/kiswahili/doe1/media/av/sounds mufalme.wav
2002.01.24 10:34 B D:\doe1\media\av\sounds\muganga.wav --> lrrc3.plc.upenn.edu d:/kiswahili/doe1/media/av/sounds muganga.wav
2002.01.24 10:34 B D:\doe1\media\av\sounds\mugi.wav --> lrrc3.plc.upenn.edu d:/kiswahili/doe1/media/av/sounds mugi.wav
2002.01.24 10:34 B D:\doe1\media\av\sounds\muhenga.wav --> lrrc3.plc.upenn.edu d:/kiswahili/doe1/media/av/sounds muhenga.wav
2002.01.24 10:34 B D:\doe1\media\av\sounds\mukkiya.wav --> lrrc3.plc.upenn.edu d:/kiswahili/doe1/media/av/sounds mukkiya.wav
2002.01.24 10:34 B D:\doe1\media\av\sounds\mulinzi.wav --> lrrc3.plc.upenn.edu d:/kiswahili/doe1/media/av/sounds mulinzi.wav
2002.01.24 10:34 B D:\doe1\media\av\sounds\muppira.wav --> lrrc3.plc.upenn.edu d:/kiswahili/doe1/media/av/sounds muppira.wav
2002.01.24 10:34 B D:\doe1\media\av\sounds\muucha.wav --> lrrc3.plc.upenn.edu d:/kiswahili/doe1/media/av/sounds muucha.wav
2002.01.24 10:34 B D:\doe1\media\av\sounds\muwele.wav --> lrrc3.plc.upenn.edu d:/kiswahili/doe1/media/av/sounds muwele.wav
2002.01.24 10:34 B D:\doe1\media\av\sounds\mvovi.wav --> lrrc3.plc.upenn.edu d:/kiswahili/doe1/media/av/sounds mvovi.wav
2002.01.24 10:34 B D:\doe1\media\av\sounds\mzazi.wav --> lrrc3.plc.upenn.edu d:/kiswahili/doe1/media/av/sounds mzazi.wav
2002.01.24 10:34 B D:\doe1\media\av\sounds\mziitu.wav --> lrrc3.plc.upenn.edu d:/kiswahili/doe1/media/av/sounds mziitu.wav
2002.01.24 10:34 B D:\doe1\media\av\sounds\na-nazi.wav --> lrrc3.plc.upenn.edu d:/kiswahili/doe1/media/av/sounds na-nazi.wav
2002.01.24 10:34 B D:\doe1\media\av\sounds\nja-njanja.wav --> lrrc3.plc.upenn.edu d:/kiswahili/doe1/media/av/sounds nja-njanja.wav
2002.01.24 10:34 B D:\doe1\media\av\sounds\njo-njombe.wav --> lrrc3.plc.upenn.edu d:/kiswahili/doe1/media/av/sounds njo-njombe.wav
2002.01.24 10:34 B D:\doe1\media\av\sounds\number.ra --> lrrc3.plc.upenn.edu d:/kiswahili/doe1/media/av/sounds number.ra
2002.01.24 10:34 B D:\doe1\media\av\sounds\nyumba-nzuri.wav --> lrrc3.plc.upenn.edu d:/kiswahili/doe1/media/av/sounds nyumba-nzuri.wav
2002.01.24 10:34 B D:\doe1\media\av\sounds\o-okota.wav --> lrrc3.plc.upenn.edu d:/kiswahili/doe1/media/av/sounds o-okota.wav
2002.01.24 10:34 B D:\doe1\media\av\sounds\pa-paka.wav --> lrrc3.plc.upenn.edu d:/kiswahili/doe1/media/av/sounds pa-paka.wav
2002.01.24 10:34 B D:\doe1\media\av\sounds\ra-ramani.wav --> lrrc3.plc.upenn.edu d:/kiswahili/doe1/media/av/sounds ra-ramani.wav
2002.01.24 10:34 B D:\doe1\media\av\sounds\radio-nuzuri.wav --> lrrc3.plc.upenn.edu d:/kiswahili/doe1/media/av/sounds radio-nuzuri.wav
2002.01.24 10:34 B D:\doe1\media\av\sounds\sa-savari.wav --> lrrc3.plc.upenn.edu d:/kiswahili/doe1/media/av/sounds sa-savari.wav
2002.01.24 10:34 B D:\doe1\media\av\sounds\se-seluji.wav --> lrrc3.plc.upenn.edu d:/kiswahili/doe1/media/av/sounds se-seluji.wav
2002.01.24 10:34 B D:\doe1\media\av\sounds\shi-shimo.wav --> lrrc3.plc.upenn.edu d:/kiswahili/doe1/media/av/sounds shi-shimo.wav
2002.01.24 10:34 B D:\doe1\media\av\sounds\so-soko.wav --> lrrc3.plc.upenn.edu d:/kiswahili/doe1/media/av/sounds so-soko.wav
2002.01.24 10:35 B D:\doe1\media\av\sounds\ti-tiya.wav --> lrrc3.plc.upenn.edu d:/kiswahili/doe1/media/av/sounds ti-tiya.wav
2002.01.24 10:35 B D:\doe1\media\av\sounds\tunda-zuri.wav --> lrrc3.plc.upenn.edu d:/kiswahili/doe1/media/av/sounds tunda-zuri.wav
2002.01.24 10:35 B D:\doe1\media\av\sounds\u-ukuta.wav --> lrrc3.plc.upenn.edu d:/kiswahili/doe1/media/av/sounds u-ukuta.wav
2002.01.24 10:35 B D:\doe1\media\av\sounds\ukuta-mzuri.wav --> lrrc3.plc.upenn.edu d:/kiswahili/doe1/media/av/sounds ukuta-mzuri.wav
2002.01.24 10:35 B D:\doe1\media\av\sounds\va-vatu.wav --> lrrc3.plc.upenn.edu d:/kiswahili/doe1/media/av/sounds va-vatu.wav
2002.01.24 10:35 B D:\doe1\media\av\sounds\vatoto-vazuri.wav --> lrrc3.plc.upenn.edu d:/kiswahili/doe1/media/av/sounds vatoto-vazuri.wav
2002.01.24 10:35 B D:\doe1\media\av\sounds\vi-vizuri.wav --> lrrc3.plc.upenn.edu d:/kiswahili/doe1/media/av/sounds vi-vizuri.wav
2002.01.24 10:35 B D:\doe1\media\av\sounds\vizu-vizuri.wav --> lrrc3.plc.upenn.edu d:/kiswahili/doe1/media/av/sounds vizu-vizuri.wav
2002.01.24 10:35 B D:\doe1\media\av\sounds\WS_FTP.LOG --> lrrc3.plc.upenn.edu d:/kiswahili/doe1/media/av/sounds WS_FTP.LOG
2002.01.24 10:35 B D:\doe1\media\av\sounds\ya-yana.wav --> lrrc3.plc.upenn.edu d:/kiswahili/doe1/media/av/sounds ya-yana.wav
2002.01.24 10:35 B D:\doe1\media\av\sounds\ya-yayi.wav --> lrrc3.plc.upenn.edu d:/kiswahili/doe1/media/av/sounds ya-yayi.wav
2002.02.14 13:38 B d:\doe1\media\av\sounds\a-alama.html --> lrrc3.plc.upenn.edu d:/kiswahili/doe1/media/av/sounds a-alama.html
2002.02.14 13:38 B d:\doe1\media\av\sounds\a-alama.wav --> lrrc3.plc.upenn.edu d:/kiswahili/doe1/media/av/sounds a-alama.wav
2002.02.14 13:38 B d:\doe1\media\av\sounds\a.wav --> lrrc3.plc.upenn.edu d:/kiswahili/doe1/media/av/sounds a.wav
2002.02.14 13:38 B d:\doe1\media\av\sounds\ba-baba.wav --> lrrc3.plc.upenn.edu d:/kiswahili/doe1/media/av/sounds ba-baba.wav
2002.02.14 13:38 B d:\doe1\media\av\sounds\bwa-bwana.wav --> lrrc3.plc.upenn.edu d:/kiswahili/doe1/media/av/sounds bwa-bwana.wav
2002.02.14 13:38 B d:\doe1\media\av\sounds\cha-chai.wav --> lrrc3.plc.upenn.edu d:/kiswahili/doe1/media/av/sounds cha-chai.wav
2002.02.14 13:38 B d:\doe1\media\av\sounds\da-dada.wav --> lrrc3.plc.upenn.edu d:/kiswahili/doe1/media/av/sounds da-dada.wav
2002.02.14 13:38 B d:\doe1\media\av\sounds\da-dari.wav --> lrrc3.plc.upenn.edu d:/kiswahili/doe1/media/av/sounds da-dari.wav
2002.02.14 13:38 B d:\doe1\media\av\sounds\dha-dhahabu.wav --> lrrc3.plc.upenn.edu d:/kiswahili/doe1/media/av/sounds dha-dhahabu.wav
2002.02.14 13:38 B d:\doe1\media\av\sounds\e-eleza.wav --> lrrc3.plc.upenn.edu d:/kiswahili/doe1/media/av/sounds e-eleza.wav
2002.02.14 13:38 B d:\doe1\media\av\sounds\fi-fika.wav --> lrrc3.plc.upenn.edu d:/kiswahili/doe1/media/av/sounds fi-fika.wav
2002.02.14 13:38 B d:\doe1\media\av\sounds\gha-ghasia.wav --> lrrc3.plc.upenn.edu d:/kiswahili/doe1/media/av/sounds gha-ghasia.wav
2002.02.14 13:38 B d:\doe1\media\av\sounds\ha-habari.wav --> lrrc3.plc.upenn.edu d:/kiswahili/doe1/media/av/sounds ha-habari.wav
2002.02.14 13:38 B d:\doe1\media\av\sounds\i-ili.wav --> lrrc3.plc.upenn.edu d:/kiswahili/doe1/media/av/sounds i-ili.wav
2002.02.14 13:38 B d:\doe1\media\av\sounds\jambo.ra --> lrrc3.plc.upenn.edu d:/kiswahili/doe1/media/av/sounds jambo.ra
2002.02.14 13:38 B d:\doe1\media\av\sounds\jana.wav --> lrrc3.plc.upenn.edu d:/kiswahili/doe1/media/av/sounds jana.wav
2002.02.14 13:38 B d:\doe1\media\av\sounds\ka-kaka.wav --> lrrc3.plc.upenn.edu d:/kiswahili/doe1/media/av/sounds ka-kaka.wav
2002.02.14 13:38 B d:\doe1\media\av\sounds\kisu-kizuri.wav --> lrrc3.plc.upenn.edu d:/kiswahili/doe1/media/av/sounds kisu-kizuri.wav
2002.02.14 13:38 B d:\doe1\media\av\sounds\kiswa1.ra --> lrrc3.plc.upenn.edu d:/kiswahili/doe1/media/av/sounds kiswa1.ra
2002.02.14 13:38 B d:\doe1\media\av\sounds\kiswa2.ra --> lrrc3.plc.upenn.edu d:/kiswahili/doe1/media/av/sounds kiswa2.ra
2002.02.14 13:38 B d:\doe1\media\av\sounds\kiswa4.ra --> lrrc3.plc.upenn.edu d:/kiswahili/doe1/media/av/sounds kiswa4.ra
2002.02.14 13:38 B d:\doe1\media\av\sounds\kiswa7.ra --> lrrc3.plc.upenn.edu d:/kiswahili/doe1/media/av/sounds kiswa7.ra
2002.02.14 13:38 B d:\doe1\media\av\sounds\kucheza-kuzuri.wav --> lrrc3.plc.upenn.edu d:/kiswahili/doe1/media/av/sounds kucheza-kuzuri.wav
2002.02.14 13:38 B d:\doe1\media\av\sounds\kuta-nzuri.wav --> lrrc3.plc.upenn.edu d:/kiswahili/doe1/media/av/sounds kuta-nzuri.wav
2002.02.14 13:38 B d:\doe1\media\av\sounds\la-lala.wav --> lrrc3.plc.upenn.edu d:/kiswahili/doe1/media/av/sounds la-lala.wav
2002.02.14 13:38 B d:\doe1\media\av\sounds\ma-mama.wav --> lrrc3.plc.upenn.edu d:/kiswahili/doe1/media/av/sounds ma-mama.wav
2002.02.14 13:38 B d:\doe1\media\av\sounds\matunda-mazuri.wav --> lrrc3.plc.upenn.edu d:/kiswahili/doe1/media/av/sounds matunda-mazuri.wav
2002.02.14 13:38 B d:\doe1\media\av\sounds\mbu-mbuzi.wav --> lrrc3.plc.upenn.edu d:/kiswahili/doe1/media/av/sounds mbu-mbuzi.wav
2002.02.14 13:38 B d:\doe1\media\av\sounds\mbwa.wav --> lrrc3.plc.upenn.edu d:/kiswahili/doe1/media/av/sounds mbwa.wav
2002.02.14 13:38 B d:\doe1\media\av\sounds\mchana.wav --> lrrc3.plc.upenn.edu d:/kiswahili/doe1/media/av/sounds mchana.wav
2002.02.14 13:38 B d:\doe1\media\av\sounds\mchwa.wav --> lrrc3.plc.upenn.edu d:/kiswahili/doe1/media/av/sounds mchwa.wav
2002.02.14 13:38 B d:\doe1\media\av\sounds\mdudu.wav --> lrrc3.plc.upenn.edu d:/kiswahili/doe1/media/av/sounds mdudu.wav
2002.02.14 13:38 B d:\doe1\media\av\sounds\mfalme.wav --> lrrc3.plc.upenn.edu d:/kiswahili/doe1/media/av/sounds mfalme.wav
2002.02.14 13:38 B d:\doe1\media\av\sounds\mganga.wav --> lrrc3.plc.upenn.edu d:/kiswahili/doe1/media/av/sounds mganga.wav
2002.02.14 13:38 B d:\doe1\media\av\sounds\mhenga.wav --> lrrc3.plc.upenn.edu d:/kiswahili/doe1/media/av/sounds mhenga.wav
2002.02.14 13:38 B d:\doe1\media\av\sounds\miti-mizuri.wav --> lrrc3.plc.upenn.edu d:/kiswahili/doe1/media/av/sounds miti-mizuri.wav
2002.02.14 13:38 B d:\doe1\media\av\sounds\mji.wav --> lrrc3.plc.upenn.edu d:/kiswahili/doe1/media/av/sounds mji.wav
2002.02.14 13:38 B d:\doe1\media\av\sounds\mkia.wav --> lrrc3.plc.upenn.edu d:/kiswahili/doe1/media/av/sounds mkia.wav
2002.02.14 13:38 B d:\doe1\media\av\sounds\mlinzi.wav --> lrrc3.plc.upenn.edu d:/kiswahili/doe1/media/av/sounds mlinzi.wav
2002.02.14 13:38 B d:\doe1\media\av\sounds\mmea.wav --> lrrc3.plc.upenn.edu d:/kiswahili/doe1/media/av/sounds mmea.wav
2002.02.14 13:38 B d:\doe1\media\av\sounds\mnene.wav --> lrrc3.plc.upenn.edu d:/kiswahili/doe1/media/av/sounds mnene.wav
2002.02.14 13:38 B d:\doe1\media\av\sounds\mnyama.wav --> lrrc3.plc.upenn.edu d:/kiswahili/doe1/media/av/sounds mnyama.wav
2002.02.14 13:38 B d:\doe1\media\av\sounds\mpira.wav --> lrrc3.plc.upenn.edu d:/kiswahili/doe1/media/av/sounds mpira.wav
2002.02.14 13:38 B d:\doe1\media\av\sounds\mrefu.wav --> lrrc3.plc.upenn.edu d:/kiswahili/doe1/media/av/sounds mrefu.wav
2002.02.14 13:38 B d:\doe1\media\av\sounds\msitu.wav --> lrrc3.plc.upenn.edu d:/kiswahili/doe1/media/av/sounds msitu.wav
2002.02.14 13:38 B d:\doe1\media\av\sounds\mti-mzuri.wav --> lrrc3.plc.upenn.edu d:/kiswahili/doe1/media/av/sounds mti-mzuri.wav
2002.02.14 13:38 B d:\doe1\media\av\sounds\mtoto-alicheza.wav --> lrrc3.plc.upenn.edu d:/kiswahili/doe1/media/av/sounds mtoto-alicheza.wav
2002.02.14 13:38 B d:\doe1\media\av\sounds\mtoto-anacheza.wav --> lrrc3.plc.upenn.edu d:/kiswahili/doe1/media/av/sounds mtoto-anacheza.wav
2002.02.14 13:38 B d:\doe1\media\av\sounds\mtoto-atacheza.wav --> lrrc3.plc.upenn.edu d:/kiswahili/doe1/media/av/sounds mtoto-atacheza.wav
2002.02.14 13:38 B d:\doe1\media\av\sounds\mtoto-mzuri.wav --> lrrc3.plc.upenn.edu d:/kiswahili/doe1/media/av/sounds mtoto-mzuri.wav
2002.02.14 13:38 B d:\doe1\media\av\sounds\mtoto.wav --> lrrc3.plc.upenn.edu d:/kiswahili/doe1/media/av/sounds mtoto.wav
2002.02.14 13:38 B d:\doe1\media\av\sounds\mvuvi.wav --> lrrc3.plc.upenn.edu d:/kiswahili/doe1/media/av/sounds mvuvi.wav
2002.02.14 13:38 B d:\doe1\media\av\sounds\mwa-mwalimu.wav --> lrrc3.plc.upenn.edu d:/kiswahili/doe1/media/av/sounds mwa-mwalimu.wav
2002.02.14 13:38 B d:\doe1\media\av\sounds\mzazi.wav --> lrrc3.plc.upenn.edu d:/kiswahili/doe1/media/av/sounds mzazi.wav
2002.02.14 13:38 B d:\doe1\media\av\sounds\na-nazi.wav --> lrrc3.plc.upenn.edu d:/kiswahili/doe1/media/av/sounds na-nazi.wav
2002.02.14 13:38 B d:\doe1\media\av\sounds\ncha.wav --> lrrc3.plc.upenn.edu d:/kiswahili/doe1/media/av/sounds ncha.wav
2002.02.14 13:38 B d:\doe1\media\av\sounds\nde-ndege.wav --> lrrc3.plc.upenn.edu d:/kiswahili/doe1/media/av/sounds nde-ndege.wav
2002.02.14 13:38 B d:\doe1\media\av\sounds\ngo-ngoma.wav --> lrrc3.plc.upenn.edu d:/kiswahili/doe1/media/av/sounds ngo-ngoma.wav
2002.02.14 13:38 B d:\doe1\media\av\sounds\ngo-ngombe.wav --> lrrc3.plc.upenn.edu d:/kiswahili/doe1/media/av/sounds ngo-ngombe.wav
2002.02.14 13:38 B d:\doe1\media\av\sounds\number.ra --> lrrc3.plc.upenn.edu d:/kiswahili/doe1/media/av/sounds number.ra
2002.02.14 13:38 B d:\doe1\media\av\sounds\nya-nyanya.wav --> lrrc3.plc.upenn.edu d:/kiswahili/doe1/media/av/sounds nya-nyanya.wav
2002.02.14 13:38 B d:\doe1\media\av\sounds\nyumba-nzuri.wav --> lrrc3.plc.upenn.edu d:/kiswahili/doe1/media/av/sounds nyumba-nzuri.wav
2002.02.14 13:38 B d:\doe1\media\av\sounds\nywele.wav --> lrrc3.plc.upenn.edu d:/kiswahili/doe1/media/av/sounds nywele.wav
2002.02.14 13:39 B d:\doe1\media\av\sounds\o-okota.wav --> lrrc3.plc.upenn.edu d:/kiswahili/doe1/media/av/sounds o-okota.wav
2002.02.14 13:39 B d:\doe1\media\av\sounds\pa-paka.wav --> lrrc3.plc.upenn.edu d:/kiswahili/doe1/media/av/sounds pa-paka.wav
2002.02.14 13:39 B d:\doe1\media\av\sounds\ra-ramani.wav --> lrrc3.plc.upenn.edu d:/kiswahili/doe1/media/av/sounds ra-ramani.wav
2002.02.14 13:39 B d:\doe1\media\av\sounds\radio-nzuri.wav --> lrrc3.plc.upenn.edu d:/kiswahili/doe1/media/av/sounds radio-nzuri.wav
2002.02.14 13:39 B d:\doe1\media\av\sounds\shi-shimo.wav --> lrrc3.plc.upenn.edu d:/kiswahili/doe1/media/av/sounds shi-shimo.wav
2002.02.14 13:39 B d:\doe1\media\av\sounds\so-soko.wav --> lrrc3.plc.upenn.edu d:/kiswahili/doe1/media/av/sounds so-soko.wav
2002.02.14 13:39 B d:\doe1\media\av\sounds\the-theluji.wav --> lrrc3.plc.upenn.edu d:/kiswahili/doe1/media/av/sounds the-theluji.wav
2002.02.14 13:39 B d:\doe1\media\av\sounds\ti-tia.wav --> lrrc3.plc.upenn.edu d:/kiswahili/doe1/media/av/sounds ti-tia.wav
2002.02.14 13:39 B d:\doe1\media\av\sounds\tunda-zuri.wav --> lrrc3.plc.upenn.edu d:/kiswahili/doe1/media/av/sounds tunda-zuri.wav
2002.02.14 13:39 B d:\doe1\media\av\sounds\u-ukuta.wav --> lrrc3.plc.upenn.edu d:/kiswahili/doe1/media/av/sounds u-ukuta.wav
2002.02.14 13:39 B d:\doe1\media\av\sounds\ukuta-mzuri.wav --> lrrc3.plc.upenn.edu d:/kiswahili/doe1/media/av/sounds ukuta-mzuri.wav
2002.02.14 13:39 B d:\doe1\media\av\sounds\vi-vizuri.wav --> lrrc3.plc.upenn.edu d:/kiswahili/doe1/media/av/sounds vi-vizuri.wav
2002.02.14 13:39 B d:\doe1\media\av\sounds\visu-vizuri.wav --> lrrc3.plc.upenn.edu d:/kiswahili/doe1/media/av/sounds visu-vizuri.wav
2002.02.14 13:39 B d:\doe1\media\av\sounds\wa-watu.wav --> lrrc3.plc.upenn.edu d:/kiswahili/doe1/media/av/sounds wa-watu.wav
2002.02.14 13:39 B d:\doe1\media\av\sounds\watoto-wazuri.wav --> lrrc3.plc.upenn.edu d:/kiswahili/doe1/media/av/sounds watoto-wazuri.wav
102.03.25 13:56 B H:\doe1\media\av\sounds\a-alama.html --> www.uga.edu /usr/www/africa/public_html/Kiswahili/doe/media/sounds a-alama.html
102.03.25 13:56 B H:\doe1\media\av\sounds\a-alama.wav --> www.uga.edu /usr/www/africa/public_html/Kiswahili/doe/media/sounds a-alama.wav
102.03.25 13:56 B H:\doe1\media\av\sounds\a-aziya.wav --> www.uga.edu /usr/www/africa/public_html/Kiswahili/doe/media/sounds a-aziya.wav
102.03.25 13:56 B H:\doe1\media\av\sounds\a.wav --> www.uga.edu /usr/www/africa/public_html/Kiswahili/doe/media/sounds a.wav
102.03.25 13:57 B H:\doe1\media\av\sounds\ba-baba.wav --> www.uga.edu /usr/www/africa/public_html/Kiswahili/doe/media/sounds ba-baba.wav
102.03.25 13:57 B H:\doe1\media\av\sounds\bo-bona.wav --> www.uga.edu /usr/www/africa/public_html/Kiswahili/doe/media/sounds bo-bona.wav
102.03.25 13:57 B H:\doe1\media\av\sounds\bu-buzi.wav --> www.uga.edu /usr/www/africa/public_html/Kiswahili/doe/media/sounds bu-buzi.wav
102.03.25 13:57 B H:\doe1\media\av\sounds\bwa-bwana.wav --> www.uga.edu /usr/www/africa/public_html/Kiswahili/doe/media/sounds bwa-bwana.wav
102.03.25 13:57 B H:\doe1\media\av\sounds\cha-chai.wav --> www.uga.edu /usr/www/africa/public_html/Kiswahili/doe/media/sounds cha-chai.wav
102.03.25 13:57 B H:\doe1\media\av\sounds\da-dada.wav --> www.uga.edu /usr/www/africa/public_html/Kiswahili/doe/media/sounds da-dada.wav
102.03.25 13:57 B H:\doe1\media\av\sounds\da-dahabu.wav --> www.uga.edu /usr/www/africa/public_html/Kiswahili/doe/media/sounds da-dahabu.wav
102.03.25 13:57 B H:\doe1\media\av\sounds\da-dari.wav --> www.uga.edu /usr/www/africa/public_html/Kiswahili/doe/media/sounds da-dari.wav
102.03.25 13:57 B H:\doe1\media\av\sounds\de-dege.wav --> www.uga.edu /usr/www/africa/public_html/Kiswahili/doe/media/sounds de-dege.wav
102.03.25 13:57 B H:\doe1\media\av\sounds\dha-dhahabu.wav --> www.uga.edu /usr/www/africa/public_html/Kiswahili/doe/media/sounds dha-dhahabu.wav
102.03.25 13:57 B H:\doe1\media\av\sounds\e-eleza.wav --> www.uga.edu /usr/www/africa/public_html/Kiswahili/doe/media/sounds e-eleza.wav
102.03.25 13:57 B H:\doe1\media\av\sounds\fi-fika.wav --> www.uga.edu /usr/www/africa/public_html/Kiswahili/doe/media/sounds fi-fika.wav
102.03.25 13:57 B H:\doe1\media\av\sounds\gha-ghasia.wav --> www.uga.edu /usr/www/africa/public_html/Kiswahili/doe/media/sounds gha-ghasia.wav
102.03.25 13:57 B H:\doe1\media\av\sounds\go-goma.wav --> www.uga.edu /usr/www/africa/public_html/Kiswahili/doe/media/sounds go-goma.wav
102.03.25 13:57 B H:\doe1\media\av\sounds\ha-habari.wav --> www.uga.edu /usr/www/africa/public_html/Kiswahili/doe/media/sounds ha-habari.wav
102.03.25 13:57 B H:\doe1\media\av\sounds\i-ili.wav --> www.uga.edu /usr/www/africa/public_html/Kiswahili/doe/media/sounds i-ili.wav
102.03.25 13:57 B H:\doe1\media\av\sounds\jambo.ra --> www.uga.edu /usr/www/africa/public_html/Kiswahili/doe/media/sounds jambo.ra
102.03.25 13:57 B H:\doe1\media\av\sounds\jana.wav --> www.uga.edu /usr/www/africa/public_html/Kiswahili/doe/media/sounds jana.wav
102.03.25 13:57 B H:\doe1\media\av\sounds\ka-kaka.wav --> www.uga.edu /usr/www/africa/public_html/Kiswahili/doe/media/sounds ka-kaka.wav
102.03.25 13:57 B H:\doe1\media\av\sounds\kisu-kizuri.wav --> www.uga.edu /usr/www/africa/public_html/Kiswahili/doe/media/sounds kisu-kizuri.wav
102.03.25 13:57 B H:\doe1\media\av\sounds\kiswa1.ra --> www.uga.edu /usr/www/africa/public_html/Kiswahili/doe/media/sounds kiswa1.ra
102.03.25 13:57 B H:\doe1\media\av\sounds\kiswa2.ra --> www.uga.edu /usr/www/africa/public_html/Kiswahili/doe/media/sounds kiswa2.ra
102.03.25 13:57 B H:\doe1\media\av\sounds\kiswa4.ra --> www.uga.edu /usr/www/africa/public_html/Kiswahili/doe/media/sounds kiswa4.ra
102.03.25 13:57 B H:\doe1\media\av\sounds\kiswa7.ra --> www.uga.edu /usr/www/africa/public_html/Kiswahili/doe/media/sounds kiswa7.ra
102.03.25 13:57 B H:\doe1\media\av\sounds\kucheza-kuzuri.wav --> www.uga.edu /usr/www/africa/public_html/Kiswahili/doe/media/sounds kucheza-kuzuri.wav
102.03.25 13:57 B H:\doe1\media\av\sounds\kuta-nzuri.wav --> www.uga.edu /usr/www/africa/public_html/Kiswahili/doe/media/sounds kuta-nzuri.wav
102.03.25 13:57 B H:\doe1\media\av\sounds\la-lala.wav --> www.uga.edu /usr/www/africa/public_html/Kiswahili/doe/media/sounds la-lala.wav
102.03.25 13:57 B H:\doe1\media\av\sounds\ma-mama.wav --> www.uga.edu /usr/www/africa/public_html/Kiswahili/doe/media/sounds ma-mama.wav
102.03.25 13:57 B H:\doe1\media\av\sounds\matuda-mazuri.wav --> www.uga.edu /usr/www/africa/public_html/Kiswahili/doe/media/sounds matuda-mazuri.wav
102.03.25 13:58 B H:\doe1\media\av\sounds\matunda-mazuri.wav --> www.uga.edu /usr/www/africa/public_html/Kiswahili/doe/media/sounds matunda-mazuri.wav
102.03.25 13:58 B H:\doe1\media\av\sounds\mbu-mbuzi.wav --> www.uga.edu /usr/www/africa/public_html/Kiswahili/doe/media/sounds mbu-mbuzi.wav
102.03.25 13:58 B H:\doe1\media\av\sounds\mbwa.wav --> www.uga.edu /usr/www/africa/public_html/Kiswahili/doe/media/sounds mbwa.wav
102.03.25 13:58 B H:\doe1\media\av\sounds\mchana.wav --> www.uga.edu /usr/www/africa/public_html/Kiswahili/doe/media/sounds mchana.wav
102.03.25 13:58 B H:\doe1\media\av\sounds\mchwa.wav --> www.uga.edu /usr/www/africa/public_html/Kiswahili/doe/media/sounds mchwa.wav
102.03.25 13:58 B H:\doe1\media\av\sounds\mdudu.wav --> www.uga.edu /usr/www/africa/public_html/Kiswahili/doe/media/sounds mdudu.wav
102.03.25 13:58 B H:\doe1\media\av\sounds\mfalme.wav --> www.uga.edu /usr/www/africa/public_html/Kiswahili/doe/media/sounds mfalme.wav
102.03.25 13:58 B H:\doe1\media\av\sounds\mganga.wav --> www.uga.edu /usr/www/africa/public_html/Kiswahili/doe/media/sounds mganga.wav
102.03.25 13:58 B H:\doe1\media\av\sounds\mhenga.wav --> www.uga.edu /usr/www/africa/public_html/Kiswahili/doe/media/sounds mhenga.wav
102.03.25 13:58 B H:\doe1\media\av\sounds\miti-mizuri.wav --> www.uga.edu /usr/www/africa/public_html/Kiswahili/doe/media/sounds miti-mizuri.wav
102.03.25 13:58 B H:\doe1\media\av\sounds\mji.wav --> www.uga.edu /usr/www/africa/public_html/Kiswahili/doe/media/sounds mji.wav
102.03.25 13:58 B H:\doe1\media\av\sounds\mkia.wav --> www.uga.edu /usr/www/africa/public_html/Kiswahili/doe/media/sounds mkia.wav
102.03.25 13:58 B H:\doe1\media\av\sounds\mlinzi.wav --> www.uga.edu /usr/www/africa/public_html/Kiswahili/doe/media/sounds mlinzi.wav
102.03.25 13:58 B H:\doe1\media\av\sounds\mmea.wav --> www.uga.edu /usr/www/africa/public_html/Kiswahili/doe/media/sounds mmea.wav
102.03.25 13:58 B H:\doe1\media\av\sounds\mmeya.wav --> www.uga.edu /usr/www/africa/public_html/Kiswahili/doe/media/sounds mmeya.wav
102.03.25 13:58 B H:\doe1\media\av\sounds\mnene.wav --> www.uga.edu /usr/www/africa/public_html/Kiswahili/doe/media/sounds mnene.wav
102.03.25 13:58 B H:\doe1\media\av\sounds\mnjama.wav --> www.uga.edu /usr/www/africa/public_html/Kiswahili/doe/media/sounds mnjama.wav
102.03.25 13:58 B H:\doe1\media\av\sounds\mnyama.wav --> www.uga.edu /usr/www/africa/public_html/Kiswahili/doe/media/sounds mnyama.wav
102.03.25 13:58 B H:\doe1\media\av\sounds\mo-molimu.wav --> www.uga.edu /usr/www/africa/public_html/Kiswahili/doe/media/sounds mo-molimu.wav
102.03.25 13:58 B H:\doe1\media\av\sounds\mpira.wav --> www.uga.edu /usr/www/africa/public_html/Kiswahili/doe/media/sounds mpira.wav
102.03.25 13:58 B H:\doe1\media\av\sounds\mrefu.wav --> www.uga.edu /usr/www/africa/public_html/Kiswahili/doe/media/sounds mrefu.wav
102.03.25 13:58 B H:\doe1\media\av\sounds\msitu.wav --> www.uga.edu /usr/www/africa/public_html/Kiswahili/doe/media/sounds msitu.wav
102.03.25 13:58 B H:\doe1\media\av\sounds\mti-mzuri.wav --> www.uga.edu /usr/www/africa/public_html/Kiswahili/doe/media/sounds mti-mzuri.wav
102.03.25 13:58 B H:\doe1\media\av\sounds\mtoto-alicheza.wav --> www.uga.edu /usr/www/africa/public_html/Kiswahili/doe/media/sounds mtoto-alicheza.wav
102.03.25 13:58 B H:\doe1\media\av\sounds\mtoto-anacheza.wav --> www.uga.edu /usr/www/africa/public_html/Kiswahili/doe/media/sounds mtoto-anacheza.wav
102.03.25 13:58 B H:\doe1\media\av\sounds\mtoto-atacheza.wav --> www.uga.edu /usr/www/africa/public_html/Kiswahili/doe/media/sounds mtoto-atacheza.wav
102.03.25 13:58 B H:\doe1\media\av\sounds\mtoto-mzuri.wav --> www.uga.edu /usr/www/africa/public_html/Kiswahili/doe/media/sounds mtoto-mzuri.wav
102.03.25 13:58 B H:\doe1\media\av\sounds\mtoto.wav --> www.uga.edu /usr/www/africa/public_html/Kiswahili/doe/media/sounds mtoto.wav
102.03.25 13:58 B H:\doe1\media\av\sounds\muchana.wav --> www.uga.edu /usr/www/africa/public_html/Kiswahili/doe/media/sounds muchana.wav
102.03.25 13:58 B H:\doe1\media\av\sounds\mududu.wav --> www.uga.edu /usr/www/africa/public_html/Kiswahili/doe/media/sounds mududu.wav
102.03.25 13:58 B H:\doe1\media\av\sounds\mufalme.wav --> www.uga.edu /usr/www/africa/public_html/Kiswahili/doe/media/sounds mufalme.wav
102.03.25 13:58 B H:\doe1\media\av\sounds\muganga.wav --> www.uga.edu /usr/www/africa/public_html/Kiswahili/doe/media/sounds muganga.wav
102.03.25 13:59 B H:\doe1\media\av\sounds\mugi.wav --> www.uga.edu /usr/www/africa/public_html/Kiswahili/doe/media/sounds mugi.wav
102.03.25 13:59 B H:\doe1\media\av\sounds\muhenga.wav --> www.uga.edu /usr/www/africa/public_html/Kiswahili/doe/media/sounds muhenga.wav
102.03.25 13:59 B H:\doe1\media\av\sounds\mukkiya.wav --> www.uga.edu /usr/www/africa/public_html/Kiswahili/doe/media/sounds mukkiya.wav
102.03.25 13:59 B H:\doe1\media\av\sounds\mulinzi.wav --> www.uga.edu /usr/www/africa/public_html/Kiswahili/doe/media/sounds mulinzi.wav
102.03.25 13:59 B H:\doe1\media\av\sounds\muppira.wav --> www.uga.edu /usr/www/africa/public_html/Kiswahili/doe/media/sounds muppira.wav
102.03.25 13:59 B H:\doe1\media\av\sounds\muucha.wav --> www.uga.edu /usr/www/africa/public_html/Kiswahili/doe/media/sounds muucha.wav
102.03.25 13:59 B H:\doe1\media\av\sounds\muwele.wav --> www.uga.edu /usr/www/africa/public_html/Kiswahili/doe/media/sounds muwele.wav
102.03.25 13:59 B H:\doe1\media\av\sounds\mvovi.wav --> www.uga.edu /usr/www/africa/public_html/Kiswahili/doe/media/sounds mvovi.wav
102.03.25 13:59 B H:\doe1\media\av\sounds\mvuvi.wav --> www.uga.edu /usr/www/africa/public_html/Kiswahili/doe/media/sounds mvuvi.wav
102.03.25 13:59 B H:\doe1\media\av\sounds\mwa-mwalimu.wav --> www.uga.edu /usr/www/africa/public_html/Kiswahili/doe/media/sounds mwa-mwalimu.wav
102.03.25 13:59 B H:\doe1\media\av\sounds\mzazi.wav --> www.uga.edu /usr/www/africa/public_html/Kiswahili/doe/media/sounds mzazi.wav
102.03.25 13:59 B H:\doe1\media\av\sounds\mziitu.wav --> www.uga.edu /usr/www/africa/public_html/Kiswahili/doe/media/sounds mziitu.wav
102.03.25 13:59 B H:\doe1\media\av\sounds\na-nazi.wav --> www.uga.edu /usr/www/africa/public_html/Kiswahili/doe/media/sounds na-nazi.wav
102.03.25 13:59 B H:\doe1\media\av\sounds\ncha.wav --> www.uga.edu /usr/www/africa/public_html/Kiswahili/doe/media/sounds ncha.wav
102.03.25 13:59 B H:\doe1\media\av\sounds\nde-ndege.wav --> www.uga.edu /usr/www/africa/public_html/Kiswahili/doe/media/sounds nde-ndege.wav
102.03.25 13:59 B H:\doe1\media\av\sounds\ngo-ngoma.wav --> www.uga.edu /usr/www/africa/public_html/Kiswahili/doe/media/sounds ngo-ngoma.wav
102.03.25 13:59 B H:\doe1\media\av\sounds\ngo-ngombe.wav --> www.uga.edu /usr/www/africa/public_html/Kiswahili/doe/media/sounds ngo-ngombe.wav
102.03.25 13:59 B H:\doe1\media\av\sounds\nja-njanja.wav --> www.uga.edu /usr/www/africa/public_html/Kiswahili/doe/media/sounds nja-njanja.wav
102.03.25 13:59 B H:\doe1\media\av\sounds\njo-njombe.wav --> www.uga.edu /usr/www/africa/public_html/Kiswahili/doe/media/sounds njo-njombe.wav
102.03.25 13:59 B H:\doe1\media\av\sounds\number.ra --> www.uga.edu /usr/www/africa/public_html/Kiswahili/doe/media/sounds number.ra
102.03.25 13:59 B H:\doe1\media\av\sounds\nya-nyanya.wav --> www.uga.edu /usr/www/africa/public_html/Kiswahili/doe/media/sounds nya-nyanya.wav
102.03.25 13:59 B H:\doe1\media\av\sounds\nyumba-nzuri.wav --> www.uga.edu /usr/www/africa/public_html/Kiswahili/doe/media/sounds nyumba-nzuri.wav
102.03.25 13:59 B H:\doe1\media\av\sounds\nywele.wav --> www.uga.edu /usr/www/africa/public_html/Kiswahili/doe/media/sounds nywele.wav
102.03.25 13:59 B H:\doe1\media\av\sounds\o-okota.wav --> www.uga.edu /usr/www/africa/public_html/Kiswahili/doe/media/sounds o-okota.wav
102.03.25 13:59 B H:\doe1\media\av\sounds\pa-paka.wav --> www.uga.edu /usr/www/africa/public_html/Kiswahili/doe/media/sounds pa-paka.wav
102.03.25 13:59 B H:\doe1\media\av\sounds\ra-ramani.wav --> www.uga.edu /usr/www/africa/public_html/Kiswahili/doe/media/sounds ra-ramani.wav
102.03.25 13:59 B H:\doe1\media\av\sounds\radio-nuzuri.wav --> www.uga.edu /usr/www/africa/public_html/Kiswahili/doe/media/sounds radio-nuzuri.wav
102.03.25 13:59 B H:\doe1\media\av\sounds\radio-nzuri.wav --> www.uga.edu /usr/www/africa/public_html/Kiswahili/doe/media/sounds radio-nzuri.wav
102.03.25 13:59 B H:\doe1\media\av\sounds\sa-savari.wav --> www.uga.edu /usr/www/africa/public_html/Kiswahili/doe/media/sounds sa-savari.wav
102.03.25 13:59 B H:\doe1\media\av\sounds\se-seluji.wav --> www.uga.edu /usr/www/africa/public_html/Kiswahili/doe/media/sounds se-seluji.wav
102.03.25 13:59 B H:\doe1\media\av\sounds\shi-shimo.wav --> www.uga.edu /usr/www/africa/public_html/Kiswahili/doe/media/sounds shi-shimo.wav
102.03.25 13:59 B H:\doe1\media\av\sounds\so-soko.wav --> www.uga.edu /usr/www/africa/public_html/Kiswahili/doe/media/sounds so-soko.wav
102.03.25 14:00 B H:\doe1\media\av\sounds\the-theluji.wav --> www.uga.edu /usr/www/africa/public_html/Kiswahili/doe/media/sounds the-theluji.wav
102.03.25 14:00 B H:\doe1\media\av\sounds\ti-tia.wav --> www.uga.edu /usr/www/africa/public_html/Kiswahili/doe/media/sounds ti-tia.wav
102.03.25 14:00 B H:\doe1\media\av\sounds\ti-tiya.wav --> www.uga.edu /usr/www/africa/public_html/Kiswahili/doe/media/sounds ti-tiya.wav
102.03.25 14:00 B H:\doe1\media\av\sounds\tunda-zuri.wav --> www.uga.edu /usr/www/africa/public_html/Kiswahili/doe/media/sounds tunda-zuri.wav
102.03.25 14:00 B H:\doe1\media\av\sounds\u-ukuta.wav --> www.uga.edu /usr/www/africa/public_html/Kiswahili/doe/media/sounds u-ukuta.wav
102.03.25 14:00 B H:\doe1\media\av\sounds\ukuta-mzuri.wav --> www.uga.edu /usr/www/africa/public_html/Kiswahili/doe/media/sounds ukuta-mzuri.wav
102.03.25 14:00 B H:\doe1\media\av\sounds\va-vatu.wav --> www.uga.edu /usr/www/africa/public_html/Kiswahili/doe/media/sounds va-vatu.wav
102.03.25 14:00 B H:\doe1\media\av\sounds\vatoto-vazuri.wav --> www.uga.edu /usr/www/africa/public_html/Kiswahili/doe/media/sounds vatoto-vazuri.wav
102.03.25 14:00 B H:\doe1\media\av\sounds\vi-vizuri.wav --> www.uga.edu /usr/www/africa/public_html/Kiswahili/doe/media/sounds vi-vizuri.wav
102.03.25 14:00 B H:\doe1\media\av\sounds\visu-vizuri.wav --> www.uga.edu /usr/www/africa/public_html/Kiswahili/doe/media/sounds visu-vizuri.wav
102.03.25 14:00 B H:\doe1\media\av\sounds\vizu-vizuri.wav --> www.uga.edu /usr/www/africa/public_html/Kiswahili/doe/media/sounds vizu-vizuri.wav
102.03.25 14:00 B H:\doe1\media\av\sounds\wa-watu.wav --> www.uga.edu /usr/www/africa/public_html/Kiswahili/doe/media/sounds wa-watu.wav
102.03.25 14:00 B H:\doe1\media\av\sounds\watoto-wazuri.wav --> www.uga.edu /usr/www/africa/public_html/Kiswahili/doe/media/sounds watoto-wazuri.wav
