2003.09.10 10:30 B c:\kiswahili\unit_13\section_B\exercise01.html <-- lrrc3 d:/kiswahili/doe/unit_13/section_B exercise01.html
2003.09.10 10:30 B c:\kiswahili\unit_13\section_B\exercise02.html <-- lrrc3 d:/kiswahili/doe/unit_13/section_B exercise02.html
2003.09.10 10:30 B c:\kiswahili\unit_13\section_B\lesson01.asp <-- lrrc3 d:/kiswahili/doe/unit_13/section_B lesson01.asp
2003.09.10 10:30 B c:\kiswahili\unit_13\section_B\lesson01.html <-- lrrc3 d:/kiswahili/doe/unit_13/section_B lesson01.html
2003.09.10 10:30 B c:\kiswahili\unit_13\section_B\lesson02.asp <-- lrrc3 d:/kiswahili/doe/unit_13/section_B lesson02.asp
2003.09.10 10:30 B c:\kiswahili\unit_13\section_B\lesson02.html <-- lrrc3 d:/kiswahili/doe/unit_13/section_B lesson02.html
2003.09.10 10:30 B c:\kiswahili\unit_13\section_B\peleke3.html <-- lrrc3 d:/kiswahili/doe/unit_13/section_B peleke3.html
2003.09.10 10:30 B c:\kiswahili\unit_13\section_B\peleke3.html.bak <-- lrrc3 d:/kiswahili/doe/unit_13/section_B peleke3.html.bak
2003.09.10 10:30 B c:\kiswahili\unit_13\section_B\peleke4.html <-- lrrc3 d:/kiswahili/doe/unit_13/section_B peleke4.html
2003.09.10 10:30 B c:\kiswahili\unit_13\section_B\peleke4.html.bak <-- lrrc3 d:/kiswahili/doe/unit_13/section_B peleke4.html.bak
2003.09.10 10:31 B C:\kiswahili\unit_13\section_B\exercise01.html --> www.uga.edu /usr/www/africa/public_html/Kiswahili/doe/unit_13/section_B exercise01.html
2003.09.10 10:31 B C:\kiswahili\unit_13\section_B\exercise02.html --> www.uga.edu /usr/www/africa/public_html/Kiswahili/doe/unit_13/section_B exercise02.html
2003.09.10 10:31 B C:\kiswahili\unit_13\section_B\lesson01.asp --> www.uga.edu /usr/www/africa/public_html/Kiswahili/doe/unit_13/section_B lesson01.asp
2003.09.10 10:31 B C:\kiswahili\unit_13\section_B\lesson01.html --> www.uga.edu /usr/www/africa/public_html/Kiswahili/doe/unit_13/section_B lesson01.html
2003.09.10 10:31 B C:\kiswahili\unit_13\section_B\lesson02.asp --> www.uga.edu /usr/www/africa/public_html/Kiswahili/doe/unit_13/section_B lesson02.asp
2003.09.10 10:31 B C:\kiswahili\unit_13\section_B\lesson02.html --> www.uga.edu /usr/www/africa/public_html/Kiswahili/doe/unit_13/section_B lesson02.html
2003.09.10 10:31 B C:\kiswahili\unit_13\section_B\peleke3.html --> www.uga.edu /usr/www/africa/public_html/Kiswahili/doe/unit_13/section_B peleke3.html
2003.09.10 10:31 B C:\kiswahili\unit_13\section_B\peleke3.html.bak --> www.uga.edu /usr/www/africa/public_html/Kiswahili/doe/unit_13/section_B peleke3.html.bak
2003.09.10 10:31 B C:\kiswahili\unit_13\section_B\peleke4.html --> www.uga.edu /usr/www/africa/public_html/Kiswahili/doe/unit_13/section_B peleke4.html
2003.09.10 10:31 B C:\kiswahili\unit_13\section_B\peleke4.html.bak --> www.uga.edu /usr/www/africa/public_html/Kiswahili/doe/unit_13/section_B peleke4.html.bak
2003.09.10 10:31 B C:\kiswahili\unit_13\section_B\WS_FTP.LOG --> www.uga.edu /usr/www/africa/public_html/Kiswahili/doe/unit_13/section_B WS_FTP.LOG
2003.09.10 10:34 B C:\kiswahili\unit_13\section_B\lesson01.html --> www.uga.edu /usr/www/africa/public_html/Kiswahili/doe/unit_13/section_B lesson01.html
2003.09.10 10:34 B C:\kiswahili\unit_13\section_B\lesson01.html.bak --> www.uga.edu /usr/www/africa/public_html/Kiswahili/doe/unit_13/section_B lesson01.html.bak
2003.09.10 10:34 B C:\kiswahili\unit_13\section_B\lesson02.html --> www.uga.edu /usr/www/africa/public_html/Kiswahili/doe/unit_13/section_B lesson02.html
2003.09.10 10:34 B C:\kiswahili\unit_13\section_B\lesson02.html.bak --> www.uga.edu /usr/www/africa/public_html/Kiswahili/doe/unit_13/section_B lesson02.html.bak
2003.09.10 10:34 B C:\kiswahili\unit_13\section_B\WS_FTP.LOG --> www.uga.edu /usr/www/africa/public_html/Kiswahili/doe/unit_13/section_B WS_FTP.LOG
2003.09.10 10:36 B C:\kiswahili\unit_13\section_B\lesson01.html --> www.uga.edu /usr/www/africa/public_html/Kiswahili/doe/unit_13/section_B lesson01.html
2003.09.10 10:36 B C:\kiswahili\unit_13\section_B\lesson01.html.bak --> www.uga.edu /usr/www/africa/public_html/Kiswahili/doe/unit_13/section_B lesson01.html.bak
2003.09.10 10:36 B C:\kiswahili\unit_13\section_B\lesson02.html --> www.uga.edu /usr/www/africa/public_html/Kiswahili/doe/unit_13/section_B lesson02.html
2003.09.10 10:36 B C:\kiswahili\unit_13\section_B\lesson02.html.bak --> www.uga.edu /usr/www/africa/public_html/Kiswahili/doe/unit_13/section_B lesson02.html.bak
2003.09.10 10:36 B C:\kiswahili\unit_13\section_B\WS_FTP.LOG --> www.uga.edu /usr/www/africa/public_html/Kiswahili/doe/unit_13/section_B WS_FTP.LOG
2003.09.10 10:40 B C:\kiswahili\unit_13\section_B\lesson01.html --> www.uga.edu /usr/www/africa/public_html/Kiswahili/doe/unit_13/section_B lesson01.html
2003.09.10 10:40 B C:\kiswahili\unit_13\section_B\lesson01.html.bak --> www.uga.edu /usr/www/africa/public_html/Kiswahili/doe/unit_13/section_B lesson01.html.bak
2003.09.10 10:40 B C:\kiswahili\unit_13\section_B\lesson02.html --> www.uga.edu /usr/www/africa/public_html/Kiswahili/doe/unit_13/section_B lesson02.html
2003.09.10 10:40 B C:\kiswahili\unit_13\section_B\lesson02.html.bak --> www.uga.edu /usr/www/africa/public_html/Kiswahili/doe/unit_13/section_B lesson02.html.bak
