2002.01.24 10:41 B D:\doe1\media\av\Unit06\Audio\u06l01a.mov --> lrrc3.plc.upenn.edu d:/kiswahili/doe1/media/av/Unit06/Audio u06l01a.mov
2002.01.24 10:41 B D:\doe1\media\av\Unit06\Audio\u06l01b.mov --> lrrc3.plc.upenn.edu d:/kiswahili/doe1/media/av/Unit06/Audio u06l01b.mov
2002.01.24 10:41 B D:\doe1\media\av\Unit06\Audio\u06l01c.mov --> lrrc3.plc.upenn.edu d:/kiswahili/doe1/media/av/Unit06/Audio u06l01c.mov
2002.01.24 10:41 B D:\doe1\media\av\Unit06\Audio\u06l01d.mov --> lrrc3.plc.upenn.edu d:/kiswahili/doe1/media/av/Unit06/Audio u06l01d.mov
2002.01.24 10:41 B D:\doe1\media\av\Unit06\Audio\u06l01e.mov --> lrrc3.plc.upenn.edu d:/kiswahili/doe1/media/av/Unit06/Audio u06l01e.mov
2002.01.24 10:41 B D:\doe1\media\av\Unit06\Audio\u06l01f.mov --> lrrc3.plc.upenn.edu d:/kiswahili/doe1/media/av/Unit06/Audio u06l01f.mov
2002.01.24 10:41 B D:\doe1\media\av\Unit06\Audio\u06l01i.mov --> lrrc3.plc.upenn.edu d:/kiswahili/doe1/media/av/Unit06/Audio u06l01i.mov
2002.01.24 10:41 B D:\doe1\media\av\Unit06\Audio\u06l01j.mov --> lrrc3.plc.upenn.edu d:/kiswahili/doe1/media/av/Unit06/Audio u06l01j.mov
2002.01.24 10:41 B D:\doe1\media\av\Unit06\Audio\u06l01k.mov --> lrrc3.plc.upenn.edu d:/kiswahili/doe1/media/av/Unit06/Audio u06l01k.mov
2002.01.24 10:41 B D:\doe1\media\av\Unit06\Audio\u06l01l.mov --> lrrc3.plc.upenn.edu d:/kiswahili/doe1/media/av/Unit06/Audio u06l01l.mov
2002.01.24 10:41 B D:\doe1\media\av\Unit06\Audio\u06l01n.mov --> lrrc3.plc.upenn.edu d:/kiswahili/doe1/media/av/Unit06/Audio u06l01n.mov
2002.01.24 10:41 B D:\doe1\media\av\Unit06\Audio\u06l01o.mov --> lrrc3.plc.upenn.edu d:/kiswahili/doe1/media/av/Unit06/Audio u06l01o.mov
2002.01.24 10:41 B D:\doe1\media\av\Unit06\Audio\u06l01p.mov --> lrrc3.plc.upenn.edu d:/kiswahili/doe1/media/av/Unit06/Audio u06l01p.mov
2002.01.24 10:41 B D:\doe1\media\av\Unit06\Audio\u06l01r.mov --> lrrc3.plc.upenn.edu d:/kiswahili/doe1/media/av/Unit06/Audio u06l01r.mov
2002.01.24 10:41 B D:\doe1\media\av\Unit06\Audio\u06l01s.mov --> lrrc3.plc.upenn.edu d:/kiswahili/doe1/media/av/Unit06/Audio u06l01s.mov
2002.01.24 10:41 B D:\doe1\media\av\Unit06\Audio\u06l01t.mov --> lrrc3.plc.upenn.edu d:/kiswahili/doe1/media/av/Unit06/Audio u06l01t.mov
2002.01.24 10:41 B D:\doe1\media\av\Unit06\Audio\u06l01u.mov --> lrrc3.plc.upenn.edu d:/kiswahili/doe1/media/av/Unit06/Audio u06l01u.mov
2002.01.24 10:41 B D:\doe1\media\av\Unit06\Audio\u06l01v.mov --> lrrc3.plc.upenn.edu d:/kiswahili/doe1/media/av/Unit06/Audio u06l01v.mov
2002.01.24 10:41 B D:\doe1\media\av\Unit06\Audio\u06l02a.mov --> lrrc3.plc.upenn.edu d:/kiswahili/doe1/media/av/Unit06/Audio u06l02a.mov
2002.01.24 10:41 B D:\doe1\media\av\Unit06\Audio\u06l03a.mov --> lrrc3.plc.upenn.edu d:/kiswahili/doe1/media/av/Unit06/Audio u06l03a.mov
2002.01.24 10:41 B D:\doe1\media\av\Unit06\Audio\u06l03b.mov --> lrrc3.plc.upenn.edu d:/kiswahili/doe1/media/av/Unit06/Audio u06l03b.mov
2002.01.24 10:41 B D:\doe1\media\av\Unit06\Audio\u06l03c.mov --> lrrc3.plc.upenn.edu d:/kiswahili/doe1/media/av/Unit06/Audio u06l03c.mov
2002.01.24 10:41 B D:\doe1\media\av\Unit06\Audio\u06l03d.mov --> lrrc3.plc.upenn.edu d:/kiswahili/doe1/media/av/Unit06/Audio u06l03d.mov
2002.01.24 10:41 B D:\doe1\media\av\Unit06\Audio\u06l03g.mov --> lrrc3.plc.upenn.edu d:/kiswahili/doe1/media/av/Unit06/Audio u06l03g.mov
2002.01.24 10:41 B D:\doe1\media\av\Unit06\Audio\u06l03k.mov --> lrrc3.plc.upenn.edu d:/kiswahili/doe1/media/av/Unit06/Audio u06l03k.mov
2002.01.24 10:41 B D:\doe1\media\av\Unit06\Audio\u06l03l.mov --> lrrc3.plc.upenn.edu d:/kiswahili/doe1/media/av/Unit06/Audio u06l03l.mov
2002.01.24 10:41 B D:\doe1\media\av\Unit06\Audio\u06l03m.mov --> lrrc3.plc.upenn.edu d:/kiswahili/doe1/media/av/Unit06/Audio u06l03m.mov
2002.01.24 10:41 B D:\doe1\media\av\Unit06\Audio\u06l03n.mov --> lrrc3.plc.upenn.edu d:/kiswahili/doe1/media/av/Unit06/Audio u06l03n.mov
2002.01.24 10:41 B D:\doe1\media\av\Unit06\Audio\u06l03o.mov --> lrrc3.plc.upenn.edu d:/kiswahili/doe1/media/av/Unit06/Audio u06l03o.mov
2002.01.24 10:41 B D:\doe1\media\av\Unit06\Audio\u06l04a.mov --> lrrc3.plc.upenn.edu d:/kiswahili/doe1/media/av/Unit06/Audio u06l04a.mov
2002.01.24 10:41 B D:\doe1\media\av\Unit06\Audio\u06l04b.mov --> lrrc3.plc.upenn.edu d:/kiswahili/doe1/media/av/Unit06/Audio u06l04b.mov
2002.01.24 10:41 B D:\doe1\media\av\Unit06\Audio\u06l04c.mov --> lrrc3.plc.upenn.edu d:/kiswahili/doe1/media/av/Unit06/Audio u06l04c.mov
2002.01.24 10:41 B D:\doe1\media\av\Unit06\Audio\u06l04d.mov --> lrrc3.plc.upenn.edu d:/kiswahili/doe1/media/av/Unit06/Audio u06l04d.mov
2002.03.25 14:46 B d:\doe1\media\av\Unit06\Audio\u06l01a.mov --> www.uga.edu /usr/www/africa/public_html/Kiswahili/doe/media/av/Unit06/Audio u06l01a.mov
2002.03.25 14:46 B d:\doe1\media\av\Unit06\Audio\u06l01b.mov --> www.uga.edu /usr/www/africa/public_html/Kiswahili/doe/media/av/Unit06/Audio u06l01b.mov
2002.03.25 14:46 B d:\doe1\media\av\Unit06\Audio\u06l01c.mov --> www.uga.edu /usr/www/africa/public_html/Kiswahili/doe/media/av/Unit06/Audio u06l01c.mov
2002.03.25 14:46 B d:\doe1\media\av\Unit06\Audio\u06l01d.mov --> www.uga.edu /usr/www/africa/public_html/Kiswahili/doe/media/av/Unit06/Audio u06l01d.mov
2002.03.25 14:46 B d:\doe1\media\av\Unit06\Audio\u06l01e.mov --> www.uga.edu /usr/www/africa/public_html/Kiswahili/doe/media/av/Unit06/Audio u06l01e.mov
2002.03.25 14:46 B d:\doe1\media\av\Unit06\Audio\u06l01f.mov --> www.uga.edu /usr/www/africa/public_html/Kiswahili/doe/media/av/Unit06/Audio u06l01f.mov
2002.03.25 14:46 B d:\doe1\media\av\Unit06\Audio\u06l01i.mov --> www.uga.edu /usr/www/africa/public_html/Kiswahili/doe/media/av/Unit06/Audio u06l01i.mov
2002.03.25 14:46 B d:\doe1\media\av\Unit06\Audio\u06l01j.mov --> www.uga.edu /usr/www/africa/public_html/Kiswahili/doe/media/av/Unit06/Audio u06l01j.mov
2002.03.25 14:46 B d:\doe1\media\av\Unit06\Audio\u06l01k.mov --> www.uga.edu /usr/www/africa/public_html/Kiswahili/doe/media/av/Unit06/Audio u06l01k.mov
2002.03.25 14:46 B d:\doe1\media\av\Unit06\Audio\u06l01l.mov --> www.uga.edu /usr/www/africa/public_html/Kiswahili/doe/media/av/Unit06/Audio u06l01l.mov
2002.03.25 14:46 B d:\doe1\media\av\Unit06\Audio\u06l01n.mov --> www.uga.edu /usr/www/africa/public_html/Kiswahili/doe/media/av/Unit06/Audio u06l01n.mov
2002.03.25 14:46 B d:\doe1\media\av\Unit06\Audio\u06l01o.mov --> www.uga.edu /usr/www/africa/public_html/Kiswahili/doe/media/av/Unit06/Audio u06l01o.mov
2002.03.25 14:46 B d:\doe1\media\av\Unit06\Audio\u06l01p.mov --> www.uga.edu /usr/www/africa/public_html/Kiswahili/doe/media/av/Unit06/Audio u06l01p.mov
2002.03.25 14:46 B d:\doe1\media\av\Unit06\Audio\u06l01r.mov --> www.uga.edu /usr/www/africa/public_html/Kiswahili/doe/media/av/Unit06/Audio u06l01r.mov
2002.03.25 14:46 B d:\doe1\media\av\Unit06\Audio\u06l01s.mov --> www.uga.edu /usr/www/africa/public_html/Kiswahili/doe/media/av/Unit06/Audio u06l01s.mov
2002.03.25 14:46 B d:\doe1\media\av\Unit06\Audio\u06l01t.mov --> www.uga.edu /usr/www/africa/public_html/Kiswahili/doe/media/av/Unit06/Audio u06l01t.mov
2002.03.25 14:46 B d:\doe1\media\av\Unit06\Audio\u06l01u.mov --> www.uga.edu /usr/www/africa/public_html/Kiswahili/doe/media/av/Unit06/Audio u06l01u.mov
2002.03.25 14:46 B d:\doe1\media\av\Unit06\Audio\u06l01v.mov --> www.uga.edu /usr/www/africa/public_html/Kiswahili/doe/media/av/Unit06/Audio u06l01v.mov
2002.03.25 14:46 B d:\doe1\media\av\Unit06\Audio\u06l02a.mov --> www.uga.edu /usr/www/africa/public_html/Kiswahili/doe/media/av/Unit06/Audio u06l02a.mov
2002.03.25 14:46 B d:\doe1\media\av\Unit06\Audio\u06l03a.mov --> www.uga.edu /usr/www/africa/public_html/Kiswahili/doe/media/av/Unit06/Audio u06l03a.mov
2002.03.25 14:46 B d:\doe1\media\av\Unit06\Audio\u06l03b.mov --> www.uga.edu /usr/www/africa/public_html/Kiswahili/doe/media/av/Unit06/Audio u06l03b.mov
2002.03.25 14:46 B d:\doe1\media\av\Unit06\Audio\u06l03c.mov --> www.uga.edu /usr/www/africa/public_html/Kiswahili/doe/media/av/Unit06/Audio u06l03c.mov
2002.03.25 14:46 B d:\doe1\media\av\Unit06\Audio\u06l03d.mov --> www.uga.edu /usr/www/africa/public_html/Kiswahili/doe/media/av/Unit06/Audio u06l03d.mov
2002.03.25 14:46 B d:\doe1\media\av\Unit06\Audio\u06l03g.mov --> www.uga.edu /usr/www/africa/public_html/Kiswahili/doe/media/av/Unit06/Audio u06l03g.mov
2002.03.25 14:46 B d:\doe1\media\av\Unit06\Audio\u06l03k.mov --> www.uga.edu /usr/www/africa/public_html/Kiswahili/doe/media/av/Unit06/Audio u06l03k.mov
2002.03.25 14:46 B d:\doe1\media\av\Unit06\Audio\u06l03l.mov --> www.uga.edu /usr/www/africa/public_html/Kiswahili/doe/media/av/Unit06/Audio u06l03l.mov
2002.03.25 14:46 B d:\doe1\media\av\Unit06\Audio\u06l03m.mov --> www.uga.edu /usr/www/africa/public_html/Kiswahili/doe/media/av/Unit06/Audio u06l03m.mov
2002.03.25 14:46 B d:\doe1\media\av\Unit06\Audio\u06l03n.mov --> www.uga.edu /usr/www/africa/public_html/Kiswahili/doe/media/av/Unit06/Audio u06l03n.mov
2002.03.25 14:46 B d:\doe1\media\av\Unit06\Audio\u06l03o.mov --> www.uga.edu /usr/www/africa/public_html/Kiswahili/doe/media/av/Unit06/Audio u06l03o.mov
2002.03.25 14:46 B d:\doe1\media\av\Unit06\Audio\u06l04a.mov --> www.uga.edu /usr/www/africa/public_html/Kiswahili/doe/media/av/Unit06/Audio u06l04a.mov
2002.03.25 14:46 B d:\doe1\media\av\Unit06\Audio\u06l04b.mov --> www.uga.edu /usr/www/africa/public_html/Kiswahili/doe/media/av/Unit06/Audio u06l04b.mov
2002.03.25 14:46 B d:\doe1\media\av\Unit06\Audio\u06l04c.mov --> www.uga.edu /usr/www/africa/public_html/Kiswahili/doe/media/av/Unit06/Audio u06l04c.mov
2002.03.25 14:46 B d:\doe1\media\av\Unit06\Audio\u06l04d.mov --> www.uga.edu /usr/www/africa/public_html/Kiswahili/doe/media/av/Unit06/Audio u06l04d.mov
