2002.01.24 10:37 B D:\doe1\media\av\Unit03\Audio\u03l01a.mov --> lrrc3.plc.upenn.edu d:/kiswahili/doe1/media/av/Unit03/Audio u03l01a.mov
2002.01.24 10:37 B D:\doe1\media\av\Unit03\Audio\u03l01b.mov --> lrrc3.plc.upenn.edu d:/kiswahili/doe1/media/av/Unit03/Audio u03l01b.mov
2002.01.24 10:37 B D:\doe1\media\av\Unit03\Audio\u03l01c.mov --> lrrc3.plc.upenn.edu d:/kiswahili/doe1/media/av/Unit03/Audio u03l01c.mov
2002.01.24 10:37 B D:\doe1\media\av\Unit03\Audio\u03l01d.mov --> lrrc3.plc.upenn.edu d:/kiswahili/doe1/media/av/Unit03/Audio u03l01d.mov
2002.01.24 10:37 B D:\doe1\media\av\Unit03\Audio\u03l02a.mov --> lrrc3.plc.upenn.edu d:/kiswahili/doe1/media/av/Unit03/Audio u03l02a.mov
2002.01.24 10:37 B D:\doe1\media\av\Unit03\Audio\u03l02b.mov --> lrrc3.plc.upenn.edu d:/kiswahili/doe1/media/av/Unit03/Audio u03l02b.mov
2002.01.24 10:37 B D:\doe1\media\av\Unit03\Audio\u03l02c.mov --> lrrc3.plc.upenn.edu d:/kiswahili/doe1/media/av/Unit03/Audio u03l02c.mov
2002.01.24 10:37 B D:\doe1\media\av\Unit03\Audio\u03l02d.mov --> lrrc3.plc.upenn.edu d:/kiswahili/doe1/media/av/Unit03/Audio u03l02d.mov
2002.01.24 10:37 B D:\doe1\media\av\Unit03\Audio\u03l02e.mov --> lrrc3.plc.upenn.edu d:/kiswahili/doe1/media/av/Unit03/Audio u03l02e.mov
2002.01.24 10:37 B D:\doe1\media\av\Unit03\Audio\u03l03a.mov --> lrrc3.plc.upenn.edu d:/kiswahili/doe1/media/av/Unit03/Audio u03l03a.mov
2002.01.24 10:37 B D:\doe1\media\av\Unit03\Audio\u03l03b.mov --> lrrc3.plc.upenn.edu d:/kiswahili/doe1/media/av/Unit03/Audio u03l03b.mov
2002.01.24 10:37 B D:\doe1\media\av\Unit03\Audio\u03l03c.mov --> lrrc3.plc.upenn.edu d:/kiswahili/doe1/media/av/Unit03/Audio u03l03c.mov
2002.01.24 10:37 B D:\doe1\media\av\Unit03\Audio\u03l03d.mov --> lrrc3.plc.upenn.edu d:/kiswahili/doe1/media/av/Unit03/Audio u03l03d.mov
2002.01.24 10:37 B D:\doe1\media\av\Unit03\Audio\u03l03e.mov --> lrrc3.plc.upenn.edu d:/kiswahili/doe1/media/av/Unit03/Audio u03l03e.mov
2002.01.24 10:37 B D:\doe1\media\av\Unit03\Audio\u03l03f.mov --> lrrc3.plc.upenn.edu d:/kiswahili/doe1/media/av/Unit03/Audio u03l03f.mov
2002.01.24 10:37 B D:\doe1\media\av\Unit03\Audio\u03l03g.mov --> lrrc3.plc.upenn.edu d:/kiswahili/doe1/media/av/Unit03/Audio u03l03g.mov
2002.01.24 10:37 B D:\doe1\media\av\Unit03\Audio\u03l03h.mov --> lrrc3.plc.upenn.edu d:/kiswahili/doe1/media/av/Unit03/Audio u03l03h.mov
2002.01.24 10:37 B D:\doe1\media\av\Unit03\Audio\u03l03i.mov --> lrrc3.plc.upenn.edu d:/kiswahili/doe1/media/av/Unit03/Audio u03l03i.mov
2002.01.24 10:37 B D:\doe1\media\av\Unit03\Audio\u03l03j.mov --> lrrc3.plc.upenn.edu d:/kiswahili/doe1/media/av/Unit03/Audio u03l03j.mov
2002.01.24 10:37 B D:\doe1\media\av\Unit03\Audio\u03l03k.mov --> lrrc3.plc.upenn.edu d:/kiswahili/doe1/media/av/Unit03/Audio u03l03k.mov
2002.03.25 14:38 B d:\doe1\media\av\Unit03\Audio\u03l01a.mov --> www.uga.edu /usr/www/africa/public_html/Kiswahili/doe/media/av/Unit03/Audio u03l01a.mov
2002.03.25 14:38 B d:\doe1\media\av\Unit03\Audio\u03l01b.mov --> www.uga.edu /usr/www/africa/public_html/Kiswahili/doe/media/av/Unit03/Audio u03l01b.mov
2002.03.25 14:38 B d:\doe1\media\av\Unit03\Audio\u03l01c.mov --> www.uga.edu /usr/www/africa/public_html/Kiswahili/doe/media/av/Unit03/Audio u03l01c.mov
2002.03.25 14:38 B d:\doe1\media\av\Unit03\Audio\u03l01d.mov --> www.uga.edu /usr/www/africa/public_html/Kiswahili/doe/media/av/Unit03/Audio u03l01d.mov
2002.03.25 14:38 B d:\doe1\media\av\Unit03\Audio\u03l02a.mov --> www.uga.edu /usr/www/africa/public_html/Kiswahili/doe/media/av/Unit03/Audio u03l02a.mov
2002.03.25 14:38 B d:\doe1\media\av\Unit03\Audio\u03l02b.mov --> www.uga.edu /usr/www/africa/public_html/Kiswahili/doe/media/av/Unit03/Audio u03l02b.mov
2002.03.25 14:38 B d:\doe1\media\av\Unit03\Audio\u03l02c.mov --> www.uga.edu /usr/www/africa/public_html/Kiswahili/doe/media/av/Unit03/Audio u03l02c.mov
2002.03.25 14:38 B d:\doe1\media\av\Unit03\Audio\u03l02d.mov --> www.uga.edu /usr/www/africa/public_html/Kiswahili/doe/media/av/Unit03/Audio u03l02d.mov
2002.03.25 14:38 B d:\doe1\media\av\Unit03\Audio\u03l02e.mov --> www.uga.edu /usr/www/africa/public_html/Kiswahili/doe/media/av/Unit03/Audio u03l02e.mov
2002.03.25 14:38 B d:\doe1\media\av\Unit03\Audio\u03l03a.mov --> www.uga.edu /usr/www/africa/public_html/Kiswahili/doe/media/av/Unit03/Audio u03l03a.mov
2002.03.25 14:38 B d:\doe1\media\av\Unit03\Audio\u03l03b.mov --> www.uga.edu /usr/www/africa/public_html/Kiswahili/doe/media/av/Unit03/Audio u03l03b.mov
2002.03.25 14:38 B d:\doe1\media\av\Unit03\Audio\u03l03c.mov --> www.uga.edu /usr/www/africa/public_html/Kiswahili/doe/media/av/Unit03/Audio u03l03c.mov
2002.03.25 14:38 B d:\doe1\media\av\Unit03\Audio\u03l03d.mov --> www.uga.edu /usr/www/africa/public_html/Kiswahili/doe/media/av/Unit03/Audio u03l03d.mov
2002.03.25 14:38 B d:\doe1\media\av\Unit03\Audio\u03l03e.mov --> www.uga.edu /usr/www/africa/public_html/Kiswahili/doe/media/av/Unit03/Audio u03l03e.mov
2002.03.25 14:38 B d:\doe1\media\av\Unit03\Audio\u03l03f.mov --> www.uga.edu /usr/www/africa/public_html/Kiswahili/doe/media/av/Unit03/Audio u03l03f.mov
2002.03.25 14:38 B d:\doe1\media\av\Unit03\Audio\u03l03g.mov --> www.uga.edu /usr/www/africa/public_html/Kiswahili/doe/media/av/Unit03/Audio u03l03g.mov
2002.03.25 14:38 B d:\doe1\media\av\Unit03\Audio\u03l03h.mov --> www.uga.edu /usr/www/africa/public_html/Kiswahili/doe/media/av/Unit03/Audio u03l03h.mov
2002.03.25 14:38 B d:\doe1\media\av\Unit03\Audio\u03l03i.mov --> www.uga.edu /usr/www/africa/public_html/Kiswahili/doe/media/av/Unit03/Audio u03l03i.mov
2002.03.25 14:38 B d:\doe1\media\av\Unit03\Audio\u03l03j.mov --> www.uga.edu /usr/www/africa/public_html/Kiswahili/doe/media/av/Unit03/Audio u03l03j.mov
2002.03.25 14:38 B d:\doe1\media\av\Unit03\Audio\u03l03k.mov --> www.uga.edu /usr/www/africa/public_html/Kiswahili/doe/media/av/Unit03/Audio u03l03k.mov
